
RP/0/RSP0/CPU0:AGG-HCMQ0722#admin show invent
Tue Sep 20 17:03:04.815 GMT
NAME: "module 0/RSP0/CPU0", DESCR: "ASR9K Route Switch Processor with 440G/slot Fabric and 6GB"
PID: A9K-RSP440-TR, VID: V09, SN: FOC2035NZR4

NAME: "module 0/RSP1/CPU0", DESCR: "ASR9K Route Switch Processor with 440G/slot Fabric and 6GB"
PID: A9K-RSP440-TR, VID: V09, SN: FOC2035NZQP

NAME: "fantray 0/FT0/SP", DESCR: "ASR-9006 Fan Tray V2"
PID: ASR-9006-FAN-V2, VID: V01, SN: FOC2035NS4P

NAME: "fan0 0/FT0/SP", DESCR: "ASR9K Generic Fan"
PID: N/A, VID: N/A, SN: 

NAME: "fan1 0/FT0/SP", DESCR: "ASR9K Generic Fan"
PID: N/A, VID: N/A, SN: 

NAME: "fan2 0/FT0/SP", DESCR: "ASR9K Generic Fan"
PID: N/A, VID: N/A, SN: 

NAME: "fan3 0/FT0/SP", DESCR: "ASR9K Generic Fan"
PID: N/A, VID: N/A, SN: 

NAME: "fan4 0/FT0/SP", DESCR: "ASR9K Generic Fan"
PID: N/A, VID: N/A, SN: 

NAME: "fan5 0/FT0/SP", DESCR: "ASR9K Generic Fan"
PID: N/A, VID: N/A, SN: 

NAME: "fantray 0/FT1/SP", DESCR: "ASR-9006 Fan Tray V2"
PID: ASR-9006-FAN-V2, VID: V01, SN: FOC2035NS3Q

NAME: "fan0 0/FT1/SP", DESCR: "ASR9K Generic Fan"
PID: N/A, VID: N/A, SN: 

NAME: "fan1 0/FT1/SP", DESCR: "ASR9K Generic Fan"
PID: N/A, VID: N/A, SN: 

NAME: "fan2 0/FT1/SP", DESCR: "ASR9K Generic Fan"
PID: N/A, VID: N/A, SN: 

NAME: "fan3 0/FT1/SP", DESCR: "ASR9K Generic Fan"
PID: N/A, VID: N/A, SN: 

NAME: "fan4 0/FT1/SP", DESCR: "ASR9K Generic Fan"
PID: N/A, VID: N/A, SN: 

NAME: "fan5 0/FT1/SP", DESCR: "ASR9K Generic Fan"
PID: N/A, VID: N/A, SN: 

NAME: "module 0/0/CPU0", DESCR: "20-Port, 16x1GE_4xT Packet Transport Optimized LC"
PID: A9K-4T16GE-TR, VID: V02, SN: FOC2031NGNQ

NAME: "module mau GigabitEthernet0/0/CPU0/0", DESCR: "1000BASE-LX/LH SFP transceiver module, MMF/SMF, 1310nm, DOM"
PID: GLC-LH-SMD         , VID: V01 , SN: FC1611121003    

NAME: "module mau GigabitEthernet0/0/CPU0/1", DESCR: "1000BASE-LX/LH SFP transceiver module, MMF/SMF, 1310nm, DOM"
PID: GLC-LH-SMD         , VID: V01 , SN: FC1611121009    

NAME: "GigabitEthernet0/0/0/15", DESCR: "Non-Cisco OEM SFP 1G Pluggable Optics Module"
PID: LT-COPPER-SFP, VID: 1., SN: LTCGSFP160800026

NAME: "module mau TenGigE0/0/CPU0/16", DESCR: "10GBASE-ER 1550nm SMF 40KM"
PID: SFP-10G-ER         , VID: V02 , SN: FC1611131097    

NAME: "module mau TenGigE0/0/CPU0/17", DESCR: "10GBASE-LR SFP+ Module for SMF"
PID: SFP-10G-LR         , VID: V02 , SN: FC1611130720    

NAME: "module mau TenGigE0/0/CPU0/18", DESCR: "10GBASE-LR SFP+ Module for SMF"
PID: SFP-10G-LR         , VID: V02 , SN: FC1611130231    

NAME: "module mau TenGigE0/0/CPU0/19", DESCR: "10GBASE-LR SFP+ Module for SMF"
PID: SFP-10G-LR         , VID: V02 , SN: FC1611130210    

NAME: "module 0/1/CPU0", DESCR: "24X10G/1G Packet Transport Optimized LC"
PID: A9K-24X10GE-1G-TR, VID: V04, SN: FOC2423N68R

NAME: "TenGigE0/1/0/2", DESCR: "Non-Cisco ModuleTek SFP+ 10G Pluggable Optics Module"
PID: SFP-10G-LR, VID: N/A, SN: 10GLR20050474   

NAME: "TenGigE0/1/0/3", DESCR: "Non-Cisco ModuleTek SFP+ 10G Pluggable Optics Module"
PID: SFP-10G-LR, VID: N/A, SN: 10GLR20050506   

NAME: "TenGigE0/1/0/4", DESCR: "Non-Cisco ModuleTek SFP+ 10G Pluggable Optics Module"
PID: SFP-10G-LR, VID: N/A, SN: 10GLR20050434   

NAME: "TenGigE0/1/0/7", DESCR: "Non-Cisco ModuleTek SFP+ 10G Pluggable Optics Module"
PID: SFP-10G-LR, VID: N/A, SN: 10GLR20050463   

NAME: "power-module 0/PS0/M0/SP", DESCR: "2kW DC V2 Power Module"
PID: PWR-2KW-DC-V2, VID: V03, SN: DTM202501TU

NAME: "power-module 0/PS0/M1/SP", DESCR: "2kW DC V2 Power Module"
PID: PWR-2KW-DC-V2, VID: V03, SN: ART2038Y0DL

NAME: "power-module 0/PS0/M2/SP", DESCR: "2kW DC V2 Power Module"
PID: PWR-2KW-DC-V2, VID: V03, SN: ART2418Y02A

NAME: "chassis ASR-9006-DC-V2", DESCR: "ASR 9006 4 Line Card Slot Chassis with V2 DC PEM"
PID: ASR-9006-DC-V2, VID: V02, SN: FOX2038G7GR

RP/0/RSP0/CPU0:AGG-HCMQ0722#
RP/0/RSP0/CPU0:AGG-HCMQ0722#
