
RP/0/RSP1/CPU0:PE_ASR9006NTN01C#admin show invent
Tue Sep 20 17:02:37.255 GMT
NAME: "module 0/RSP0/CPU0", DESCR: "ASR9K Route Switch Processor with 440G/slot Fabric and 6GB"
PID: A9K-RSP440-TR, VID: V08, SN: FOC1949NCQE

NAME: "module 0/RSP1/CPU0", DESCR: "ASR9K Route Switch Processor with 440G/slot Fabric and 6GB"
PID: A9K-RSP440-TR, VID: V08, SN: FOC1949NCM6

NAME: "fantray 0/FT0/SP", DESCR: "ASR-9006 Fan Tray V2"
PID: ASR-9006-FAN-V2, VID: V01, SN: FOC1952N7BX

NAME: "fan0 0/FT0/SP", DESCR: "ASR9K Generic Fan"
PID:    , VID: N/A, SN: 

NAME: "fan1 0/FT0/SP", DESCR: "ASR9K Generic Fan"
PID:    , VID: N/A, SN: 

NAME: "fan2 0/FT0/SP", DESCR: "ASR9K Generic Fan"
PID:    , VID: N/A, SN: 

NAME: "fan3 0/FT0/SP", DESCR: "ASR9K Generic Fan"
PID:    , VID: N/A, SN: 

NAME: "fan4 0/FT0/SP", DESCR: "ASR9K Generic Fan"
PID:    , VID: N/A, SN: 

NAME: "fan5 0/FT0/SP", DESCR: "ASR9K Generic Fan"
PID:    , VID: N/A, SN: 

NAME: "fantray 0/FT1/SP", DESCR: "ASR-9006 Fan Tray V2"
PID: ASR-9006-FAN-V2, VID: V01, SN: FOC1952N7BZ

NAME: "fan0 0/FT1/SP", DESCR: "ASR9K Generic Fan"
PID:    , VID: N/A, SN: 

NAME: "fan1 0/FT1/SP", DESCR: "ASR9K Generic Fan"
PID:    , VID: N/A, SN: 

NAME: "fan2 0/FT1/SP", DESCR: "ASR9K Generic Fan"
PID:    , VID: N/A, SN: 

NAME: "fan3 0/FT1/SP", DESCR: "ASR9K Generic Fan"
PID:    , VID: N/A, SN: 

NAME: "fan4 0/FT1/SP", DESCR: "ASR9K Generic Fan"
PID:    , VID: N/A, SN: 

NAME: "fan5 0/FT1/SP", DESCR: "ASR9K Generic Fan"
PID:    , VID: N/A, SN: 

NAME: "module 0/2/CPU0", DESCR: "20-Port, 16x1GE_4xT Packet Transport Optimized LC"
PID: A9K-4T16GE-TR, VID: V02, SN: FOC2036NFUX

NAME: "module mau GigabitEthernet0/2/CPU0/0", DESCR: "Unknown pluggable optics"
PID:    , VID: N/A, SN: WX17120235022 

NAME: "module mau GigabitEthernet0/2/CPU0/1", DESCR: "Unknown pluggable optics"
PID:    , VID: N/A, SN: WX17120237405 

NAME: "module mau GigabitEthernet0/2/CPU0/2", DESCR: "Unknown pluggable optics"
PID:    , VID: N/A, SN: S1AP3118160024

NAME: "module mau GigabitEthernet0/2/CPU0/4", DESCR: "Unknown pluggable optics"
PID:    , VID: N/A, SN: S1AP3118160041

NAME: "module mau GigabitEthernet0/2/CPU0/5", DESCR: "Unknown pluggable optics"
PID:    , VID: N/A, SN: S1AP3118160040

NAME: "module mau GigabitEthernet0/2/CPU0/6", DESCR: "Unknown pluggable optics"
PID:    , VID: N/A, SN: S1AP3118160040

NAME: "module mau GigabitEthernet0/2/CPU0/7", DESCR: "Unknown pluggable optics"
PID:    , VID: N/A, SN: WX17111701535 

NAME: "module mau GigabitEthernet0/2/CPU0/8", DESCR: "Unknown pluggable optics"
PID:    , VID: N/A, SN: S1HW3117440015

NAME: "module mau GigabitEthernet0/2/CPU0/14", DESCR: "Unknown pluggable optics"
PID:    , VID: N/A, SN: WX18031511009 

NAME: "module mau GigabitEthernet0/2/CPU0/15", DESCR: "Unknown pluggable optics"
PID:    , VID: N/A, SN: WX17120235029 

NAME: "module mau TenGigE0/2/CPU0/16", DESCR: "Unknown pluggable optics"
PID:    , VID: N/A, SN: Z17171JM4     

NAME: "module mau TenGigE0/2/CPU0/17", DESCR: "Unknown pluggable optics"
PID:    , VID: N/A, SN: Z17171JSJ     

NAME: "module mau TenGigE0/2/CPU0/19", DESCR: "Unknown pluggable optics"
PID:    , VID: N/A, SN: AN80AFH       

NAME: "power-module 0/PM0/0/SP", DESCR: "2kW DC V2 Power Module"
PID: PWR-2KW-DC-V2, VID: V03, SN: ART1949Y0E6

NAME: "power-module 0/PM0/1/SP", DESCR: "2kW DC V2 Power Module"
PID: PWR-2KW-DC-V2, VID: V03, SN: ART1949Y0DD

NAME: "chassis ASR-9006-DC-V2", DESCR: "ASR 9006 4 Line Card Slot Chassis with V2 DC PEM"
PID: ASR-9006-DC-V2, VID: V02, SN: FOX1950G59G

RP/0/RSP1/CPU0:PE_ASR9006NTN01C#
RP/0/RSP1/CPU0:PE_ASR9006NTN01C#
