
RP/0/RSP0/CPU0:AGG-HCMQ1012#admin show invent
Tue Sep 20 17:02:39.631 GMT
NAME: "module 0/RSP0/CPU0", DESCR: "ASR9K Route Switch Processor with 440G/slot Fabric and 6GB"
PID: A9K-RSP440-TR, VID: V09, SN: FOC2035NZV6

NAME: "module 0/RSP1/CPU0", DESCR: "ASR9K Route Switch Processor with 440G/slot Fabric and 6GB"
PID: A9K-RSP440-TR, VID: V09, SN: FOC2036NCA0

NAME: "fantray 0/FT0/SP", DESCR: "ASR-9006 Fan Tray V2"
PID: ASR-9006-FAN-V2, VID: V01, SN: FOC2035NS56

NAME: "fan0 0/FT0/SP", DESCR: "ASR9K Generic Fan"
PID: N/A, VID: N/A, SN: 

NAME: "fan1 0/FT0/SP", DESCR: "ASR9K Generic Fan"
PID: N/A, VID: N/A, SN: 

NAME: "fan2 0/FT0/SP", DESCR: "ASR9K Generic Fan"
PID: N/A, VID: N/A, SN: 

NAME: "fan3 0/FT0/SP", DESCR: "ASR9K Generic Fan"
PID: N/A, VID: N/A, SN: 

NAME: "fan4 0/FT0/SP", DESCR: "ASR9K Generic Fan"
PID: N/A, VID: N/A, SN: 

NAME: "fan5 0/FT0/SP", DESCR: "ASR9K Generic Fan"
PID: N/A, VID: N/A, SN: 

NAME: "fantray 0/FT1/SP", DESCR: "ASR-9006 Fan Tray V2"
PID: ASR-9006-FAN-V2, VID: V01, SN: FOC2035NS4W

NAME: "fan0 0/FT1/SP", DESCR: "ASR9K Generic Fan"
PID: N/A, VID: N/A, SN: 

NAME: "fan1 0/FT1/SP", DESCR: "ASR9K Generic Fan"
PID: N/A, VID: N/A, SN: 

NAME: "fan2 0/FT1/SP", DESCR: "ASR9K Generic Fan"
PID: N/A, VID: N/A, SN: 

NAME: "fan3 0/FT1/SP", DESCR: "ASR9K Generic Fan"
PID: N/A, VID: N/A, SN: 

NAME: "fan4 0/FT1/SP", DESCR: "ASR9K Generic Fan"
PID: N/A, VID: N/A, SN: 

NAME: "fan5 0/FT1/SP", DESCR: "ASR9K Generic Fan"
PID: N/A, VID: N/A, SN: 

NAME: "module 0/0/CPU0", DESCR: "20-Port, 16x1GE_4xT Packet Transport Optimized LC"
PID: A9K-4T16GE-TR, VID: V02, SN: FOC2031NGSF

NAME: "module mau GigabitEthernet0/0/CPU0/0", DESCR: "1000BASE-LX/LH SFP (DOM), SMF 10Km, MMF 550m"
PID: SFP-GE-L           , VID: V01 , SN: FNS141313TA     

NAME: "module mau GigabitEthernet0/0/CPU0/1", DESCR: "1000BASE-LX/LH SFP transceiver module, MMF/SMF, 1310nm, DOM"
PID: GLC-LH-SMD         , VID: V01 , SN: FNS19360GBH     

NAME: "module mau GigabitEthernet0/0/CPU0/2", DESCR: "1000BASE-LX/LH SFP transceiver module, MMF/SMF, 1310nm, DOM"
PID: GLC-LH-SMD         , VID: V01 , SN: AVJ20423JFW     

NAME: "module mau GigabitEthernet0/0/CPU0/3", DESCR: "1000BASE-LX/LH SFP transceiver module, MMF/SMF, 1310nm, DOM"
PID: GLC-LH-SMD         , VID: V01 , SN: AVJ20423HUW     

NAME: "module mau GigabitEthernet0/0/CPU0/5", DESCR: "1000BASE-T SFP (NEBS 3), UTP, 100m"
PID: SFP-GE-T           , VID: V02, SN: MTC20330YX2     

NAME: "module mau GigabitEthernet0/0/CPU0/12", DESCR: "1000BASE-LX/LH SFP transceiver module, MMF/SMF, 1310nm, DOM"
PID: GLC-LH-SMD         , VID: V01 , SN: FC1611122543    

NAME: "module mau TenGigE0/0/CPU0/16", DESCR: "10GBASE-LR SFP+ Module for SMF"
PID: SFP-10G-LR         , VID: V02 , SN: FC1611130176    

NAME: "module mau TenGigE0/0/CPU0/17", DESCR: "10GBASE-LR SFP+ Module for SMF"
PID: SFP-10G-LR         , VID: V02 , SN: FC1611130178    

NAME: "module mau TenGigE0/0/CPU0/18", DESCR: "10GBASE-LR SFP+ Module for SMF"
PID: SFP-10G-LR         , VID: V02 , SN: FC1611130351    

NAME: "TenGigE0/0/0/19", DESCR: "Non-Cisco OEM SFP+ 10G Pluggable Optics Module"
PID: TSPLXG10D, VID: 2., SN: CI2110220564    

NAME: "module 0/1/CPU0", DESCR: "24X10G/1G Packet Transport Optimized LC"
PID: A9K-24X10GE-1G-TR, VID: V04, SN: FOC2449P5D4

NAME: "module mau TenGigE0/1/CPU0/0", DESCR: "10GBASE-LR SFP+ Module for SMF"
PID: SFP-10G-LR         , VID: V02 , SN: FC1611130625    

NAME: "module mau TenGigE0/1/CPU0/1", DESCR: "10GBASE-LR SFP+ Module for SMF"
PID: SFP-10G-LR         , VID: V02 , SN: 10GLR20101459   

NAME: "module mau TenGigE0/1/CPU0/2", DESCR: "10GBASE-LR SFP+ Module for SMF"
PID: SFP-10G-LR         , VID: V02 , SN: 10GLR20101424   

NAME: "module mau TenGigE0/1/CPU0/3", DESCR: "10GBASE-LR SFP+ Module for SMF"
PID: SFP-10G-LR         , VID: V02 , SN: 10GLR20101457   

NAME: "module mau TenGigE0/1/CPU0/4", DESCR: "10GBASE-LR SFP+ Module for SMF"
PID: SFP-10G-LR         , VID: V02 , SN: 10GLR20102696   

NAME: "TenGigE0/1/0/6", DESCR: "Non-Cisco ModuleTek SFP+ 10G Pluggable Optics Module"
PID: SFP-10G-LR, VID: A, SN: 10GLR20050360   

NAME: "module mau TenGigE0/1/CPU0/7", DESCR: "10GBASE-LR SFP+ Module for SMF"
PID: SFP-10G-LR         , VID: V02 , SN: 10GLR201000235  

NAME: "module mau TenGigE0/1/CPU0/8", DESCR: "10GBASE-LR SFP+ Module for SMF"
PID: SFP-10G-LR         , VID: V02 , SN: 10GLR201000252  

NAME: "module mau TenGigE0/1/CPU0/20", DESCR: "10GBASE-LR SFP+ Module for SMF"
PID: SFP-10G-LR         , VID: V02 , SN: 10GLR201000245  

NAME: "module mau TenGigE0/1/CPU0/22", DESCR: "10GBASE-LR SFP+ Module for SMF"
PID: SFP-10G-LR         , VID: V02 , SN: 10GLR20102357   

NAME: "module mau TenGigE0/1/CPU0/23", DESCR: "10GBASE-LR SFP+ Module for SMF"
PID: SFP-10G-LR         , VID: V02 , SN: 10GLR20102356   

NAME: "power-module 0/PS0/M0/SP", DESCR: "2kW DC V2 Power Module"
PID: PWR-2KW-DC-V2, VID: V03, SN: DTM202501RD

NAME: "power-module 0/PS0/M1/SP", DESCR: "2kW DC V2 Power Module"
PID: PWR-2KW-DC-V2, VID: V03, SN: DTM202501QL

NAME: "power-module 0/PS0/M2/SP", DESCR: "2kW DC V2 Power Module"
PID: PWR-2KW-DC-V2, VID: V03, SN: ART2436Y02G

NAME: "chassis ASR-9006-DC-V2", DESCR: "ASR 9006 4 Line Card Slot Chassis with V2 DC PEM"
PID: ASR-9006-DC-V2, VID: V02, SN: FOX2039G9DJ

RP/0/RSP0/CPU0:AGG-HCMQ1012#
RP/0/RSP0/CPU0:AGG-HCMQ1012#
