
RP/0/RSP1/CPU0:PE_ASR9006BDG02C#admin show invent
Tue Sep 20 17:02:37.501 GMT
NAME: "module 0/RSP0/CPU0", DESCR: "ASR9K Route Switch Processor with 440G/slot Fabric and 6GB"
PID: A9K-RSP440-TR, VID: V09, SN: FOC2102NLQD

NAME: "module 0/RSP1/CPU0", DESCR: "ASR9K Route Switch Processor with 440G/slot Fabric and 6GB"
PID: A9K-RSP440-TR, VID: V09, SN: FOC2102NLU6

NAME: "fantray 0/FT0/SP", DESCR: "ASR-9006 Fan Tray V2"
PID: ASR-9006-FAN-V2, VID: V01, SN: FOC2105N24T

NAME: "fan0 0/FT0/SP", DESCR: "ASR9K Generic Fan"
PID:    , VID: N/A, SN: 

NAME: "fan1 0/FT0/SP", DESCR: "ASR9K Generic Fan"
PID:    , VID: N/A, SN: 

NAME: "fan2 0/FT0/SP", DESCR: "ASR9K Generic Fan"
PID:    , VID: N/A, SN: 

NAME: "fan3 0/FT0/SP", DESCR: "ASR9K Generic Fan"
PID:    , VID: N/A, SN: 

NAME: "fan4 0/FT0/SP", DESCR: "ASR9K Generic Fan"
PID:    , VID: N/A, SN: 

NAME: "fan5 0/FT0/SP", DESCR: "ASR9K Generic Fan"
PID:    , VID: N/A, SN: 

NAME: "fantray 0/FT1/SP", DESCR: "ASR-9006 Fan Tray V2"
PID: ASR-9006-FAN-V2, VID: V01, SN: FOC2105N26G

NAME: "fan0 0/FT1/SP", DESCR: "ASR9K Generic Fan"
PID:    , VID: N/A, SN: 

NAME: "fan1 0/FT1/SP", DESCR: "ASR9K Generic Fan"
PID:    , VID: N/A, SN: 

NAME: "fan2 0/FT1/SP", DESCR: "ASR9K Generic Fan"
PID:    , VID: N/A, SN: 

NAME: "fan3 0/FT1/SP", DESCR: "ASR9K Generic Fan"
PID:    , VID: N/A, SN: 

NAME: "fan4 0/FT1/SP", DESCR: "ASR9K Generic Fan"
PID:    , VID: N/A, SN: 

NAME: "fan5 0/FT1/SP", DESCR: "ASR9K Generic Fan"
PID:    , VID: N/A, SN: 

NAME: "module 0/0/CPU0", DESCR: "40-port 1GE, Packet Transport Optimized LC"
PID: A9K-40GE-TR, VID: V03, SN: FOC2101P95Z

NAME: "module mau GigabitEthernet0/0/CPU0/0", DESCR: "1000BASE-LX/LH SFP (DOM), SMF 10Km, MMF 550m"
PID: SFP-GE-L           , VID: V01 , SN: FC1711187199  

NAME: "module mau GigabitEthernet0/0/CPU0/1", DESCR: "Unknown pluggable optics"
PID:    , VID: N/A, SN: LTG1609220102C

NAME: "module mau GigabitEthernet0/0/CPU0/2", DESCR: "Unknown pluggable optics"
PID:    , VID: N/A, SN: PNF6T24       

NAME: "module mau GigabitEthernet0/0/CPU0/3", DESCR: "1000BASE-EX SFP transceiver module, SMF, 1310nm, DOM"
PID: GLC-EX-SMD         , VID: V01 , SN: SPC183900GP   

NAME: "module mau GigabitEthernet0/0/CPU0/4", DESCR: "1000BASE-EX SFP transceiver module, SMF, 1310nm, DOM"
PID: GLC-EX-SMD         , VID: V01 , SN: SPC183900GN   

NAME: "module mau GigabitEthernet0/0/CPU0/5", DESCR: "1000BASE-EX SFP transceiver module, SMF, 1310nm, DOM"
PID: GLC-EX-SMD         , VID: V01 , SN: SPC194501LP   

NAME: "module mau GigabitEthernet0/0/CPU0/6", DESCR: "1000BASE-SX SFP transceiver module, MMF, 850nm, DOM"
PID: GLC-SX-MMD         , VID: V01 , SN: OPM205004TY   

NAME: "module mau GigabitEthernet0/0/CPU0/7", DESCR: "1000BASE-SX SFP transceiver module, MMF, 850nm, DOM"
PID: GLC-SX-MMD         , VID: V01 , SN: OPM205004TG   

NAME: "module mau GigabitEthernet0/0/CPU0/8", DESCR: "1000BASE-SX SFP transceiver module, MMF, 850nm, DOM"
PID: GLC-SX-MMD         , VID: V01 , SN: OPM205004R2   

NAME: "module mau GigabitEthernet0/0/CPU0/9", DESCR: "1000BASE-SX SFP transceiver module, MMF, 850nm, DOM"
PID: GLC-SX-MMD         , VID: V01 , SN: OPM205004QS   

NAME: "module mau GigabitEthernet0/0/CPU0/12", DESCR: "1000BASE-LX/LH SFP transceiver module, MMF/SMF, 1310nm, DOM"
PID: GLC-LH-SMD         , VID: V01 , SN: ACW20510AQ0   

NAME: "module mau GigabitEthernet0/0/CPU0/13", DESCR: "1000BASE-LX/LH SFP transceiver module, MMF/SMF, 1310nm, DOM"
PID: GLC-LH-SMD         , VID: V01 , SN: ACW20490DHH   

NAME: "module mau GigabitEthernet0/0/CPU0/14", DESCR: "1000BASE-LX/LH SFP transceiver module, MMF/SMF, 1310nm, DOM"
PID: GLC-LH-SMD         , VID: V01 , SN: ACW20510AQJ   

NAME: "module mau GigabitEthernet0/0/CPU0/15", DESCR: "1000BASE-LX/LH SFP transceiver module, MMF/SMF, 1310nm, DOM"
PID: GLC-LH-SMD         , VID: V01 , SN: ACW20490DHN   

NAME: "module mau GigabitEthernet0/0/CPU0/16", DESCR: "1000BASE-LX/LH SFP transceiver module, MMF/SMF, 1310nm, DOM"
PID: GLC-LH-SMD         , VID: V01 , SN: ACW20510APX   

NAME: "module mau GigabitEthernet0/0/CPU0/17", DESCR: "1000BASE-LX/LH SFP transceiver module, MMF/SMF, 1310nm, DOM"
PID: GLC-LH-SMD         , VID: V01 , SN: ACW20490DHJ   

NAME: "module mau GigabitEthernet0/0/CPU0/18", DESCR: "1000BASE-LX/LH SFP transceiver module, MMF/SMF, 1310nm, DOM"
PID: GLC-LH-SMD         , VID: V01 , SN: ACW20510AQ1   

NAME: "module mau GigabitEthernet0/0/CPU0/19", DESCR: "1000BASE-LX/LH SFP transceiver module, MMF/SMF, 1310nm, DOM"
PID: GLC-LH-SMD         , VID: V01 , SN: ACW20490DJ3   

NAME: "module mau GigabitEthernet0/0/CPU0/20", DESCR: "1000BASE-LX/LH SFP transceiver module, MMF/SMF, 1310nm, DOM"
PID: GLC-LH-SMD         , VID: V01 , SN: ACW20510AQF   

NAME: "module mau GigabitEthernet0/0/CPU0/21", DESCR: "1000BASE-LX/LH SFP transceiver module, MMF/SMF, 1310nm, DOM"
PID: GLC-LH-SMD         , VID: V01 , SN: ACW20490DHM   

NAME: "module mau GigabitEthernet0/0/CPU0/24", DESCR: "1000BASE-LX/LH SFP transceiver module, MMF/SMF, 1310nm, DOM"
PID: GLC-LH-SMD         , VID: V01 , SN: ACW20510EY9   

NAME: "module mau GigabitEthernet0/0/CPU0/25", DESCR: "1000BASE-LX/LH SFP transceiver module, MMF/SMF, 1310nm, DOM"
PID: GLC-LH-SMD         , VID: V01 , SN: ACW205104VD   

NAME: "module mau GigabitEthernet0/0/CPU0/26", DESCR: "1000BASE-LX/LH SFP transceiver module, MMF/SMF, 1310nm, DOM"
PID: GLC-LH-SMD         , VID: V01 , SN: ACW20510EY7   

NAME: "module mau GigabitEthernet0/0/CPU0/27", DESCR: "1000BASE-LX/LH SFP transceiver module, MMF/SMF, 1310nm, DOM"
PID: GLC-LH-SMD         , VID: V01 , SN: ACW205104UT   

NAME: "module mau GigabitEthernet0/0/CPU0/31", DESCR: "Unknown pluggable optics"
PID:    , VID: N/A, SN: LTG1609220374C

NAME: "module mau GigabitEthernet0/0/CPU0/32", DESCR: "Unknown or Unsupported SFP Module"
PID: x  , VID: N/A, SN: HA13340610293 

NAME: "module mau GigabitEthernet0/0/CPU0/33", DESCR: "Unknown pluggable optics"
PID:    , VID: N/A, SN: LTG1609220379C

NAME: "module mau GigabitEthernet0/0/CPU0/34", DESCR: "Unknown pluggable optics"
PID:    , VID: N/A, SN: LTG1609220199C

NAME: "module mau GigabitEthernet0/0/CPU0/37", DESCR: "Unknown or Unsupported SFP Module"
PID: jU , VID: N/A, SN: HA13340610288 

NAME: "module mau GigabitEthernet0/0/CPU0/39", DESCR: "Unknown pluggable optics"
PID:    , VID: N/A, SN: PNF6S8D       

NAME: "module 0/1/CPU0", DESCR: "20-Port, 16x1GE_4xT Packet Transport Optimized LC"
PID: A9K-4T16GE-TR, VID: V03, SN: FOC2117NMJ5

NAME: "module mau GigabitEthernet0/1/CPU0/0", DESCR: "Unknown pluggable optics"
PID:    , VID: N/A, SN: LTG1609220195C

NAME: "module mau GigabitEthernet0/1/CPU0/1", DESCR: "Unknown pluggable optics"
PID:    , VID: N/A, SN: LTG1609220376C

NAME: "module mau GigabitEthernet0/1/CPU0/2", DESCR: "Unknown pluggable optics"
PID:    , VID: N/A, SN: LTG1609220371C

NAME: "module mau GigabitEthernet0/1/CPU0/3", DESCR: "Unknown pluggable optics"
PID:    , VID: N/A, SN: LTG1609220380C

NAME: "module mau GigabitEthernet0/1/CPU0/4", DESCR: "Unknown pluggable optics"
PID:    , VID: N/A, SN: S1HW3117440043

NAME: "module mau GigabitEthernet0/1/CPU0/5", DESCR: "Unknown pluggable optics"
PID:    , VID: N/A, SN: E6U2019456    

NAME: "module mau GigabitEthernet0/1/CPU0/6", DESCR: "1000BASE-EX SFP transceiver module, SMF, 1310nm, DOM"
PID: GLC-EX-SMD         , VID: V01 , SN: SPC194501KZ   

NAME: "module mau GigabitEthernet0/1/CPU0/8", DESCR: "1000BASE-LX/LH SFP (DOM), SMF 10Km, MMF 550m"
PID: SFP-GE-L           , VID: V01 , SN: YAFG0124      

NAME: "module mau GigabitEthernet0/1/CPU0/9", DESCR: "1000BASE-LX/LH SFP (DOM), SMF 10Km, MMF 550m"
PID: SFP-GE-L           , VID: V01 , SN: FC1711180288  

NAME: "module mau GigabitEthernet0/1/CPU0/10", DESCR: "1000BASE-LX/LH SFP transceiver module, MMF/SMF, 1310nm, DOM"
PID: GLC-LH-SMD         , VID: V01 , SN: ACW205104UG   

NAME: "module mau GigabitEthernet0/1/CPU0/14", DESCR: "Unknown pluggable optics"
PID:    , VID: N/A, SN: S1HW3117440043

NAME: "module mau GigabitEthernet0/1/CPU0/15", DESCR: "Unknown pluggable optics"
PID:    , VID: N/A, SN: S1HW3117440043

NAME: "module mau TenGigE0/1/CPU0/17", DESCR: "1000BASE-LX/LH SFP transceiver module, MMF/SMF, 1310nm, DOM"
PID: GLC-LH-SMD         , VID: V01 , SN: FC1611124136  

NAME: "module 0/2/CPU0", DESCR: "80G Modular Linecard, Packet Transport Optimized"
PID: A9K-MOD80-TR, VID: V08, SN: FOC1950N0BL

NAME: "module 0/2/0", DESCR: "ASR 9000 4-port 10GE Modular Port Adapter"
PID: A9K-MPA-4X10GE, VID: V05, SN: FOC1946NEVP

NAME: "module mau 0/2/0/1", DESCR: "Multirate 10GBASE-ER and OC-192/STM-64 IR-2 XFP, SMF"
PID: XFP-10GER-192IR+    , VID: V02 , SN: SPC1927003J     

NAME: "module mau 0/2/0/2", DESCR: "Multirate 10GBASE-ZR and OC-192/STM-64 IR-2 XFP, SMF"
PID: XFP-10GZR-OC192LR   , VID: V03 , SN: CI181229006     

NAME: "module mau 0/2/0/3", DESCR: ""
PID:    , VID: 8/1 , SN: UWD2FX0         

NAME: "module 0/2/1", DESCR: "ASR 9000 20-port 1GE Modular Port Adapter"
PID: A9K-MPA-20X1GE, VID: V03, SN: FOC1953N0RD

NAME: "module mau 0/2/1/0", DESCR: "1000BASE-SX SFP transceiver module, MMF, 850nm, DOM"
PID: GLC-SX-MMD          , VID: V01 , SN: OPM205004K9     

NAME: "module mau 0/2/1/1", DESCR: "1000BASE-SX SFP transceiver module, MMF, 850nm, DOM"
PID: GLC-SX-MMD          , VID: V01 , SN: OPM205004L9     

NAME: "module mau 0/2/1/2", DESCR: ""
PID:    , VID: N/A, SN: S1HW31174400427 

NAME: "module mau 0/2/1/3", DESCR: ""
PID:    , VID: N/A, SN: S1HW31174400426 

NAME: "module mau 0/2/1/4", DESCR: ""
PID:    , VID: N/A, SN: WX18031512636   

NAME: "module mau 0/2/1/5", DESCR: "1000BASE-LX/LH SFP transceiver module, MMF/SMF, 1310nm, DOM"
PID: GLC-LH-SMD          , VID: V01 , SN: ACW203609VF     

NAME: "module mau 0/2/1/6", DESCR: ""
PID:    , VID: N/A, SN: S1HW31193700834 

NAME: "module mau 0/2/1/7", DESCR: ""
PID:    , VID: N/A, SN: S1HW31193700836 

NAME: "power-module 0/PS0/M0/SP", DESCR: "2kW DC V2 Power Module"
PID: PWR-2KW-DC-V2, VID: V03, SN: ART2035Y0FG

NAME: "power-module 0/PS0/M1/SP", DESCR: "2kW DC V2 Power Module"
PID: PWR-2KW-DC-V2, VID: V03, SN: ART2035Y0F0

NAME: "power-module 0/PS0/M2/SP", DESCR: "2kW DC V2 Power Module"
PID: PWR-2KW-DC-V2, VID: V03, SN: ART2035Y0FC

NAME: "chassis ASR-9006-DC-V2", DESCR: "ASR 9006 4 Line Card Slot Chassis with V2 DC PEM"
PID: ASR-9006-DC-V2, VID: V02, SN: FOX2103P0NQ

RP/0/RSP1/CPU0:PE_ASR9006BDG02C#
RP/0/RSP1/CPU0:PE_ASR9006BDG02C#
