
RP/0/RSP1/CPU0:DCGW_ASR9006BPC01C#admin show invent
Tue Sep 20 17:02:37.787 GMT
NAME: "module 0/RSP0/CPU0", DESCR: "ASR9K Route Switch Processor with 880G/slot Fabric and 16GB"
PID: A9K-RSP880-TR, VID: V05, SN: FOC2138NSCV

NAME: "module 0/RSP1/CPU0", DESCR: "ASR9K Route Switch Processor with 880G/slot Fabric and 16GB"
PID: A9K-RSP880-TR, VID: V05, SN: FOC2138NSG0

NAME: "fantray 0/FT0/SP", DESCR: "ASR-9006 Fan Tray V2"
PID: ASR-9006-FAN-V2, VID: V01, SN: FOC2137NVXN

NAME: "fan0 0/FT0/SP", DESCR: "ASR9K Generic Fan"
PID: N/A, VID: N/A, SN: 

NAME: "fan1 0/FT0/SP", DESCR: "ASR9K Generic Fan"
PID: N/A, VID: N/A, SN: 

NAME: "fan2 0/FT0/SP", DESCR: "ASR9K Generic Fan"
PID: N/A, VID: N/A, SN: 

NAME: "fan3 0/FT0/SP", DESCR: "ASR9K Generic Fan"
PID: N/A, VID: N/A, SN: 

NAME: "fan4 0/FT0/SP", DESCR: "ASR9K Generic Fan"
PID: N/A, VID: N/A, SN: 

NAME: "fan5 0/FT0/SP", DESCR: "ASR9K Generic Fan"
PID: N/A, VID: N/A, SN: 

NAME: "fantray 0/FT1/SP", DESCR: "ASR-9006 Fan Tray V2"
PID: ASR-9006-FAN-V2, VID: V01, SN: FOC2141NA09

NAME: "fan0 0/FT1/SP", DESCR: "ASR9K Generic Fan"
PID: N/A, VID: N/A, SN: 

NAME: "fan1 0/FT1/SP", DESCR: "ASR9K Generic Fan"
PID: N/A, VID: N/A, SN: 

NAME: "fan2 0/FT1/SP", DESCR: "ASR9K Generic Fan"
PID: N/A, VID: N/A, SN: 

NAME: "fan3 0/FT1/SP", DESCR: "ASR9K Generic Fan"
PID: N/A, VID: N/A, SN: 

NAME: "fan4 0/FT1/SP", DESCR: "ASR9K Generic Fan"
PID: N/A, VID: N/A, SN: 

NAME: "fan5 0/FT1/SP", DESCR: "ASR9K Generic Fan"
PID: N/A, VID: N/A, SN: 

NAME: "module 0/0/CPU0", DESCR: "24X10G/1G Packet Transport Optimized LC"
PID: A9K-24X10GE-1G-TR, VID: V04, SN: FOC2449N4EN

NAME: "TenGigE0/0/0/0", DESCR: "Non-Cisco OEM SFP+ 10G Pluggable Optics Module"
PID: TSPLXG40D, VID: B, SN: CI2110220047    

NAME: "TenGigE0/0/0/1", DESCR: "Non-Cisco OEM SFP+ 10G Pluggable Optics Module"
PID: TSPLXG10D, VID: 2., SN: CI2110220524    

NAME: "TenGigE0/0/0/2", DESCR: "Non-Cisco OEM SFP+ 10G Pluggable Optics Module"
PID: TSPLXG10D, VID: 2., SN: CI2110220488    

NAME: "module mau GigabitEthernet0/0/CPU0/4", DESCR: "1000BASE-LX/LH SFP transceiver module, MMF/SMF, 1310nm, DOM"
PID: GLC-LH-SMD         , VID: V01 , SN: 1GLR20100319    

NAME: "GigabitEthernet0/0/0/5", DESCR: "Non-Cisco OEM SFP 1G Pluggable Optics Module"
PID: TSPL1G10D, VID: A, SN: CI2110300164    

NAME: "GigabitEthernet0/0/0/6", DESCR: "Non-Cisco OEM SFP 1G Pluggable Optics Module"
PID: TSPL1G10D, VID: A, SN: CI2110300163    

NAME: "GigabitEthernet0/0/0/7", DESCR: "Non-Cisco OEM SFP 1G Pluggable Optics Module"
PID: TSPL1G10D, VID: A, SN: CI2110300162    

NAME: "GigabitEthernet0/0/0/8", DESCR: "Non-Cisco OEM SFP 1G Pluggable Optics Module"
PID: TSPL1G10D, VID: A, SN: CI2110300285    

NAME: "GigabitEthernet0/0/0/9", DESCR: "Non-Cisco OEM SFP 1G Pluggable Optics Module"
PID: TSPL1G10D, VID: A, SN: CI2110300283    

NAME: "GigabitEthernet0/0/0/10", DESCR: "Non-Cisco OEM SFP 1G Pluggable Optics Module"
PID: TSPL1G10D, VID: A, SN: CI2110300281    

NAME: "GigabitEthernet0/0/0/11", DESCR: "Non-Cisco OEM SFP 1G Pluggable Optics Module"
PID: TSPL1G10D, VID: A, SN: CI2110300287    

NAME: "GigabitEthernet0/0/0/12", DESCR: "Non-Cisco OEM SFP 1G Pluggable Optics Module"
PID: TSPOL1G10D, VID: A, SN: CI2110300184    

NAME: "GigabitEthernet0/0/0/13", DESCR: "Non-Cisco OEM SFP 1G Pluggable Optics Module"
PID: TSPOL1G10D, VID: A, SN: CI2110300182    

NAME: "GigabitEthernet0/0/0/14", DESCR: "Non-Cisco OEM SFP 1G Pluggable Optics Module"
PID: TSPL1G10D, VID: A, SN: CI2110300175    

NAME: "GigabitEthernet0/0/0/15", DESCR: "Non-Cisco OEM SFP 1G Pluggable Optics Module"
PID: TSPL1G10D, VID: A, SN: CI2110300173    

NAME: "GigabitEthernet0/0/0/17", DESCR: "Non-Cisco OEM SFP 1G Pluggable Optics Module"
PID: TSPOL1G10D, VID: A, SN: CI2110300188    

NAME: "GigabitEthernet0/0/0/18", DESCR: "Non-Cisco OEM SFP 1G Pluggable Optics Module"
PID: TSPOL1G10D, VID: A, SN: CI2110300190    

NAME: "GigabitEthernet0/0/0/21", DESCR: "Non-Cisco OEM SFP 1G Pluggable Optics Module"
PID: TSPL1G10D, VID: A, SN: CI2110300161    

NAME: "GigabitEthernet0/0/0/22", DESCR: "Non-Cisco OEM SFP 1G Pluggable Optics Module"
PID: TSPL1G10D, VID: A, SN: CI2110300179    

NAME: "GigabitEthernet0/0/0/23", DESCR: "Non-Cisco OEM SFP 1G Pluggable Optics Module"
PID: TSPOL1G10D, VID: A, SN: CI2110300187    

NAME: "module 0/3/CPU0", DESCR: "24X10G/1G Packet Transport Optimized LC"
PID: A9K-24X10GE-1G-TR, VID: V04, SN: FOC2449N4CD

NAME: "TenGigE0/3/0/0", DESCR: "Non-Cisco OEM SFP+ 10G Pluggable Optics Module"
PID: TSPLXG10D, VID: 2., SN: CI2110220277    

NAME: "TenGigE0/3/0/1", DESCR: "Non-Cisco OEM SFP+ 10G Pluggable Optics Module"
PID: TSPLXG10D, VID: 2., SN: CI2110220523    

NAME: "GigabitEthernet0/3/0/5", DESCR: "Non-Cisco OEM SFP 1G Pluggable Optics Module"
PID: TSPL1G10D, VID: A, SN: CI2110300289    

NAME: "GigabitEthernet0/3/0/6", DESCR: "Non-Cisco ModuleTek SFP 1G Pluggable Optics Module"
PID: GLC-LH-SMD, VID: v3, SN: 1GLR20054964    

NAME: "GigabitEthernet0/3/0/8", DESCR: "Non-Cisco OEM SFP 1G Pluggable Optics Module"
PID: TSPL1G10D, VID: A, SN: CI2110300284    

NAME: "GigabitEthernet0/3/0/9", DESCR: "Non-Cisco OEM SFP 1G Pluggable Optics Module"
PID: TSPL1G10D, VID: A, SN: CI2110300282    

NAME: "GigabitEthernet0/3/0/10", DESCR: "Non-Cisco OEM SFP 1G Pluggable Optics Module"
PID: TSPL1G10D, VID: A, SN: CI2110300288    

NAME: "GigabitEthernet0/3/0/11", DESCR: "Non-Cisco OEM SFP 1G Pluggable Optics Module"
PID: TSPL1G10D, VID: A, SN: CI2110300286    

NAME: "GigabitEthernet0/3/0/12", DESCR: "Non-Cisco OEM SFP 1G Pluggable Optics Module"
PID: TSPOL1G10D, VID: A, SN: CI2110300185    

NAME: "GigabitEthernet0/3/0/13", DESCR: "Non-Cisco OEM SFP 1G Pluggable Optics Module"
PID: TSPOL1G10D, VID: A, SN: CI2110300181    

NAME: "GigabitEthernet0/3/0/14", DESCR: "Non-Cisco OEM SFP 1G Pluggable Optics Module"
PID: TSPL1G10D, VID: A, SN: CI2110300171    

NAME: "GigabitEthernet0/3/0/15", DESCR: "Non-Cisco OEM SFP 1G Pluggable Optics Module"
PID: TSPL1G10D, VID: A, SN: CI2110300178    

NAME: "GigabitEthernet0/3/0/17", DESCR: "Non-Cisco OEM SFP 1G Pluggable Optics Module"
PID: TSPOL1G10D, VID: A, SN: CI2110300189    

NAME: "GigabitEthernet0/3/0/18", DESCR: "Non-Cisco OEM SFP 1G Pluggable Optics Module"
PID: TSPOL1G10D, VID: A, SN: CI2110300183    

NAME: "GigabitEthernet0/3/0/19", DESCR: "Non-Cisco OEM SFP 1G Pluggable Optics Module"
PID: TSPL1G10D, VID: A, SN: CI2110300170    

NAME: "GigabitEthernet0/3/0/21", DESCR: "Non-Cisco OEM SFP 1G Pluggable Optics Module"
PID: TSPL1G10D, VID: A, SN: CI2110300172    

NAME: "GigabitEthernet0/3/0/22", DESCR: "Non-Cisco OEM SFP 1G Pluggable Optics Module"
PID: TSPL1G10D, VID: A, SN: CI2110300180    

NAME: "GigabitEthernet0/3/0/23", DESCR: "Non-Cisco OEM SFP 1G Pluggable Optics Module"
PID: TSPL1G10D, VID: A, SN: CI2110300290    

NAME: "power-module 0/PS0/M0/SP", DESCR: "2kW DC V2 Power Module"
PID: PWR-2KW-DC-V2, VID: V03, SN: DTM2124000V

NAME: "power-module 0/PS0/M1/SP", DESCR: "2kW DC V2 Power Module"
PID: PWR-2KW-DC-V2, VID: V03, SN: DTM212400G4

NAME: "power-module 0/PS0/M2/SP", DESCR: "2kW DC V2 Power Module"
PID: PWR-2KW-DC-V2, VID: V03, SN: ART2436Y051

NAME: "power-module 0/PS0/M3/SP", DESCR: "2kW DC V2 Power Module"
PID: PWR-2KW-DC-V2, VID: V03, SN: ART2436Y055

NAME: "chassis ASR-9006-DC-V2", DESCR: "ASR 9006 4 Line Card Slot Chassis with V2 DC PEM"
PID: ASR-9006-DC-V2, VID: V02, SN: FOX2137P4E4

RP/0/RSP1/CPU0:DCGW_ASR9006BPC01C#
RP/0/RSP1/CPU0:DCGW_ASR9006BPC01C#
