
RP/0/RSP1/CPU0:DCGW_ASR9006Q1002C#admin show invent
Tue Sep 20 17:02:39.821 GMT
NAME: "module 0/RSP0/CPU0", DESCR: "ASR9K Route Switch Processor with 440G/slot Fabric and 6GB"
PID: A9K-RSP440-TR, VID: V09, SN: FOC2102NLQK

NAME: "module 0/RSP1/CPU0", DESCR: "ASR9K Route Switch Processor with 440G/slot Fabric and 6GB"
PID: A9K-RSP440-TR, VID: V09, SN: FOC2102NLS6

NAME: "fantray 0/FT0/SP", DESCR: "ASR-9006 Fan Tray V2"
PID: ASR-9006-FAN-V2, VID: V01, SN: FOC2105N24Z

NAME: "fan0 0/FT0/SP", DESCR: "ASR9K Generic Fan"
PID:    , VID: N/A, SN: 

NAME: "fan1 0/FT0/SP", DESCR: "ASR9K Generic Fan"
PID:    , VID: N/A, SN: 

NAME: "fan2 0/FT0/SP", DESCR: "ASR9K Generic Fan"
PID:    , VID: N/A, SN: 

NAME: "fan3 0/FT0/SP", DESCR: "ASR9K Generic Fan"
PID:    , VID: N/A, SN: 

NAME: "fan4 0/FT0/SP", DESCR: "ASR9K Generic Fan"
PID:    , VID: N/A, SN: 

NAME: "fan5 0/FT0/SP", DESCR: "ASR9K Generic Fan"
PID:    , VID: N/A, SN: 

NAME: "fantray 0/FT1/SP", DESCR: "ASR-9006 Fan Tray V2"
PID: ASR-9006-FAN-V2, VID: V01, SN: FOC2105N20U

NAME: "fan0 0/FT1/SP", DESCR: "ASR9K Generic Fan"
PID:    , VID: N/A, SN: 

NAME: "fan1 0/FT1/SP", DESCR: "ASR9K Generic Fan"
PID:    , VID: N/A, SN: 

NAME: "fan2 0/FT1/SP", DESCR: "ASR9K Generic Fan"
PID:    , VID: N/A, SN: 

NAME: "fan3 0/FT1/SP", DESCR: "ASR9K Generic Fan"
PID:    , VID: N/A, SN: 

NAME: "fan4 0/FT1/SP", DESCR: "ASR9K Generic Fan"
PID:    , VID: N/A, SN: 

NAME: "fan5 0/FT1/SP", DESCR: "ASR9K Generic Fan"
PID:    , VID: N/A, SN: 

NAME: "module 0/0/CPU0", DESCR: "40-port 1GE, Packet Transport Optimized LC"
PID: A9K-40GE-TR, VID: V03, SN: FOC2101P95B

NAME: "module mau GigabitEthernet0/0/CPU0/0", DESCR: "1000BASE-LX/LH SFP transceiver module, MMF/SMF, 1310nm, DOM"
PID: GLC-LH-SMD         , VID: V01 , SN: AVJ20423HUN   

NAME: "module mau GigabitEthernet0/0/CPU0/1", DESCR: "1000BASE-LX/LH SFP transceiver module, MMF/SMF, 1310nm, DOM"
PID: GLC-LH-SMD         , VID: V01 , SN: AVJ20423HUD   

NAME: "module mau GigabitEthernet0/0/CPU0/2", DESCR: "1000BASE-SX SFP transceiver module, MMF, 850nm, DOM"
PID: GLC-SX-MMD         , VID: V01 , SN: OPM205004TZ   

NAME: "module mau GigabitEthernet0/0/CPU0/3", DESCR: "1000BASE-SX SFP transceiver module, MMF, 850nm, DOM"
PID: GLC-SX-MMD         , VID: V01 , SN: OPM205004UB   

NAME: "module mau GigabitEthernet0/0/CPU0/4", DESCR: "1000BASE-LX/LH SFP transceiver module, MMF/SMF, 1310nm, DOM"
PID: GLC-LH-SMD         , VID: V01 , SN: AVJ20423J55   

NAME: "module mau GigabitEthernet0/0/CPU0/5", DESCR: "1000BASE-LX/LH SFP transceiver module, MMF/SMF, 1310nm, DOM"
PID: GLC-LH-SMD         , VID: V01 , SN: AVJ20423HW5   

NAME: "module mau GigabitEthernet0/0/CPU0/6", DESCR: "1000BASE-LX/LH SFP transceiver module, MMF/SMF, 1310nm, DOM"
PID: GLC-LH-SMD         , VID: V01 , SN: ACW20510F39   

NAME: "module mau GigabitEthernet0/0/CPU0/7", DESCR: "1000BASE-LX/LH SFP transceiver module, MMF/SMF, 1310nm, DOM"
PID: GLC-LH-SMD         , VID: V01 , SN: AVJ20423HVE   

NAME: "module mau GigabitEthernet0/0/CPU0/8", DESCR: "1000BASE-LX/LH SFP transceiver module, MMF/SMF, 1310nm, DOM"
PID: GLC-LH-SMD         , VID: V01 , SN: ACW205104UW   

NAME: "module mau GigabitEthernet0/0/CPU0/9", DESCR: "1000BASE-LX/LH SFP transceiver module, MMF/SMF, 1310nm, DOM"
PID: GLC-LH-SMD         , VID: V01 , SN: AVJ20423HVZ   

NAME: "module mau GigabitEthernet0/0/CPU0/20", DESCR: "1000BASE-LX/LH SFP transceiver module, MMF/SMF, 1310nm, DOM"
PID: GLC-LH-SMD         , VID: V01 , SN: CI2004150947  

NAME: "module mau GigabitEthernet0/0/CPU0/21", DESCR: "1000BASE-LX/LH SFP transceiver module, MMF/SMF, 1310nm, DOM"
PID: GLC-LH-SMD         , VID: V01 , SN: CI2004150960  

NAME: "module mau GigabitEthernet0/0/CPU0/23", DESCR: "1000BASE-LX/LH SFP transceiver module, MMF/SMF, 1310nm, DOM"
PID: GLC-LH-SMD         , VID: V01 , SN: CI2008250013  

NAME: "module mau GigabitEthernet0/0/CPU0/24", DESCR: "Unknown pluggable optics"
PID:    , VID: N/A, SN: PFN2M2G       

NAME: "module mau GigabitEthernet0/0/CPU0/25", DESCR: "Unknown pluggable optics"
PID:    , VID: N/A, SN: PU7287B       

NAME: "module mau GigabitEthernet0/0/CPU0/26", DESCR: "Unknown pluggable optics"
PID:    , VID: N/A, SN: PGG3F0H       

NAME: "module mau GigabitEthernet0/0/CPU0/27", DESCR: "Unknown pluggable optics"
PID:    , VID: N/A, SN: PWF0V8N       

NAME: "module mau GigabitEthernet0/0/CPU0/28", DESCR: "Unknown pluggable optics"
PID:    , VID: N/A, SN: PGG3AV5       

NAME: "module mau GigabitEthernet0/0/CPU0/29", DESCR: "Unknown pluggable optics"
PID:    , VID: N/A, SN: PGG3EYQ       

NAME: "module mau GigabitEthernet0/0/CPU0/31", DESCR: "Unknown pluggable optics"
PID:    , VID: N/A, SN: C09C12786     

NAME: "module mau GigabitEthernet0/0/CPU0/32", DESCR: "Unknown pluggable optics"
PID:    , VID: N/A, SN: PWF0V3H       

NAME: "module mau GigabitEthernet0/0/CPU0/33", DESCR: "Unknown pluggable optics"
PID:    , VID: N/A, SN: PW302SD       

NAME: "module mau GigabitEthernet0/0/CPU0/34", DESCR: "Unknown pluggable optics"
PID:    , VID: N/A, SN: PU1172N       

NAME: "module 0/3/CPU0", DESCR: "80G Modular Linecard, Packet Transport Optimized"
PID: A9K-MOD80-TR, VID: V10, SN: FOC2101NLC5

NAME: "module 0/3/0", DESCR: "ASR 9000 4-port 10GE Modular Port Adapter"
PID: A9K-MPA-4X10GE, VID: V06, SN: FOC2101NEGY

NAME: "module mau 0/3/0/0", DESCR: "Multirate 10GBASE-SR, SMF"
PID: XFP-10G-MM-SR       , VID: V03 , SN: FNS205201UW     

NAME: "module mau 0/3/0/1", DESCR: "Multirate 10GBASE-LR and OC-192/STM-64 SR-1 XFP, SMF"
PID: XFP-10GLR-OC192SR   , VID: V04 , SN: SPC2025002K     

NAME: "module mau 0/3/0/2", DESCR: ""
PID:    , VID: 0313, SN: 35T007201132    

NAME: "module mau 0/3/0/3", DESCR: ""
PID:    , VID: /1  , SN: UU81SRY         

NAME: "module 0/3/1", DESCR: "ASR 9000 4-port 10GE Modular Port Adapter"
PID: A9K-MPA-4X10GE, VID: V06, SN: FOC2101NED4

NAME: "module mau 0/3/1/0", DESCR: "Multirate 10GBASE-SR, SMF"
PID: XFP-10G-MM-SR       , VID: V03 , SN: FNS205207JQ     

NAME: "module mau 0/3/1/1", DESCR: "Multirate 10GBASE-LR and OC-192/STM-64 SR-1 XFP, SMF"
PID: XFP-10GLR-OC192SR   , VID: V04 , SN: SPC202401FR     

NAME: "module mau 0/3/1/2", DESCR: ""
PID:    , VID: 8/1 , SN: UW200H5         

NAME: "module mau 0/3/1/3", DESCR: "Multirate 10GBASE-LR and OC-192/STM-64 SR-1 XFP, SMF"
PID: XFP-10GLR-OC192SR   , VID: V04 , SN: SPC202500AG     

NAME: "power-module 0/PS0/M0/SP", DESCR: "2kW DC V2 Power Module"
PID: PWR-2KW-DC-V2, VID: V03, SN: ART2035Y0EX

NAME: "power-module 0/PS0/M1/SP", DESCR: "2kW DC V2 Power Module"
PID: PWR-2KW-DC-V2, VID: V03, SN: ART2035Y0EH

NAME: "power-module 0/PS0/M2/SP", DESCR: "2kW DC V2 Power Module"
PID: PWR-2KW-DC-V2, VID: V03, SN: ART2035Y0H6

NAME: "chassis ASR-9006-DC-V2", DESCR: "ASR 9006 4 Line Card Slot Chassis with V2 DC PEM"
PID: ASR-9006-DC-V2, VID: V02, SN: FOX2106PSUV

RP/0/RSP1/CPU0:DCGW_ASR9006Q1002C#
RP/0/RSP1/CPU0:DCGW_ASR9006Q1002C#
