
RP/0/RSP0/CPU0:AGG-TNHHTH11#admin show invent
Tue Sep 20 17:02:38.125 GMT
NAME: "module 0/RSP0/CPU0", DESCR: "ASR9K Route Switch Processor with 880G/slot Fabric and 16GB"
PID: A9K-RSP880-TR, VID: V05, SN: FOC2141P2TP

NAME: "module 0/RSP1/CPU0", DESCR: "ASR9K Route Switch Processor with 880G/slot Fabric and 16GB"
PID: A9K-RSP880-TR, VID: V05, SN: FOC2141P2T1

NAME: "fantray 0/FT0/SP", DESCR: "ASR-9006 Fan Tray V2"
PID: ASR-9006-FAN-V2, VID: V01, SN: FOC2143NA27

NAME: "fan0 0/FT0/SP", DESCR: "ASR9K Generic Fan"
PID: N/A, VID: N/A, SN: 

NAME: "fan1 0/FT0/SP", DESCR: "ASR9K Generic Fan"
PID: N/A, VID: N/A, SN: 

NAME: "fan2 0/FT0/SP", DESCR: "ASR9K Generic Fan"
PID: N/A, VID: N/A, SN: 

NAME: "fan3 0/FT0/SP", DESCR: "ASR9K Generic Fan"
PID: N/A, VID: N/A, SN: 

NAME: "fan4 0/FT0/SP", DESCR: "ASR9K Generic Fan"
PID: N/A, VID: N/A, SN: 

NAME: "fan5 0/FT0/SP", DESCR: "ASR9K Generic Fan"
PID: N/A, VID: N/A, SN: 

NAME: "fantray 0/FT1/SP", DESCR: "ASR-9006 Fan Tray V2"
PID: ASR-9006-FAN-V2, VID: V01, SN: FOC2143NA23

NAME: "fan0 0/FT1/SP", DESCR: "ASR9K Generic Fan"
PID:    , VID: N/A, SN: 

NAME: "fan1 0/FT1/SP", DESCR: "ASR9K Generic Fan"
PID:    , VID: N/A, SN: 

NAME: "fan2 0/FT1/SP", DESCR: "ASR9K Generic Fan"
PID:    , VID: N/A, SN: 

NAME: "fan3 0/FT1/SP", DESCR: "ASR9K Generic Fan"
PID:    , VID: N/A, SN: 

NAME: "fan4 0/FT1/SP", DESCR: "ASR9K Generic Fan"
PID:    , VID: N/A, SN: 

NAME: "fan5 0/FT1/SP", DESCR: "ASR9K Generic Fan"
PID:    , VID: N/A, SN: 

NAME: "module 0/0/CPU0", DESCR: "20-Port, 16x1GE_4xT Packet Transport Optimized LC"
PID: A9K-4T16GE-TR, VID: V03, SN: FOC2140N0B1

NAME: "module mau GigabitEthernet0/0/CPU0/0", DESCR: "1000BASE-LX/LH SFP (DOM), SMF 10Km, MMF 550m"
PID: SFP-GE-L           , VID: V01 , SN: FC1711186907    

NAME: "module mau GigabitEthernet0/0/CPU0/1", DESCR: "1000BASE-LX/LH SFP (DOM), SMF 10Km, MMF 550m"
PID: SFP-GE-L           , VID: V01 , SN: FC1711186908    

NAME: "module mau GigabitEthernet0/0/CPU0/2", DESCR: "1000BASE-LX/LH SFP (DOM), SMF 10Km, MMF 550m"
PID: SFP-GE-L           , VID: V01 , SN: FC1711186909    

NAME: "module mau GigabitEthernet0/0/CPU0/3", DESCR: "1000BASE-LX/LH SFP (DOM), SMF 10Km, MMF 550m"
PID: SFP-GE-L           , VID: V01 , SN: FC1711186910    

NAME: "module mau GigabitEthernet0/0/CPU0/5", DESCR: "1000BASE-LX/LH SFP (DOM), SMF 10Km, MMF 550m"
PID: SFP-GE-L           , VID: V01 , SN: FC1711182751    

NAME: "module mau GigabitEthernet0/0/CPU0/6", DESCR: "1000BASE-LX/LH SFP transceiver module, MMF/SMF, 1310nm, DOM"
PID: GLC-LH-SMD         , VID: V01 , SN: FC1808046979    

NAME: "module mau GigabitEthernet0/0/CPU0/7", DESCR: "Unknown pluggable optics"
PID:    , VID: N/A, SN: LTCGSFP160801469

NAME: "module mau GigabitEthernet0/0/CPU0/12", DESCR: "Unknown pluggable optics"
PID:    , VID: N/A, SN: PU72864         

NAME: "module mau GigabitEthernet0/0/CPU0/13", DESCR: "Unknown pluggable optics"
PID:    , VID: N/A, SN: PU727DH         

NAME: "module mau GigabitEthernet0/0/CPU0/14", DESCR: "Unknown pluggable optics"
PID:    , VID: N/A, SN: WX17121201470   

NAME: "module mau GigabitEthernet0/0/CPU0/15", DESCR: "Unknown pluggable optics"
PID:    , VID: N/A, SN: WX17121203586   

NAME: "module mau TenGigE0/0/CPU0/16", DESCR: "10GBASE-LR SFP+ Module for SMF"
PID: SFP-10G-LR         , VID: V03 , SN: FC1711192908    

NAME: "module mau TenGigE0/0/CPU0/17", DESCR: "10GBASE-LR SFP+ Module for SMF"
PID: SFP-10G-LR         , VID: V03 , SN: FC1711192740    

NAME: "module mau TenGigE0/0/CPU0/18", DESCR: "Unknown or Unsupported SFP Module"
PID: SFP-10G-2LC10KM    , VID: V01 , SN: C202101310576   

NAME: "module mau TenGigE0/0/CPU0/19", DESCR: "10GBASE-LR SFP Module, Enterprise-Class"
PID: SFP-10G-LR-S       , VID: V01 , SN: CI2106150443    

NAME: "module 0/1/CPU0", DESCR: "20-Port, 16x1GE_4xT Packet Transport Optimized LC"
PID: A9K-4T16GE-TR, VID: V03, SN: FOC2142NHCG

NAME: "module mau GigabitEthernet0/1/CPU0/0", DESCR: "1000BASE-LX/LH SFP (DOM), SMF 10Km, MMF 550m"
PID: SFP-GE-L           , VID: V01 , SN: FC1711186905    

NAME: "module mau GigabitEthernet0/1/CPU0/2", DESCR: "1000BASE-LX/LH SFP (DOM), SMF 10Km, MMF 550m"
PID: SFP-GE-L           , VID: V01 , SN: FC1711186918    

NAME: "module mau GigabitEthernet0/1/CPU0/3", DESCR: "1000BASE-LX/LH SFP (DOM), SMF 10Km, MMF 550m"
PID: SFP-GE-L           , VID: V01 , SN: FC1711186906    

NAME: "module mau GigabitEthernet0/1/CPU0/4", DESCR: "1000BASE-LX/LH SFP transceiver module, MMF/SMF, 1310nm, DOM"
PID: GLC-LH-SMD         , VID: V01 , SN: FC1907283591    

NAME: "module mau GigabitEthernet0/1/CPU0/5", DESCR: "1000BASE-LX/LH SFP (DOM), SMF 10Km, MMF 550m"
PID: SFP-GE-L           , VID: V01 , SN: FC1711182778    

NAME: "module mau GigabitEthernet0/1/CPU0/13", DESCR: "Unknown pluggable optics"
PID:    , VID: N/A, SN: S1HWDGT74400185 

NAME: "module mau GigabitEthernet0/1/CPU0/14", DESCR: "Unknown pluggable optics"
PID:    , VID: N/A, SN: WX17121200714   

NAME: "module mau GigabitEthernet0/1/CPU0/15", DESCR: "Unknown pluggable optics"
PID:    , VID: N/A, SN: WX17121200589   

NAME: "module mau TenGigE0/1/CPU0/16", DESCR: "10GBASE-LR SFP+ Module for SMF"
PID: SFP-10G-LR         , VID: V03 , SN: FC1711192909    

NAME: "module mau TenGigE0/1/CPU0/17", DESCR: "10GBASE-LR SFP Module, Enterprise-Class"
PID: SFP-10G-LR-S       , VID: V01 , SN: CI2106150510    

NAME: "module mau TenGigE0/1/CPU0/18", DESCR: "Unknown or Unsupported SFP Module"
PID: SFP-10G-2LC10KM    , VID: V01 , SN: C202101310552   

NAME: "module mau TenGigE0/1/CPU0/19", DESCR: "10GBASE-LR SFP Module, Enterprise-Class"
PID: SFP-10G-LR-S       , VID: V01 , SN: CI2106150624    

NAME: "power-module 0/PS0/M0/SP", DESCR: "2kW DC V2 Power Module"
PID: PWR-2KW-DC-V2, VID: V03, SN: ART2136Y007

NAME: "power-module 0/PS0/M1/SP", DESCR: "2kW DC V2 Power Module"
PID: PWR-2KW-DC-V2, VID: V03, SN: ART2135Y0BA

NAME: "power-module 0/PS0/M2/SP", DESCR: "2kW DC V2 Power Module"
PID: PWR-2KW-DC-V2, VID: V03, SN: ART2136Y001

NAME: "power-module 0/PS0/M3/SP", DESCR: "2kW DC V2 Power Module"
PID: PWR-2KW-DC-V2, VID: V03, SN: ART2135Y09Y

NAME: "chassis ASR-9006-DC-V2", DESCR: "ASR 9006 4 Line Card Slot Chassis with V2 DC PEM"
PID: ASR-9006-DC-V2, VID: V02, SN: FOX2137P4DX

RP/0/RSP0/CPU0:AGG-TNHHTH11#
RP/0/RSP0/CPU0:AGG-TNHHTH11#
