
RP/0/RSP1/CPU0:PE_ASR9006TNI02C#admin show invent
Tue Sep 20 17:02:37.014 GMT
NAME: "module 0/RSP0/CPU0", DESCR: "ASR9K Route Switch Processor with 440G/slot Fabric and 6GB"
PID: A9K-RSP440-TR, VID: V08, SN: FOC1949NCTB

NAME: "module 0/RSP1/CPU0", DESCR: "ASR9K Route Switch Processor with 440G/slot Fabric and 6GB"
PID: A9K-RSP440-TR, VID: V08, SN: FOC1949NCNR

NAME: "fantray 0/FT0/SP", DESCR: "ASR-9006 Fan Tray V2"
PID: ASR-9006-FAN-V2, VID: V01, SN: FOC1952N7B7

NAME: "fan0 0/FT0/SP", DESCR: "ASR9K Generic Fan"
PID:    , VID: N/A, SN: 

NAME: "fan1 0/FT0/SP", DESCR: "ASR9K Generic Fan"
PID:    , VID: N/A, SN: 

NAME: "fan2 0/FT0/SP", DESCR: "ASR9K Generic Fan"
PID:    , VID: N/A, SN: 

NAME: "fan3 0/FT0/SP", DESCR: "ASR9K Generic Fan"
PID:    , VID: N/A, SN: 

NAME: "fan4 0/FT0/SP", DESCR: "ASR9K Generic Fan"
PID:    , VID: N/A, SN: 

NAME: "fan5 0/FT0/SP", DESCR: "ASR9K Generic Fan"
PID:    , VID: N/A, SN: 

NAME: "fantray 0/FT1/SP", DESCR: "ASR-9006 Fan Tray V2"
PID: ASR-9006-FAN-V2, VID: V01, SN: FOC1952N7BC

NAME: "fan0 0/FT1/SP", DESCR: "ASR9K Generic Fan"
PID:    , VID: N/A, SN: 

NAME: "fan1 0/FT1/SP", DESCR: "ASR9K Generic Fan"
PID:    , VID: N/A, SN: 

NAME: "fan2 0/FT1/SP", DESCR: "ASR9K Generic Fan"
PID:    , VID: N/A, SN: 

NAME: "fan3 0/FT1/SP", DESCR: "ASR9K Generic Fan"
PID:    , VID: N/A, SN: 

NAME: "fan4 0/FT1/SP", DESCR: "ASR9K Generic Fan"
PID:    , VID: N/A, SN: 

NAME: "fan5 0/FT1/SP", DESCR: "ASR9K Generic Fan"
PID:    , VID: N/A, SN: 

NAME: "module 0/2/CPU0", DESCR: "20-Port, 16x1GE_4xT Packet Transport Optimized LC"
PID: A9K-4T16GE-TR, VID: V03, SN: FOC2140N0AA

NAME: "module mau GigabitEthernet0/2/CPU0/0", DESCR: "Unknown pluggable optics"
PID:    , VID: N/A, SN: HA11050121852 

NAME: "module mau GigabitEthernet0/2/CPU0/1", DESCR: "Unknown pluggable optics"
PID:    , VID: N/A, SN: HA11050170212 

NAME: "module mau GigabitEthernet0/2/CPU0/2", DESCR: "Unknown pluggable optics"
PID:    , VID: N/A, SN: HA11260270234 

NAME: "module mau GigabitEthernet0/2/CPU0/3", DESCR: "Unknown pluggable optics"
PID:    , VID: N/A, SN: HA11050170219 

NAME: "module mau GigabitEthernet0/2/CPU0/4", DESCR: "Unknown pluggable optics"
PID:    , VID: N/A, SN: HA11050121877 

NAME: "module mau GigabitEthernet0/2/CPU0/5", DESCR: "Unknown pluggable optics"
PID:    , VID: N/A, SN: HA11260270236 

NAME: "module mau GigabitEthernet0/2/CPU0/6", DESCR: "Unknown pluggable optics"
PID:    , VID: N/A, SN: WX16062008792 

NAME: "module mau GigabitEthernet0/2/CPU0/7", DESCR: "Unknown pluggable optics"
PID:    , VID: N/A, SN: OE2L21075     

NAME: "module mau GigabitEthernet0/2/CPU0/8", DESCR: "1000BASE-LX/LH SFP (DOM), SMF 10Km, MMF 550m"
PID: SFP-GE-L           , VID: V01 , SN: FC1711182440  

NAME: "module mau GigabitEthernet0/2/CPU0/9", DESCR: "1000BASE-LX/LH SFP (DOM), SMF 10Km, MMF 550m"
PID: SFP-GE-L           , VID: V01 , SN: FC1711182439  

NAME: "module mau GigabitEthernet0/2/CPU0/13", DESCR: "1000BASE-LX/LH SFP (DOM), SMF 10Km, MMF 550m"
PID: SFP-GE-L           , VID: V01 , SN: FC1708064964  

NAME: "module mau TenGigE0/2/CPU0/16", DESCR: "10GBASE-ZR SFP+, SMF 80km"
PID: SFP-10G-ZR         , VID: V02 , SN: CLS10706358   

NAME: "module 0/3/CPU0", DESCR: "80G Modular Linecard, Packet Transport Optimized"
PID: A9K-MOD80-TR, VID: V08, SN: FOC1942N9V5

NAME: "module 0/3/0", DESCR: "ASR 9000 4-port 10GE Modular Port Adapter"
PID: A9K-MPA-4X10GE, VID: V05, SN: FOC1946NEP2

NAME: "module mau 0/3/0/0", DESCR: "Multirate 10GBASE-SR, SMF"
PID: XFP-10G-MM-SR       , VID: V03 , SN: FNS19440AD9     

NAME: "module mau 0/3/0/1", DESCR: "Multirate 10GBASE-LR and OC-192/STM-64 SR-1 XFP, SMF"
PID: XFP-10GLR-OC192SR   , VID: V04 , SN: SPC194501FW     

NAME: "module mau 0/3/0/2", DESCR: "Multirate 10GBASE-LR and OC-192/STM-64 SR-1 XFP, SMF"
PID: XFP-10GLR-OC192SR   , VID: V03 , SN: CI181230004     

NAME: "module mau 0/3/0/3", DESCR: "Multirate 10GBASE-SR, SMF"
PID: XFP-10G-MM-SR       , VID: V02 , SN: ONT173501RE     

NAME: "module 0/3/1", DESCR: "ASR 9000 20-port 1GE Modular Port Adapter"
PID: A9K-MPA-20X1GE, VID: V03, SN: FOC1951P05U

NAME: "module mau 0/3/1/0", DESCR: "1000BASE-LX/LH SFP (DOM), SMF 10Km, MMF 550m"
PID: SFP-GE-L            , VID: V01 , SN: FNS15250VFH     

NAME: "module mau 0/3/1/1", DESCR: "1000BASE-LX/LH SFP (DOM), SMF 10Km, MMF 550m"
PID: SFP-GE-L            , VID: V01 , SN: FNS15250NDK     

NAME: "module mau 0/3/1/2", DESCR: ""
PID:    , VID: N/A, SN: MA12010190186   

NAME: "module mau 0/3/1/3", DESCR: ""
PID:    , VID: N/A, SN: OE2L21085       

NAME: "module mau 0/3/1/4", DESCR: "1000BASE-LX/LH SFP transceiver module, MMF/SMF, 1310nm, DOM"
PID: GLC-LH-SMD          , VID: V01 , SN: FNS19360FZ1     

NAME: "module mau 0/3/1/5", DESCR: "1000BASE-LX/LH SFP (DOM), SMF 10Km, MMF 550m"
PID: SFP-GE-L            , VID: V01 , SN: FNS1130060C     

NAME: "module mau 0/3/1/6", DESCR: "1000BASE-LX/LH SFP transceiver module, MMF/SMF, 1310nm, DOM"
PID: GLC-LH-SMD          , VID: V01 , SN: FNS19360FYA     

NAME: "module mau 0/3/1/7", DESCR: "1000BASE-LX/LH SFP transceiver module, MMF/SMF, 1310nm, DOM"
PID: GLC-LH-SMD          , VID: V01 , SN: FNS19360G2H     

NAME: "module mau 0/3/1/8", DESCR: ""
PID:    , VID: N/A, SN: HA11050170198   

NAME: "module mau 0/3/1/9", DESCR: ""
PID:    , VID: N/A, SN: HA11050170204   

NAME: "module mau 0/3/1/10", DESCR: "1000BASE-LX/LH SFP (DOM), SMF 10Km, MMF 550m"
PID: SFP-GE-L            , VID: V01 , SN: FNS15240UC4     

NAME: "module mau 0/3/1/11", DESCR: "1000BASE-LX/LH SFP transceiver module, MMF/SMF, 1310nm, DOM"
PID: GLC-LH-SMD          , VID: V01 , SN: FNS17371Z6H     

NAME: "module mau 0/3/1/12", DESCR: "1000BASE-LX/LH SFP transceiver module, MMF/SMF, 1310nm, DOM"
PID: GLC-LH-SMD          , VID: V01 , SN: FNS18471EB2     

NAME: "module mau 0/3/1/13", DESCR: "1000BASE-LX/LH SFP (DOM), SMF 10Km, MMF 550m"
PID: SFP-GE-L            , VID: V01 , SN: FNS15250V35     

NAME: "module mau 0/3/1/14", DESCR: "1000BASE-LX/LH SFP (DOM), SMF 10Km, MMF 550m"
PID: SFP-GE-L            , VID: V01 , SN: FNS15240UDD     

NAME: "module mau 0/3/1/15", DESCR: "1000BASE-LX/LH SFP (DOM), SMF 10Km, MMF 550m"
PID: SFP-GE-L            , VID: V01 , SN: FNS11520FJT     

NAME: "module mau 0/3/1/16", DESCR: "1000BASE-LX/LH SFP (DOM), SMF 10Km, MMF 550m"
PID: SFP-GE-L            , VID: V01 , SN: FNS15240UCL     

NAME: "module mau 0/3/1/17", DESCR: "1000BASE-LX/LH SFP (DOM), SMF 10Km, MMF 550m"
PID: SFP-GE-L            , VID: V01 , SN: FNS152516W4     

NAME: "module mau 0/3/1/18", DESCR: "1000BASE-LX/LH SFP (DOM), SMF 10Km, MMF 550m"
PID: SFP-GE-L            , VID: V01 , SN: FNS15240UCQ     

NAME: "module mau 0/3/1/19", DESCR: ""
PID:    , VID: N/A, SN: OE2L21080       

NAME: "power-module 0/PM0/0/SP", DESCR: "2kW DC V2 Power Module"
PID: PWR-2KW-DC-V2, VID: V03, SN: ART1950Y004

NAME: "power-module 0/PM0/1/SP", DESCR: "2kW DC V2 Power Module"
PID: PWR-2KW-DC-V2, VID: V03, SN: ART1949Y0DU

NAME: "chassis ASR-9006-DC-V2", DESCR: "ASR 9006 4 Line Card Slot Chassis with V2 DC PEM"
PID: ASR-9006-DC-V2, VID: V02, SN: FOX1950G59W

RP/0/RSP1/CPU0:PE_ASR9006TNI02C#
RP/0/RSP1/CPU0:PE_ASR9006TNI02C#
