
RP/0/RSP0/CPU0:AGG-HCMQ0611#admin show invent
Tue Sep 20 17:03:04.543 GMT
NAME: "module 0/RSP0/CPU0", DESCR: "ASR9K Route Switch Processor with 440G/slot Fabric and 6GB"
PID: A9K-RSP440-TR, VID: V09, SN: FOC2035NZZR

NAME: "module 0/RSP1/CPU0", DESCR: "ASR9K Route Switch Processor with 440G/slot Fabric and 6GB"
PID: A9K-RSP440-TR, VID: V09, SN: FOC2035NZZT

NAME: "fantray 0/FT0/SP", DESCR: "ASR-9006 Fan Tray V2"
PID: ASR-9006-FAN-V2, VID: V01, SN: FOC2035NS5N

NAME: "fan0 0/FT0/SP", DESCR: "ASR9K Generic Fan"
PID: N/A, VID: N/A, SN: 

NAME: "fan1 0/FT0/SP", DESCR: "ASR9K Generic Fan"
PID: N/A, VID: N/A, SN: 

NAME: "fan2 0/FT0/SP", DESCR: "ASR9K Generic Fan"
PID: N/A, VID: N/A, SN: 

NAME: "fan3 0/FT0/SP", DESCR: "ASR9K Generic Fan"
PID: N/A, VID: N/A, SN: 

NAME: "fan4 0/FT0/SP", DESCR: "ASR9K Generic Fan"
PID: N/A, VID: N/A, SN: 

NAME: "fan5 0/FT0/SP", DESCR: "ASR9K Generic Fan"
PID: N/A, VID: N/A, SN: 

NAME: "fantray 0/FT1/SP", DESCR: "ASR-9006 Fan Tray V2"
PID: ASR-9006-FAN-V2, VID: V01, SN: FOC2035NS5S

NAME: "fan0 0/FT1/SP", DESCR: "ASR9K Generic Fan"
PID: N/A, VID: N/A, SN: 

NAME: "fan1 0/FT1/SP", DESCR: "ASR9K Generic Fan"
PID: N/A, VID: N/A, SN: 

NAME: "fan2 0/FT1/SP", DESCR: "ASR9K Generic Fan"
PID: N/A, VID: N/A, SN: 

NAME: "fan3 0/FT1/SP", DESCR: "ASR9K Generic Fan"
PID: N/A, VID: N/A, SN: 

NAME: "fan4 0/FT1/SP", DESCR: "ASR9K Generic Fan"
PID: N/A, VID: N/A, SN: 

NAME: "fan5 0/FT1/SP", DESCR: "ASR9K Generic Fan"
PID: N/A, VID: N/A, SN: 

NAME: "module 0/0/CPU0", DESCR: "20-Port, 16x1GE_4xT Packet Transport Optimized LC"
PID: A9K-4T16GE-TR, VID: V02, SN: FOC2031NGRP

NAME: "GigabitEthernet0/0/0/15", DESCR: "Non-Cisco OEM SFP 1G Pluggable Optics Module"
PID: LT-COPPER-SFP, VID: 1., SN: LTCGSFP160800187

NAME: "module mau TenGigE0/0/CPU0/16", DESCR: "10GBASE-ER 1550nm SMF 40KM"
PID: SFP-10G-ER         , VID: V02 , SN: FC1611131102    

NAME: "module mau TenGigE0/0/CPU0/17", DESCR: "10GBASE-LR SFP+ Module for SMF"
PID: SFP-10G-LR         , VID: V02 , SN: FC1611130192    

NAME: "module 0/1/CPU0", DESCR: "24X10G/1G Packet Transport Optimized LC"
PID: A9K-24X10GE-1G-TR, VID: V04, SN: FOC2423N67K

NAME: "TenGigE0/1/0/0", DESCR: "Non-Cisco ModuleTek SFP+ 10G Pluggable Optics Module"
PID: SFP-10G-LR, VID: N/A, SN: 10GLR20050972   

NAME: "TenGigE0/1/0/1", DESCR: "Non-Cisco ModuleTek SFP+ 10G Pluggable Optics Module"
PID: SFP-10G-LR, VID: N/A, SN: 10GLR20050973   

NAME: "TenGigE0/1/0/2", DESCR: "Non-Cisco ModuleTek SFP+ 10G Pluggable Optics Module"
PID: SFP-10G-LR, VID: N/A, SN: 10GLR20050964   

NAME: "TenGigE0/1/0/3", DESCR: "Non-Cisco ModuleTek SFP+ 10G Pluggable Optics Module"
PID: SFP-10G-LR, VID: N/A, SN: 10GLR20051136   

NAME: "TenGigE0/1/0/4", DESCR: "Non-Cisco ModuleTek SFP+ 10G Pluggable Optics Module"
PID: SFP-10G-LR, VID: N/A, SN: 10GLR20050975   

NAME: "TenGigE0/1/0/5", DESCR: "Non-Cisco ModuleTek SFP+ 10G Pluggable Optics Module"
PID: SFP-10G-LR, VID: N/A, SN: 10GLR20050989   

NAME: "module mau TenGigE0/1/CPU0/6", DESCR: "10GBASE-ER 1550nm SMF 40KM"
PID: SFP-10G-ER         , VID: V02 , SN: MM1S201224482   

NAME: "power-module 0/PS0/M0/SP", DESCR: "2kW DC V2 Power Module"
PID: PWR-2KW-DC-V2, VID: V03, SN: ART2028Y0C2

NAME: "power-module 0/PS0/M1/SP", DESCR: "2kW DC V2 Power Module"
PID: PWR-2KW-DC-V2, VID: V03, SN: ART2028Y0C0

NAME: "power-module 0/PS0/M2/SP", DESCR: "2kW DC V2 Power Module"
PID: PWR-2KW-DC-V2, VID: V03, SN: ART2418Y020

NAME: "chassis ASR-9006-DC-V2", DESCR: "ASR 9006 4 Line Card Slot Chassis with V2 DC PEM"
PID: ASR-9006-DC-V2, VID: V02, SN: FOX2038G5RZ

RP/0/RSP0/CPU0:AGG-HCMQ0611#
RP/0/RSP0/CPU0:AGG-HCMQ0611#
