
RP/0/RSP0/CPU0:MTC-TNHHTH11#admin show invent
Tue Sep 20 17:02:37.904 GMT
NAME: "module 0/RSP0/CPU0", DESCR: "ASR9K Route Switch Processor with 880G/slot Fabric and 16GB"
PID: A9K-RSP880-TR, VID: V05, SN: FOC2138NSJS

NAME: "module 0/RSP1/CPU0", DESCR: "ASR9K Route Switch Processor with 880G/slot Fabric and 16GB"
PID: A9K-RSP880-TR, VID: V05, SN: FOC2141P2YV

NAME: "fantray 0/FT0/SP", DESCR: "ASR-9006 Fan Tray V2"
PID: ASR-9006-FAN-V2, VID: V01, SN: FOC2141N9Z3

NAME: "fan0 0/FT0/SP", DESCR: "ASR9K Generic Fan"
PID:    , VID: N/A, SN: 

NAME: "fan1 0/FT0/SP", DESCR: "ASR9K Generic Fan"
PID:    , VID: N/A, SN: 

NAME: "fan2 0/FT0/SP", DESCR: "ASR9K Generic Fan"
PID:    , VID: N/A, SN: 

NAME: "fan3 0/FT0/SP", DESCR: "ASR9K Generic Fan"
PID:    , VID: N/A, SN: 

NAME: "fan4 0/FT0/SP", DESCR: "ASR9K Generic Fan"
PID:    , VID: N/A, SN: 

NAME: "fan5 0/FT0/SP", DESCR: "ASR9K Generic Fan"
PID:    , VID: N/A, SN: 

NAME: "fantray 0/FT1/SP", DESCR: "ASR-9006 Fan Tray V2"
PID: ASR-9006-FAN-V2, VID: V01, SN: FOC2141N9YW

NAME: "fan0 0/FT1/SP", DESCR: "ASR9K Generic Fan"
PID:    , VID: N/A, SN: 

NAME: "fan1 0/FT1/SP", DESCR: "ASR9K Generic Fan"
PID:    , VID: N/A, SN: 

NAME: "fan2 0/FT1/SP", DESCR: "ASR9K Generic Fan"
PID:    , VID: N/A, SN: 

NAME: "fan3 0/FT1/SP", DESCR: "ASR9K Generic Fan"
PID:    , VID: N/A, SN: 

NAME: "fan4 0/FT1/SP", DESCR: "ASR9K Generic Fan"
PID:    , VID: N/A, SN: 

NAME: "fan5 0/FT1/SP", DESCR: "ASR9K Generic Fan"
PID:    , VID: N/A, SN: 

NAME: "module 0/0/CPU0", DESCR: "20-Port, 16x1GE_4xT Packet Transport Optimized LC"
PID: A9K-4T16GE-TR, VID: V03, SN: FOC2140N0BJ

NAME: "module mau GigabitEthernet0/0/CPU0/0", DESCR: "1000BASE-LX/LH SFP (DOM), SMF 10Km, MMF 550m"
PID: SFP-GE-L           , VID: V01 , SN: FC1711186940    

NAME: "module mau GigabitEthernet0/0/CPU0/1", DESCR: "Unknown pluggable optics"
PID:    , VID: N/A, SN: CLSI1840008     

NAME: "module mau TenGigE0/0/CPU0/16", DESCR: "10GBASE-LR SFP+ Module for SMF"
PID: SFP-10G-LR         , VID: V02 , SN: FC1611130188    

NAME: "module mau TenGigE0/0/CPU0/17", DESCR: "10GBASE-LR SFP+ Module for SMF"
PID: SFP-10G-LR         , VID: V03 , SN: FC1711192910    

NAME: "module mau TenGigE0/0/CPU0/18", DESCR: "10GBASE-ER 1550nm SMF 40KM"
PID: SFP-10G-ER         , VID: V02 , SN: FC1711193114    

NAME: "module mau TenGigE0/0/CPU0/19", DESCR: "10GBASE-LR SFP+ Module for SMF"
PID: SFP-10G-LR         , VID: V03 , SN: FC2202163606    

NAME: "module 0/1/CPU0", DESCR: "20-Port, 16x1GE_4xT Packet Transport Optimized LC"
PID: A9K-4T16GE-TR, VID: V03, SN: FOC2140N09N

NAME: "module mau TenGigE0/1/CPU0/16", DESCR: "10GBASE-ZR SFP+, SMF 80km"
PID: SFP-10G-ZR         , VID: V02 , SN: CLS10706361     

NAME: "module mau TenGigE0/1/CPU0/18", DESCR: "10GBASE-LR SFP+ Module for SMF"
PID: SFP-10G-LR         , VID: V03 , SN: FC1808054151    

NAME: "module mau TenGigE0/1/CPU0/19", DESCR: "10GBASE-LR SFP+ Module for SMF"
PID: SFP-10G-LR         , VID: V03 , SN: FC1711192915    

NAME: "module 0/2/CPU0", DESCR: "160G Modular Linecard, Packet Transport Optimized"
PID: A9K-MOD160-TR, VID: V10, SN: FOC2141N19E

NAME: "module 0/2/0", DESCR: "ASR 9000 8-port 10GE Modular Port Adapter"
PID: A9K-MPA-8X10GE, VID: V03, SN: FOC2135N1FY

NAME: "module mau 0/2/0/0", DESCR: "10GBASE-ER 1550nm SMF 40KM"
PID: SFP-10G-ER          , VID: V02 , SN: FC1711193062    

NAME: "module mau 0/2/0/2", DESCR: "10GBASE-LR SFP Module, Enterprise-Class"
PID: SFP-10G-LR-S        , VID: V01 , SN: CI2108090270    

NAME: "module mau 0/2/0/7", DESCR: "10GBASE-LR SFP+ Module for SMF"
PID: SFP-10G-LR          , VID: V03 , SN: FC1711192906    

NAME: "module 0/2/1", DESCR: "ASR 9000 8-port 10GE Modular Port Adapter"
PID: A9K-MPA-8X10GE, VID: V03, SN: FOC2135N1EB

NAME: "module mau 0/2/1/0", DESCR: ""
PID:    , VID: 0599, SN: Z171623XP       

NAME: "module mau 0/2/1/1", DESCR: "10GBASE-LR SFP+ Module for SMF"
PID: SFP-10G-LR          , VID: V03 , SN: FC1711192907    

NAME: "module mau 0/2/1/2", DESCR: "10GBASE-LR SFP Module, Enterprise-Class"
PID: SFP-10G-LR-S        , VID: V01 , SN: CI2108090279    

NAME: "module mau 0/2/1/3", DESCR: "10GBASE-LR SFP Module, Enterprise-Class"
PID: SFP-10G-LR-S        , VID: V01 , SN: CI2108090269    

NAME: "power-module 0/PS0/M0/SP", DESCR: "2kW DC V2 Power Module"
PID: PWR-2KW-DC-V2, VID: V03, SN: ART2136Y07G

NAME: "power-module 0/PS0/M1/SP", DESCR: "2kW DC V2 Power Module"
PID: PWR-2KW-DC-V2, VID: V03, SN: ART2136Y07L

NAME: "power-module 0/PS0/M2/SP", DESCR: "2kW DC V2 Power Module"
PID: PWR-2KW-DC-V2, VID: V03, SN: ART2136Y06Z

NAME: "power-module 0/PS0/M3/SP", DESCR: "2kW DC V2 Power Module"
PID: PWR-2KW-DC-V2, VID: V03, SN: ART2136Y07S

NAME: "chassis ASR-9006-DC-V2", DESCR: "ASR 9006 4 Line Card Slot Chassis with V2 DC PEM"
PID: ASR-9006-DC-V2, VID: V02, SN: FOX2142P8SE

RP/0/RSP0/CPU0:MTC-TNHHTH11#
RP/0/RSP0/CPU0:MTC-TNHHTH11#
