
RP/0/RSP0/CPU0:MTC-HGGVTH11#admin show invent
Tue Sep 20 17:02:37.079 GMT
NAME: "module 0/RSP0/CPU0", DESCR: "ASR 9K Route Switch Processor for Transport"
PID: A9K-RSP880-LT-TR, VID: V01, SN: FOC2227P0UM

NAME: "module 0/RSP1/CPU0", DESCR: "ASR 9K Route Switch Processor for Transport"
PID: A9K-RSP880-LT-TR, VID: V01, SN: FOC2227P0YT

NAME: "fantray 0/FT0/SP", DESCR: "ASR 9010 Fan Tray Version 2"
PID: ASR-9010-FAN-V2, VID: V03 , SN: FOC2224NQ32

NAME: "fan0 0/FT0/SP", DESCR: "ASR9K Generic Fan"
PID: N/A, VID: N/A, SN: 

NAME: "fan1 0/FT0/SP", DESCR: "ASR9K Generic Fan"
PID: N/A, VID: N/A, SN: 

NAME: "fan2 0/FT0/SP", DESCR: "ASR9K Generic Fan"
PID: N/A, VID: N/A, SN: 

NAME: "fan3 0/FT0/SP", DESCR: "ASR9K Generic Fan"
PID: N/A, VID: N/A, SN: 

NAME: "fan4 0/FT0/SP", DESCR: "ASR9K Generic Fan"
PID: N/A, VID: N/A, SN: 

NAME: "fan5 0/FT0/SP", DESCR: "ASR9K Generic Fan"
PID: N/A, VID: N/A, SN: 

NAME: "fan6 0/FT0/SP", DESCR: "ASR9K Generic Fan"
PID: N/A, VID: N/A, SN: 

NAME: "fan7 0/FT0/SP", DESCR: "ASR9K Generic Fan"
PID: N/A, VID: N/A, SN: 

NAME: "fan8 0/FT0/SP", DESCR: "ASR9K Generic Fan"
PID: N/A, VID: N/A, SN: 

NAME: "fan9 0/FT0/SP", DESCR: "ASR9K Generic Fan"
PID: N/A, VID: N/A, SN: 

NAME: "fan10 0/FT0/SP", DESCR: "ASR9K Generic Fan"
PID: N/A, VID: N/A, SN: 

NAME: "fan11 0/FT0/SP", DESCR: "ASR9K Generic Fan"
PID: N/A, VID: N/A, SN: 

NAME: "fantray 0/FT1/SP", DESCR: "ASR 9010 Fan Tray Version 2"
PID: ASR-9010-FAN-V2, VID: V03 , SN: FOC2222NTRH

NAME: "fan0 0/FT1/SP", DESCR: "ASR9K Generic Fan"
PID: N/A, VID: N/A, SN: 

NAME: "fan1 0/FT1/SP", DESCR: "ASR9K Generic Fan"
PID: N/A, VID: N/A, SN: 

NAME: "fan2 0/FT1/SP", DESCR: "ASR9K Generic Fan"
PID: N/A, VID: N/A, SN: 

NAME: "fan3 0/FT1/SP", DESCR: "ASR9K Generic Fan"
PID: N/A, VID: N/A, SN: 

NAME: "fan4 0/FT1/SP", DESCR: "ASR9K Generic Fan"
PID: N/A, VID: N/A, SN: 

NAME: "fan5 0/FT1/SP", DESCR: "ASR9K Generic Fan"
PID: N/A, VID: N/A, SN: 

NAME: "fan6 0/FT1/SP", DESCR: "ASR9K Generic Fan"
PID: N/A, VID: N/A, SN: 

NAME: "fan7 0/FT1/SP", DESCR: "ASR9K Generic Fan"
PID: N/A, VID: N/A, SN: 

NAME: "fan8 0/FT1/SP", DESCR: "ASR9K Generic Fan"
PID: N/A, VID: N/A, SN: 

NAME: "fan9 0/FT1/SP", DESCR: "ASR9K Generic Fan"
PID: N/A, VID: N/A, SN: 

NAME: "fan10 0/FT1/SP", DESCR: "ASR9K Generic Fan"
PID: N/A, VID: N/A, SN: 

NAME: "fan11 0/FT1/SP", DESCR: "ASR9K Generic Fan"
PID: N/A, VID: N/A, SN: 

NAME: "module 0/0/CPU0", DESCR: "160G Modular Linecard, Packet Transport Optimized"
PID: A9K-MOD160-TR, VID: V11, SN: FOC2227P6YG

NAME: "module 0/0/0", DESCR: "ASR 9000 8-port 10GE Modular Port Adapter"
PID: A9K-MPA-8X10GE, VID: V04, SN: FOC2223NW8X

NAME: "TenGigE0/0/0/0", DESCR: "Non-Cisco OEM SFP+ 10G Pluggable Optics Module"
PID: TSPLXG80D, VID: 0001, SN: CI200219053     

NAME: "TenGigE0/0/0/1", DESCR: "Non-Cisco OEM SFP+ 10G Pluggable Optics Module"
PID: TSPLXG80D, VID: 0001, SN: CI200219046     

NAME: "module mau 0/0/0/2", DESCR: "10GBASE-LR SFP+ Module for SMF"
PID: SFP-10G-LR          , VID: V03 , SN: FC1808055168    

NAME: "module mau 0/0/0/6", DESCR: "10GBASE-ER 1550nm SMF 40KM"
PID: SFP-10G-ER          , VID: V01 , SN: FC2202164228    

NAME: "module 0/0/1", DESCR: "ASR 9000 8-port 10GE Modular Port Adapter"
PID: A9K-MPA-8X10GE, VID: V04, SN: FOC2223NW9K

NAME: "module mau 0/0/1/0", DESCR: "10GBASE-LR SFP+ Module for SMF"
PID: SFP-10G-LR          , VID: V03 , SN: FC1711192806    

NAME: "module mau 0/0/1/1", DESCR: "10GBASE-LR SFP+ Module for SMF"
PID: SFP-10G-LR          , VID: V03 , SN: FC1808054995    

NAME: "module mau 0/0/1/3", DESCR: "10GBASE-LR SFP+ Module for SMF"
PID: SFP-10G-LR          , VID: V03 , SN: FC2202163622    

NAME: "module mau 0/0/1/4", DESCR: "10GBASE-LR SFP+ Module for SMF"
PID: SFP-10G-LR          , VID: V03 , SN: FC2202163625    

NAME: "module mau 0/0/1/5", DESCR: "10GBASE-ER 1550nm SMF 40KM"
PID: SFP-10G-ER          , VID: V01 , SN: FC2202164220    

NAME: "module 0/1/CPU0", DESCR: "20-Port, 16x1GE_4xT Packet Transport Optimized LC"
PID: A9K-4T16GE-TR, VID: V04, SN: FOC2215NSCB

NAME: "module mau GigabitEthernet0/1/CPU0/0", DESCR: "1000BASE-EX SFP transceiver module, SMF, 1310nm, DOM"
PID: GLC-EX-SMD         , VID: V01 , SN: FC1808053463    

NAME: "TenGigE0/1/0/16", DESCR: "Non-Cisco SumitomoElectric SFP+ 10G Pluggable Optics Module"
PID: SPP5100ZX-H1, VID: A, SN: 4Z1129A00636    

NAME: "module mau TenGigE0/1/CPU0/17", DESCR: "10GBASE-LR SFP+ Module for SMF"
PID: SFP-10G-LR         , VID: V03 , SN: FC1808054992    

NAME: "module mau TenGigE0/1/CPU0/18", DESCR: "10GBASE-LR SFP+ Module for SMF"
PID: SFP-10G-LR         , VID: V03 , SN: FC1808055170    

NAME: "module 0/2/CPU0", DESCR: "20-Port, 16x1GE_4xT Packet Transport Optimized LC"
PID: A9K-4T16GE-TR, VID: V04, SN: FOC2215NSCL

NAME: "GigabitEthernet0/2/0/0", DESCR: "Non-Cisco TIBTRONIX SFP 1G Pluggable Optics Module"
PID: TSPL1G80D, VID: A, SN: CI2004071023    

NAME: "TenGigE0/2/0/17", DESCR: "Non-Cisco OEM SFP+ 10G Pluggable Optics Module"
PID: TSPLXG80D, VID: 00, SN: CI200219052     

NAME: "module mau TenGigE0/2/CPU0/18", DESCR: "10GBASE-ER 1550nm SMF 40KM"
PID: SFP-10G-ER         , VID: V01 , SN: FC2202164227    

NAME: "module mau TenGigE0/2/CPU0/19", DESCR: "10GBASE-LR SFP+ Module for SMF"
PID: SFP-10G-LR         , VID: V03 , SN: FC1808054152    

NAME: "power-module 0/PS0/M0/SP", DESCR: "2kW DC V2 Power Module"
PID: PWR-2KW-DC-V2, VID: V03, SN: ART2226Y0J8

NAME: "power-module 0/PS0/M1/SP", DESCR: "2kW DC V2 Power Module"
PID: PWR-2KW-DC-V2, VID: V03, SN: ART2226Y0HG

NAME: "power-module 0/PS0/M2/SP", DESCR: "2kW DC V2 Power Module"
PID: PWR-2KW-DC-V2, VID: V03, SN: ART2226Y0HM

NAME: "power-module 0/PS1/M0/SP", DESCR: "2kW DC V2 Power Module"
PID: PWR-2KW-DC-V2, VID: V03, SN: ART2226Y0J7

NAME: "power-module 0/PS1/M1/SP", DESCR: "2kW DC V2 Power Module"
PID: PWR-2KW-DC-V2, VID: V03, SN: ART2226Y0HK

NAME: "power-module 0/PS1/M2/SP", DESCR: "2kW DC V2 Power Module"
PID: PWR-2KW-DC-V2, VID: V03, SN: ART2226Y0HE

NAME: "chassis ASR-9010", DESCR: "ASR 9010 8 Line Card Slot Chassis with V2 DC PEM"
PID: ASR-9010, VID: V01, SN: FOX2227PJ6U

RP/0/RSP0/CPU0:MTC-HGGVTH11#
RP/0/RSP0/CPU0:MTC-HGGVTH11#
