
RP/0/RSP1/CPU0:AGG-BDGBCT11#admin show invent
Tue Sep 20 17:03:04.450 GMT
NAME: "module 0/RSP0/CPU0", DESCR: "ASR9K Route Switch Processor with 880G/slot Fabric and 16GB"
PID: A9K-RSP880-TR, VID: V05, SN: FOC2138NSMR

NAME: "module 0/RSP1/CPU0", DESCR: "ASR9K Route Switch Processor with 880G/slot Fabric and 16GB"
PID: A9K-RSP880-TR, VID: V05, SN: FOC2141P2TN

NAME: "fantray 0/FT0/SP", DESCR: "ASR-9006 Fan Tray V2"
PID: ASR-9006-FAN-V2, VID: V01, SN: FOC2141N9X4

NAME: "fan0 0/FT0/SP", DESCR: "ASR9K Generic Fan"
PID:    , VID: N/A, SN: 

NAME: "fan1 0/FT0/SP", DESCR: "ASR9K Generic Fan"
PID:    , VID: N/A, SN: 

NAME: "fan2 0/FT0/SP", DESCR: "ASR9K Generic Fan"
PID:    , VID: N/A, SN: 

NAME: "fan3 0/FT0/SP", DESCR: "ASR9K Generic Fan"
PID:    , VID: N/A, SN: 

NAME: "fan4 0/FT0/SP", DESCR: "ASR9K Generic Fan"
PID:    , VID: N/A, SN: 

NAME: "fan5 0/FT0/SP", DESCR: "ASR9K Generic Fan"
PID:    , VID: N/A, SN: 

NAME: "fantray 0/FT1/SP", DESCR: "ASR-9006 Fan Tray V2"
PID: ASR-9006-FAN-V2, VID: V01, SN: FOC2141N9VS

NAME: "fan0 0/FT1/SP", DESCR: "ASR9K Generic Fan"
PID:    , VID: N/A, SN: 

NAME: "fan1 0/FT1/SP", DESCR: "ASR9K Generic Fan"
PID:    , VID: N/A, SN: 

NAME: "fan2 0/FT1/SP", DESCR: "ASR9K Generic Fan"
PID:    , VID: N/A, SN: 

NAME: "fan3 0/FT1/SP", DESCR: "ASR9K Generic Fan"
PID:    , VID: N/A, SN: 

NAME: "fan4 0/FT1/SP", DESCR: "ASR9K Generic Fan"
PID:    , VID: N/A, SN: 

NAME: "fan5 0/FT1/SP", DESCR: "ASR9K Generic Fan"
PID:    , VID: N/A, SN: 

NAME: "module 0/0/CPU0", DESCR: "20-Port, 16x1GE_4xT Packet Transport Optimized LC"
PID: A9K-4T16GE-TR, VID: V03, SN: FOC2140N0AP

NAME: "module mau GigabitEthernet0/0/CPU0/0", DESCR: "1000BASE-LX/LH SFP (DOM), SMF 10Km, MMF 550m"
PID: SFP-GE-L           , VID: V01 , SN: FC1711186772    

NAME: "module mau GigabitEthernet0/0/CPU0/14", DESCR: "Unknown pluggable optics"
PID:    , VID: N/A, SN: PU71Y3B         

NAME: "module mau GigabitEthernet0/0/CPU0/15", DESCR: "Unknown pluggable optics"
PID:    , VID: N/A, SN: PU727BF         

NAME: "module mau TenGigE0/0/CPU0/16", DESCR: "Unknown or Unsupported SFP Module"
PID: SFP10G-40KM-1550   , VID: V01 , SN: C202103143013   

NAME: "module 0/1/CPU0", DESCR: "20-Port, 16x1GE_4xT Packet Transport Optimized LC"
PID: A9K-4T16GE-TR, VID: V03, SN: FOC2140N0A4

NAME: "module mau GigabitEthernet0/1/CPU0/0", DESCR: "Unknown or Unsupported SFP Module"
PID: SFP-GE-E           , VID: V01 , SN: FC1711191698    

NAME: "module mau TenGigE0/1/CPU0/19", DESCR: "10GBASE-LR SFP Module, Enterprise-Class"
PID: SFP-10G-LR-S       , VID: V01 , SN: CI2106150270    

NAME: "module 0/2/CPU0", DESCR: "20-Port, 16x1GE_4xT Packet Transport Optimized LC"
PID: A9K-4T16GE-TR, VID: V03, SN: FOC2142NHCD

NAME: "module mau TenGigE0/2/CPU0/16", DESCR: "10GBASE-ER 1550nm SMF 40KM"
PID: SFP-10G-ER         , VID: V01 , SN: FC2202164257    

NAME: "module mau TenGigE0/2/CPU0/19", DESCR: "10GBASE-LR SFP+ Module for SMF"
PID: SFP-10G-LR         , VID: V03 , SN: FC2202163637    

NAME: "power-module 0/PS0/M0/SP", DESCR: "2kW DC V2 Power Module"
PID: PWR-2KW-DC-V2, VID: V03, SN: ART2136Y012

NAME: "power-module 0/PS0/M1/SP", DESCR: "2kW DC V2 Power Module"
PID: PWR-2KW-DC-V2, VID: V03, SN: ART2136Y00J

NAME: "power-module 0/PS0/M2/SP", DESCR: "2kW DC V2 Power Module"
PID: PWR-2KW-DC-V2, VID: V03, SN: ART2136Y00G

NAME: "power-module 0/PS0/M3/SP", DESCR: "2kW DC V2 Power Module"
PID: PWR-2KW-DC-V2, VID: V03, SN: ART2136Y00C

NAME: "chassis ASR-9006-DC-V2", DESCR: "ASR 9006 4 Line Card Slot Chassis with V2 DC PEM"
PID: ASR-9006-DC-V2, VID: V02, SN: FOX2139P3VW

RP/0/RSP1/CPU0:AGG-BDGBCT11#
RP/0/RSP1/CPU0:AGG-BDGBCT11#
