
RP/0/RSP0/CPU0:AGG-DNILKH11#admin show invent
Tue Sep 20 17:03:04.728 GMT
NAME: "module 0/RSP0/CPU0", DESCR: "ASR9K Route Switch Processor with 880G/slot Fabric and 16GB"
PID: A9K-RSP880-TR, VID: V05, SN: FOC2141P2XS

NAME: "module 0/RSP1/CPU0", DESCR: "ASR9K Route Switch Processor with 880G/slot Fabric and 16GB"
PID: A9K-RSP880-TR, VID: V05, SN: FOC2141P2WC

NAME: "fantray 0/FT0/SP", DESCR: "ASR-9006 Fan Tray V2"
PID: ASR-9006-FAN-V2, VID: V01, SN: FOC2141N9YH

NAME: "fan0 0/FT0/SP", DESCR: "ASR9K Generic Fan"
PID:    , VID: N/A, SN: 

NAME: "fan1 0/FT0/SP", DESCR: "ASR9K Generic Fan"
PID:    , VID: N/A, SN: 

NAME: "fan2 0/FT0/SP", DESCR: "ASR9K Generic Fan"
PID:    , VID: N/A, SN: 

NAME: "fan3 0/FT0/SP", DESCR: "ASR9K Generic Fan"
PID:    , VID: N/A, SN: 

NAME: "fan4 0/FT0/SP", DESCR: "ASR9K Generic Fan"
PID:    , VID: N/A, SN: 

NAME: "fan5 0/FT0/SP", DESCR: "ASR9K Generic Fan"
PID:    , VID: N/A, SN: 

NAME: "fantray 0/FT1/SP", DESCR: "ASR-9006 Fan Tray V2"
PID: ASR-9006-FAN-V2, VID: V01, SN: FOC2141N9VX

NAME: "fan0 0/FT1/SP", DESCR: "ASR9K Generic Fan"
PID:    , VID: N/A, SN: 

NAME: "fan1 0/FT1/SP", DESCR: "ASR9K Generic Fan"
PID:    , VID: N/A, SN: 

NAME: "fan2 0/FT1/SP", DESCR: "ASR9K Generic Fan"
PID:    , VID: N/A, SN: 

NAME: "fan3 0/FT1/SP", DESCR: "ASR9K Generic Fan"
PID:    , VID: N/A, SN: 

NAME: "fan4 0/FT1/SP", DESCR: "ASR9K Generic Fan"
PID:    , VID: N/A, SN: 

NAME: "fan5 0/FT1/SP", DESCR: "ASR9K Generic Fan"
PID:    , VID: N/A, SN: 

NAME: "module 0/0/CPU0", DESCR: "20-Port, 16x1GE_4xT Packet Transport Optimized LC"
PID: A9K-4T16GE-TR, VID: V03, SN: FOC2140N09D

NAME: "module mau GigabitEthernet0/0/CPU0/0", DESCR: "Unknown or Unsupported SFP Module"
PID: SFP-GE-E           , VID: V01 , SN: FC1711190520    

NAME: "module mau GigabitEthernet0/0/CPU0/1", DESCR: "1000BASE-LX/LH SFP (DOM), SMF 10Km, MMF 550m"
PID: SFP-GE-L           , VID: V01 , SN: FC1711184267    

NAME: "module mau GigabitEthernet0/0/CPU0/14", DESCR: "Unknown pluggable optics"
PID:    , VID: N/A, SN: PQH4081         

NAME: "module mau GigabitEthernet0/0/CPU0/15", DESCR: "Unknown pluggable optics"
PID:    , VID: N/A, SN: PQH4081         

NAME: "module mau TenGigE0/0/CPU0/16", DESCR: "10GBASE-ZR SFP+, SMF 80km"
PID: SFP-10G-ZR         , VID: V02 , SN: CI2201180020    

NAME: "module mau TenGigE0/0/CPU0/17", DESCR: "10GBASE-LR SFP+ Module for SMF"
PID: SFP-10G-LR         , VID: V03 , SN: FC1808055073    

NAME: "module mau TenGigE0/0/CPU0/18", DESCR: "10GBASE-LR SFP+ Module for SMF"
PID: SFP-10G-LR         , VID: V03 , SN: FC1808055070    

NAME: "module mau TenGigE0/0/CPU0/19", DESCR: "10GBASE-ER 1550nm SMF 40KM"
PID: SFP-10G-ER         , VID: V01 , SN: CI201218044     

NAME: "module 0/1/CPU0", DESCR: "20-Port, 16x1GE_4xT Packet Transport Optimized LC"
PID: A9K-4T16GE-TR, VID: V03, SN: FOC2140N0BX

NAME: "module mau TenGigE0/1/CPU0/16", DESCR: "10GBASE-ER 1550nm SMF 40KM"
PID: SFP-10G-ER         , VID: V01 , SN: CI2201260040    

NAME: "module mau TenGigE0/1/CPU0/17", DESCR: "10GBASE-LR SFP+ Module for SMF"
PID: SFP-10G-LR         , VID: V03 , SN: FC1808055074    

NAME: "module mau TenGigE0/1/CPU0/18", DESCR: "10GBASE-LR SFP+ Module for SMF"
PID: SFP-10G-LR         , VID: V02 , SN: CI2008251086    

NAME: "module mau TenGigE0/1/CPU0/19", DESCR: "10GBASE-LR SFP Module, Enterprise-Class"
PID: SFP-10G-LR-S       , VID: V01 , SN: CI2108090054    

NAME: "module 0/2/CPU0", DESCR: "20-Port, 16x1GE_4xT Packet Transport Optimized LC"
PID: A9K-4T16GE-TR, VID: V03, SN: FOC2140N0CC

NAME: "module mau TenGigE0/2/CPU0/16", DESCR: "Unknown or Unsupported SFP Module"
PID: SFP-10G-2LC10KM    , VID: V01 , SN: C202103141425   

NAME: "module mau TenGigE0/2/CPU0/17", DESCR: "10GBASE-ZR SFP+, SMF 80km"
PID: SFP-10G-ZR         , VID: V02 , SN: CI200219010     

NAME: "module mau TenGigE0/2/CPU0/18", DESCR: "10GBASE-ER 1550nm SMF 40KM"
PID: SFP-10G-ER         , VID: V02 , SN: FC1711193013    

NAME: "module mau TenGigE0/2/CPU0/19", DESCR: "10GBASE-ZR SFP+, SMF 80km"
PID: SFP-10G-ZR         , VID: V02 , SN: CI2103310639    

NAME: "module 0/3/CPU0", DESCR: "20-Port, 16x1GE_4xT Packet Transport Optimized LC"
PID: A9K-4T16GE-TR, VID: V03, SN: FOC2123NL6Y

NAME: "module mau TenGigE0/3/CPU0/16", DESCR: "10GBASE-LR SFP+ Module for SMF"
PID: SFP-10G-LR         , VID: V03 , SN: FC2202163781    

NAME: "module mau TenGigE0/3/CPU0/17", DESCR: "10GBASE-ER 1550nm SMF 40KM"
PID: SFP-10G-ER         , VID: V01 , SN: FC2202164178    

NAME: "power-module 0/PS0/M0/SP", DESCR: "2kW DC V2 Power Module"
PID: PWR-2KW-DC-V2, VID: V03, SN: ART2136Y020

NAME: "power-module 0/PS0/M1/SP", DESCR: "2kW DC V2 Power Module"
PID: PWR-2KW-DC-V2, VID: V03, SN: ART2136Y01E

NAME: "power-module 0/PS0/M2/SP", DESCR: "2kW DC V2 Power Module"
PID: PWR-2KW-DC-V2, VID: V03, SN: ART2136Y01Q

NAME: "power-module 0/PS0/M3/SP", DESCR: "2kW DC V2 Power Module"
PID: PWR-2KW-DC-V2, VID: V03, SN: ART2136Y01W

NAME: "chassis ASR-9006-DC-V2", DESCR: "ASR 9006 4 Line Card Slot Chassis with V2 DC PEM"
PID: ASR-9006-DC-V2, VID: V02, SN: FOX2142P8SM

RP/0/RSP0/CPU0:AGG-DNILKH11#
RP/0/RSP0/CPU0:AGG-DNILKH11#
