
RP/0/RSP1/CPU0:PE-ASR9006LAN01C#admin show invent
Tue Sep 20 17:02:37.593 GMT
NAME: "module 0/RSP0/CPU0", DESCR: "ASR9K Route Switch Processor with 440G/slot Fabric and 6GB"
PID: A9K-RSP440-TR, VID: V08, SN: FOC1949NCHP

NAME: "module 0/RSP1/CPU0", DESCR: "ASR9K Route Switch Processor with 440G/slot Fabric and 6GB"
PID: A9K-RSP440-TR, VID: V08, SN: FOC1949NCWJ

NAME: "fantray 0/FT0/SP", DESCR: "ASR-9006 Fan Tray V2"
PID: ASR-9006-FAN-V2, VID: V01, SN: FOC1952N7D4

NAME: "fan0 0/FT0/SP", DESCR: "ASR9K Generic Fan"
PID:    , VID: N/A, SN: 

NAME: "fan1 0/FT0/SP", DESCR: "ASR9K Generic Fan"
PID:    , VID: N/A, SN: 

NAME: "fan2 0/FT0/SP", DESCR: "ASR9K Generic Fan"
PID:    , VID: N/A, SN: 

NAME: "fan3 0/FT0/SP", DESCR: "ASR9K Generic Fan"
PID:    , VID: N/A, SN: 

NAME: "fan4 0/FT0/SP", DESCR: "ASR9K Generic Fan"
PID:    , VID: N/A, SN: 

NAME: "fan5 0/FT0/SP", DESCR: "ASR9K Generic Fan"
PID:    , VID: N/A, SN: 

NAME: "fantray 0/FT1/SP", DESCR: "ASR-9006 Fan Tray V2"
PID: ASR-9006-FAN-V2, VID: V01, SN: FOC1952N7CS

NAME: "fan0 0/FT1/SP", DESCR: "ASR9K Generic Fan"
PID:    , VID: N/A, SN: 

NAME: "fan1 0/FT1/SP", DESCR: "ASR9K Generic Fan"
PID:    , VID: N/A, SN: 

NAME: "fan2 0/FT1/SP", DESCR: "ASR9K Generic Fan"
PID:    , VID: N/A, SN: 

NAME: "fan3 0/FT1/SP", DESCR: "ASR9K Generic Fan"
PID:    , VID: N/A, SN: 

NAME: "fan4 0/FT1/SP", DESCR: "ASR9K Generic Fan"
PID:    , VID: N/A, SN: 

NAME: "fan5 0/FT1/SP", DESCR: "ASR9K Generic Fan"
PID:    , VID: N/A, SN: 

NAME: "module 0/2/CPU0", DESCR: "80G Modular Linecard, Packet Transport Optimized"
PID: A9K-MOD80-TR, VID: V08, SN: FOC1950N0DW

NAME: "module 0/2/0", DESCR: "ASR 9000 4-port 10GE Modular Port Adapter"
PID: A9K-MPA-4X10GE, VID: V06, SN: FOC2101NEAJ

NAME: "module mau 0/2/0/0", DESCR: "Multirate 10GBASE-LR and OC-192/STM-64 SR-1 XFP, SMF"
PID: XFP-10GLR-OC192SR   , VID: V04 , SN: SPC2025001D     

NAME: "module mau 0/2/0/1", DESCR: "Multirate 10GBASE-LR and OC-192/STM-64 SR-1 XFP, SMF"
PID: XFP-10GLR-OC192SR   , VID: V04 , SN: SPC202500AF     

NAME: "module mau 0/2/0/2", DESCR: "Multirate 10GBASE-LR and OC-192/STM-64 SR-1 XFP, SMF"
PID: XFP-10GLR-OC192SR   , VID: V04 , SN: SPC202500BA     

NAME: "module mau 0/2/0/3", DESCR: "Multirate 10GBASE-LR and OC-192/STM-64 SR-1 XFP, SMF"
PID: XFP-10GLR-OC192SR   , VID: V04 , SN: SPC1945039Q     

NAME: "module 0/2/1", DESCR: "ASR 9000 20-port 1GE Modular Port Adapter"
PID: A9K-MPA-20X1GE, VID: V04, SN: FOC2036NGSA

NAME: "module mau 0/2/1/0", DESCR: ""
PID:    , VID: N/A, SN: 66T006905510    

NAME: "module mau 0/2/1/1", DESCR: ""
PID:    , VID: N/A, SN: 66T006905779    

NAME: "module mau 0/2/1/2", DESCR: ""
PID:    , VID: N/A, SN: AC1131S0246     

NAME: "module mau 0/2/1/3", DESCR: ""
PID:    , VID: N/A, SN: AC1130S048B     

NAME: "module mau 0/2/1/4", DESCR: ""
PID:    , VID: N/A, SN: LTG1609220120CND

NAME: "module mau 0/2/1/5", DESCR: ""
PID:    , VID: N/A, SN: AC1132S02FJ     

NAME: "module mau 0/2/1/6", DESCR: "GE T"
PID:    , VID: N/A, SN: LTCGSFP160800061

NAME: "module mau 0/2/1/7", DESCR: "GE T"
PID:    , VID: N/A, SN: LTCGSFP160800076

NAME: "module mau 0/2/1/8", DESCR: ""
PID:    , VID: N/A, SN: S1AP31181600147 

NAME: "module mau 0/2/1/9", DESCR: ""
PID:    , VID: N/A, SN: S1AP31181600146 

NAME: "module mau 0/2/1/10", DESCR: ""
PID:    , VID: N/A, SN: WX17010400237   

NAME: "module mau 0/2/1/11", DESCR: ""
PID:    , VID: N/A, SN: WX17010305893   

NAME: "module mau 0/2/1/12", DESCR: ""
PID:    , VID: N/A, SN: WX17010401691   

NAME: "module mau 0/2/1/13", DESCR: ""
PID:    , VID: N/A, SN: 66T006905087    

NAME: "module mau 0/2/1/17", DESCR: "1000BASE-T SFP (NEBS 3), UTP, 100m"
PID: SFP-GE-T            , VID: V02, SN: MTC20330YYD     

NAME: "module mau 0/2/1/18", DESCR: "1000BASE-LX/LH SFP transceiver module, MMF/SMF, 1310nm, DOM"
PID: GLC-LH-SMD          , VID: V01 , SN: FNS173726QC     

NAME: "module mau 0/2/1/19", DESCR: "1000BASE-LX/LH SFP (DOM), SMF 10Km, MMF 550m"
PID: SFP-GE-L            , VID: V01 , SN: FNS152405PV     

NAME: "module 0/3/CPU0", DESCR: "80G Modular Linecard, Packet Transport Optimized"
PID: A9K-MOD80-TR, VID: V08, SN: FOC1952N5LA

NAME: "module 0/3/0", DESCR: "ASR 9000 4-port 10GE Modular Port Adapter"
PID: A9K-MPA-4X10GE, VID: V05, SN: FOC1946NEEG

NAME: "module mau 0/3/0/0", DESCR: "Multirate 10GBASE-SR, SMF"
PID: XFP-10G-MM-SR       , VID: V03 , SN: FNS19440GNZ     

NAME: "module mau 0/3/0/1", DESCR: ""
PID:    , VID: /1  , SN: UMR0CSG         

NAME: "module mau 0/3/0/2", DESCR: "Multirate 10GBASE-LR and OC-192/STM-64 SR-1 XFP, SMF"
PID: XFP-10GLR-OC192SR   , VID: V04 , SN: SPC194503V8     

NAME: "module mau 0/3/0/3", DESCR: "Multirate 10GBASE-LR and OC-192/STM-64 SR-1 XFP, SMF"
PID: XFP-10GLR-OC192SR   , VID: V04 , SN: ONT19400194     

NAME: "module 0/3/1", DESCR: "ASR 9000 20-port 1GE Modular Port Adapter"
PID: A9K-MPA-20X1GE, VID: V03, SN: FOC1951P02Q

NAME: "module mau 0/3/1/0", DESCR: "GE T"
PID:    , VID: N/A, SN: LTCGSFP160800057

NAME: "module mau 0/3/1/1", DESCR: "GE T"
PID:    , VID: N/A, SN: S1HWDGT90100047 

NAME: "module mau 0/3/1/2", DESCR: ""
PID:    , VID: N/A, SN: BE0913071447    

NAME: "module mau 0/3/1/4", DESCR: "GE T"
PID:    , VID: N/A, SN: PGG3EUZ         

NAME: "module mau 0/3/1/5", DESCR: ""
PID:    , VID: /1  , SN: PLA1EYN         

NAME: "module mau 0/3/1/6", DESCR: ""
PID:    , VID: /1  , SN: PTQ1KTK         

NAME: "module mau 0/3/1/7", DESCR: ""
PID:    , VID: /1  , SN: PTJ193R         

NAME: "module mau 0/3/1/8", DESCR: ""
PID:    , VID: /1  , SN: PTQ1LWT         

NAME: "module mau 0/3/1/9", DESCR: ""
PID:    , VID: N/A, SN: AC5022747       

NAME: "module mau 0/3/1/10", DESCR: ""
PID:    , VID: N/A, SN: AC5022736       

NAME: "module mau 0/3/1/11", DESCR: ""
PID:    , VID: N/A, SN: BE0910511408    

NAME: "module mau 0/3/1/12", DESCR: ""
PID:    , VID: N/A, SN: A0609004279     

NAME: "module mau 0/3/1/13", DESCR: ""
PID:    , VID: N/A, SN: MA09190041150   

NAME: "module mau 0/3/1/14", DESCR: ""
PID:    , VID: N/A, SN: A0609004272     

NAME: "module mau 0/3/1/15", DESCR: ""
PID:    , VID: N/A, SN: S1HW31190100108 

NAME: "module mau 0/3/1/16", DESCR: "GE T"
PID:    , VID: N/A, SN: YACS5570        

NAME: "module mau 0/3/1/17", DESCR: "GE T"
PID:    , VID: N/A, SN: PGC0NWM         

NAME: "module mau 0/3/1/18", DESCR: "GE T"
PID:    , VID: N/A, SN: PGC0NWW         

NAME: "module mau 0/3/1/19", DESCR: "GE T"
PID:    , VID: N/A, SN: YACS5255        

NAME: "power-module 0/PM0/0/SP", DESCR: "2kW DC V2 Power Module"
PID: PWR-2KW-DC-V2, VID: V03, SN: ART1949Y0E8

NAME: "power-module 0/PM0/1/SP", DESCR: "2kW DC V2 Power Module"
PID: PWR-2KW-DC-V2, VID: V03, SN: ART1949Y0E3

NAME: "power-module 0/PM0/2/SP", DESCR: "2kW DC V2 Power Module"
PID: PWR-2KW-DC-V2, VID: V03, SN: ART2035Y0K4

NAME: "chassis ASR-9006-DC-V2", DESCR: "ASR 9006 4 Line Card Slot Chassis with V2 DC PEM"
PID: ASR-9006-DC-V2, VID: V02, SN: FOX1950G59R

RP/0/RSP1/CPU0:PE-ASR9006LAN01C#
RP/0/RSP1/CPU0:PE-ASR9006LAN01C#
