
RP/0/RSP1/CPU0:MTC-CTOCRG11#admin show invent
Tue Sep 20 17:02:37.463 GMT
NAME: "module 0/RSP0/CPU0", DESCR: "ASR 9K Route Switch Processor for Transport"
PID: A9K-RSP880-LT-TR, VID: V01, SN: FOC2224NU6H

NAME: "module 0/RSP1/CPU0", DESCR: "ASR 9K Route Switch Processor for Transport"
PID: A9K-RSP880-LT-TR, VID: V01, SN: FOC2227P11Z

NAME: "fantray 0/FT0/SP", DESCR: "ASR 9010 Fan Tray Version 2"
PID: ASR-9010-FAN-V2, VID: V03 , SN: FOC2228NET1

NAME: "fan0 0/FT0/SP", DESCR: "ASR9K Generic Fan"
PID: N/A, VID: N/A, SN: 

NAME: "fan1 0/FT0/SP", DESCR: "ASR9K Generic Fan"
PID: N/A, VID: N/A, SN: 

NAME: "fan2 0/FT0/SP", DESCR: "ASR9K Generic Fan"
PID: N/A, VID: N/A, SN: 

NAME: "fan3 0/FT0/SP", DESCR: "ASR9K Generic Fan"
PID: N/A, VID: N/A, SN: 

NAME: "fan4 0/FT0/SP", DESCR: "ASR9K Generic Fan"
PID: N/A, VID: N/A, SN: 

NAME: "fan5 0/FT0/SP", DESCR: "ASR9K Generic Fan"
PID: N/A, VID: N/A, SN: 

NAME: "fan6 0/FT0/SP", DESCR: "ASR9K Generic Fan"
PID: N/A, VID: N/A, SN: 

NAME: "fan7 0/FT0/SP", DESCR: "ASR9K Generic Fan"
PID: N/A, VID: N/A, SN: 

NAME: "fan8 0/FT0/SP", DESCR: "ASR9K Generic Fan"
PID: N/A, VID: N/A, SN: 

NAME: "fan9 0/FT0/SP", DESCR: "ASR9K Generic Fan"
PID: N/A, VID: N/A, SN: 

NAME: "fan10 0/FT0/SP", DESCR: "ASR9K Generic Fan"
PID: N/A, VID: N/A, SN: 

NAME: "fan11 0/FT0/SP", DESCR: "ASR9K Generic Fan"
PID: N/A, VID: N/A, SN: 

NAME: "fantray 0/FT1/SP", DESCR: "ASR 9010 Fan Tray Version 2"
PID: ASR-9010-FAN-V2, VID: V03 , SN: FOC2228NEUS

NAME: "fan0 0/FT1/SP", DESCR: "ASR9K Generic Fan"
PID: N/A, VID: N/A, SN: 

NAME: "fan1 0/FT1/SP", DESCR: "ASR9K Generic Fan"
PID: N/A, VID: N/A, SN: 

NAME: "fan2 0/FT1/SP", DESCR: "ASR9K Generic Fan"
PID: N/A, VID: N/A, SN: 

NAME: "fan3 0/FT1/SP", DESCR: "ASR9K Generic Fan"
PID: N/A, VID: N/A, SN: 

NAME: "fan4 0/FT1/SP", DESCR: "ASR9K Generic Fan"
PID: N/A, VID: N/A, SN: 

NAME: "fan5 0/FT1/SP", DESCR: "ASR9K Generic Fan"
PID: N/A, VID: N/A, SN: 

NAME: "fan6 0/FT1/SP", DESCR: "ASR9K Generic Fan"
PID: N/A, VID: N/A, SN: 

NAME: "fan7 0/FT1/SP", DESCR: "ASR9K Generic Fan"
PID: N/A, VID: N/A, SN: 

NAME: "fan8 0/FT1/SP", DESCR: "ASR9K Generic Fan"
PID: N/A, VID: N/A, SN: 

NAME: "fan9 0/FT1/SP", DESCR: "ASR9K Generic Fan"
PID: N/A, VID: N/A, SN: 

NAME: "fan10 0/FT1/SP", DESCR: "ASR9K Generic Fan"
PID: N/A, VID: N/A, SN: 

NAME: "fan11 0/FT1/SP", DESCR: "ASR9K Generic Fan"
PID: N/A, VID: N/A, SN: 

NAME: "module 0/0/CPU0", DESCR: "160G Modular Linecard, Packet Transport Optimized"
PID: A9K-MOD160-TR, VID: V11, SN: FOC2231NAWP

NAME: "module 0/0/0", DESCR: "ASR 9000 8-port 10GE Modular Port Adapter"
PID: A9K-MPA-8X10GE, VID: V04, SN: FOC2217NDR9

NAME: "module mau 0/0/0/0", DESCR: "10GBASE-LR SFP+ Module for SMF"
PID: SFP-10G-LR          , VID: V03 , SN: FC1808054163    

NAME: "module mau 0/0/0/1", DESCR: "10GBASE-LR SFP+ Module for SMF"
PID: SFP-10G-LR          , VID: V03 , SN: FC1808054020    

NAME: "module mau 0/0/0/2", DESCR: "10GBASE-LR SFP+ Module for SMF"
PID: SFP-10G-LR          , VID: V03 , SN: FC1808054170    

NAME: "module mau 0/0/0/3", DESCR: "10GBASE-LR SFP+ Module for SMF"
PID: SFP-10G-LR          , VID: V03 , SN: FC1808054115    

NAME: "TenGigE0/0/0/4", DESCR: "Non-Cisco SOURCEPHOTONICS SFP+ 10G Pluggable Optics Module"
PID: SPP10ELRIDFFEN1, VID: 10, SN: HAG2000831      

NAME: "TenGigE0/0/0/5", DESCR: "Non-Cisco ATOP SFP+ 10G Pluggable Optics Module"
PID: APSP31B33CDL10, VID: A, SN: STHW31190100056 

NAME: "module 0/0/1", DESCR: "ASR 9000 8-port 10GE Modular Port Adapter"
PID: A9K-MPA-8X10GE, VID: V04, SN: FOC2217NDNL

NAME: "module mau 0/0/1/0", DESCR: "10GBASE-LR SFP+ Module for SMF"
PID: SFP-10G-LR          , VID: V03 , SN: FC1808054164    

NAME: "module mau 0/0/1/2", DESCR: "10GBASE-LR SFP+ Module for SMF"
PID: SFP-10G-LR          , VID: V03 , SN: FC1808054030    

NAME: "module 0/1/CPU0", DESCR: "20-Port, 16x1GE_4xT Packet Transport Optimized LC"
PID: A9K-4T16GE-TR, VID: V04, SN: FOC2230NHQU

NAME: "module mau GigabitEthernet0/1/CPU0/0", DESCR: "1000BASE-LX/LH SFP transceiver module, MMF/SMF, 1310nm, DOM"
PID: GLC-LH-SMD         , VID: V01 , SN: FC1808048419    

NAME: "module mau TenGigE0/1/CPU0/16", DESCR: "10GBASE-LR SFP+ Module for SMF"
PID: SFP-10G-LR         , VID: V03 , SN: FC1808054167    

NAME: "module mau TenGigE0/1/CPU0/17", DESCR: "10GBASE-LR SFP+ Module for SMF"
PID: SFP-10G-LR         , VID: V03 , SN: FC1808054162    

NAME: "module 0/2/CPU0", DESCR: "20-Port, 16x1GE_4xT Packet Transport Optimized LC"
PID: A9K-4T16GE-TR, VID: V04, SN: FOC2230NHRY

NAME: "module mau GigabitEthernet0/2/CPU0/0", DESCR: "1000BASE-LX/LH SFP transceiver module, MMF/SMF, 1310nm, DOM"
PID: GLC-LH-SMD         , VID: V01 , SN: FC1808048417    

NAME: "module mau TenGigE0/2/CPU0/16", DESCR: "10GBASE-LR SFP+ Module for SMF"
PID: SFP-10G-LR         , VID: V03 , SN: FC1808054140    

NAME: "power-module 0/PS0/M0/SP", DESCR: "2kW DC V2 Power Module"
PID: PWR-2KW-DC-V2, VID: V03, SN: ART2226Y0UW

NAME: "power-module 0/PS0/M1/SP", DESCR: "2kW DC V2 Power Module"
PID: PWR-2KW-DC-V2, VID: V03, SN: ART2226Y0UQ

NAME: "power-module 0/PS0/M2/SP", DESCR: "2kW DC V2 Power Module"
PID: PWR-2KW-DC-V2, VID: V03, SN: ART2226Y0UU

NAME: "power-module 0/PS1/M0/SP", DESCR: "2kW DC V2 Power Module"
PID: PWR-2KW-DC-V2, VID: V03, SN: ART2226Y0UH

NAME: "power-module 0/PS1/M1/SP", DESCR: "2kW DC V2 Power Module"
PID: PWR-2KW-DC-V2, VID: V03, SN: ART2226Y0UF

NAME: "power-module 0/PS1/M2/SP", DESCR: "2kW DC V2 Power Module"
PID: PWR-2KW-DC-V2, VID: V03, SN: ART2226Y0TP

NAME: "chassis ASR-9010", DESCR: "ASR 9010 8 Line Card Slot Chassis with V2 DC PEM"
PID: ASR-9010, VID: V01, SN: FOX2229P2HH

RP/0/RSP1/CPU0:MTC-CTOCRG11#
RP/0/RSP1/CPU0:MTC-CTOCRG11#
