
RP/0/RSP1/CPU0:AGG-HCMTDC11#admin show invent
Tue Sep 20 17:02:39.003 GMT
NAME: "module 0/RSP0/CPU0", DESCR: "ASR9K Route Switch Processor with 440G/slot Fabric and 6GB"
PID: A9K-RSP440-TR, VID: V09, SN: FOC2039N18K

NAME: "module 0/RSP1/CPU0", DESCR: "ASR9K Route Switch Processor with 440G/slot Fabric and 6GB"
PID: A9K-RSP440-TR, VID: V09, SN: FOC2039N15W

NAME: "fantray 0/FT0/SP", DESCR: "ASR-9006 Fan Tray V2"
PID: ASR-9006-FAN-V2, VID: V01, SN: FOC2042N87B

NAME: "fan0 0/FT0/SP", DESCR: "ASR9K Generic Fan"
PID: N/A, VID: N/A, SN: 

NAME: "fan1 0/FT0/SP", DESCR: "ASR9K Generic Fan"
PID: N/A, VID: N/A, SN: 

NAME: "fan2 0/FT0/SP", DESCR: "ASR9K Generic Fan"
PID: N/A, VID: N/A, SN: 

NAME: "fan3 0/FT0/SP", DESCR: "ASR9K Generic Fan"
PID: N/A, VID: N/A, SN: 

NAME: "fan4 0/FT0/SP", DESCR: "ASR9K Generic Fan"
PID: N/A, VID: N/A, SN: 

NAME: "fan5 0/FT0/SP", DESCR: "ASR9K Generic Fan"
PID: N/A, VID: N/A, SN: 

NAME: "fantray 0/FT1/SP", DESCR: "ASR-9006 Fan Tray V2"
PID: ASR-9006-FAN-V2, VID: V01, SN: FOC2042N87K

NAME: "fan0 0/FT1/SP", DESCR: "ASR9K Generic Fan"
PID: N/A, VID: N/A, SN: 

NAME: "fan1 0/FT1/SP", DESCR: "ASR9K Generic Fan"
PID: N/A, VID: N/A, SN: 

NAME: "fan2 0/FT1/SP", DESCR: "ASR9K Generic Fan"
PID: N/A, VID: N/A, SN: 

NAME: "fan3 0/FT1/SP", DESCR: "ASR9K Generic Fan"
PID: N/A, VID: N/A, SN: 

NAME: "fan4 0/FT1/SP", DESCR: "ASR9K Generic Fan"
PID: N/A, VID: N/A, SN: 

NAME: "fan5 0/FT1/SP", DESCR: "ASR9K Generic Fan"
PID: N/A, VID: N/A, SN: 

NAME: "module 0/0/CPU0", DESCR: "20-Port, 16x1GE_4xT Packet Transport Optimized LC"
PID: A9K-4T16GE-TR, VID: V02, SN: FOC2038NG4M

NAME: "GigabitEthernet0/0/0/15", DESCR: "Non-Cisco FINISAR CORP. SFP 1G Pluggable Optics Module"
PID: FCLF8520P2BTL-A, VID: A, SN: PU72X29         

NAME: "module mau TenGigE0/0/CPU0/16", DESCR: "10GBASE-LR SFP+ Module for SMF"
PID: SFP-10G-LR         , VID: V02 , SN: FC1611130790    

NAME: "module mau TenGigE0/0/CPU0/17", DESCR: "10GBASE-LR SFP+ Module for SMF"
PID: SFP-10G-LR         , VID: V02 , SN: FC1611130789    

NAME: "module mau TenGigE0/0/CPU0/18", DESCR: "10GBASE-LR SFP+ Module for SMF"
PID: SFP-10G-LR         , VID: V02 , SN: FC1611130405    

NAME: "module 0/1/CPU0", DESCR: "24X10G/1G Packet Transport Optimized LC"
PID: A9K-24X10GE-1G-TR, VID: V04, SN: FOC2423N6AF

NAME: "module mau TenGigE0/1/CPU0/0", DESCR: "10GBASE-ER 1550nm SMF 40KM"
PID: SFP-10G-ER         , VID: V02 , SN: MM1S201224420   

NAME: "TenGigE0/1/0/2", DESCR: "Non-Cisco TIBTRONIX SFP+ 10G Pluggable Optics Module"
PID: TSPLXG80D, VID: 00, SN: CO201015014     

NAME: "TenGigE0/1/0/3", DESCR: "Non-Cisco ModuleTek SFP+ 10G Pluggable Optics Module"
PID: SFP-10G-ER, VID: A, SN: 10GER20050519   

NAME: "TenGigE0/1/0/4", DESCR: "Non-Cisco ModuleTek SFP+ 10G Pluggable Optics Module"
PID: SFP-10G-LR, VID: N/A, SN: 10GLR20052013   

NAME: "TenGigE0/1/0/5", DESCR: "Non-Cisco ModuleTek SFP+ 10G Pluggable Optics Module"
PID: SFP-10G-LR, VID: N/A, SN: 10GLR20051775   

NAME: "TenGigE0/1/0/6", DESCR: "Non-Cisco ModuleTek SFP+ 10G Pluggable Optics Module"
PID: SFP-10G-LR, VID: N/A, SN: 10GLR20051752   

NAME: "TenGigE0/1/0/7", DESCR: "Non-Cisco ModuleTek SFP+ 10G Pluggable Optics Module"
PID: SFP-10G-LR, VID: N/A, SN: 10GLR20051774   

NAME: "module mau TenGigE0/1/CPU0/8", DESCR: "10GBASE-LR SFP+ Module for SMF"
PID: SFP-10G-LR         , VID: V02 , SN: 10GLR20102114   

NAME: "module mau TenGigE0/1/CPU0/16", DESCR: "10GBASE-ER 1550nm SMF 40KM"
PID: SFP-10G-ER         , VID: V02 , SN: 10GER2010190040 

NAME: "module mau TenGigE0/1/CPU0/17", DESCR: "10GBASE-LR SFP+ Module for SMF"
PID: SFP-10G-LR         , VID: V02 , SN: 10GLR20102884   

NAME: "power-module 0/PS0/M0/SP", DESCR: "2kW DC V2 Power Module"
PID: PWR-2KW-DC-V2, VID: V03, SN: ART2038Y0F7

NAME: "power-module 0/PS0/M1/SP", DESCR: "2kW DC V2 Power Module"
PID: PWR-2KW-DC-V2, VID: V03, SN: ART2038Y0EX

NAME: "power-module 0/PS0/M2/SP", DESCR: "2kW DC V2 Power Module"
PID: PWR-2KW-DC-V2, VID: V03, SN: ART2418Y03X

NAME: "chassis ASR-9006-DC-V2", DESCR: "ASR 9006 4 Line Card Slot Chassis with V2 DC PEM"
PID: ASR-9006-DC-V2, VID: V02, SN: FOX2041GCMX

RP/0/RSP1/CPU0:AGG-HCMTDC11#
RP/0/RSP1/CPU0:AGG-HCMTDC11#
