
RP/0/RSP1/CPU0:MTC-TGGMTO21#admin show invent
Tue Sep 20 17:02:36.979 GMT
NAME: "module 0/RSP0/CPU0", DESCR: "ASR 9K Route Switch Processor for Transport"
PID: A9K-RSP880-LT-TR, VID: V02, SN: FOC2526NCV8

NAME: "module 0/RSP1/CPU0", DESCR: "ASR 9K Route Switch Processor for Transport"
PID: A9K-RSP880-LT-TR, VID: V02, SN: FOC2416KJ9N

NAME: "fantray 0/FT0/SP", DESCR: "ASR 9010 Fan Tray Version 2"
PID: ASR-9010-FAN-V2, VID: V03 , SN: FOC2227NF0C

NAME: "fan0 0/FT0/SP", DESCR: "ASR9K Generic Fan"
PID: N/A, VID: N/A, SN: 

NAME: "fan1 0/FT0/SP", DESCR: "ASR9K Generic Fan"
PID: N/A, VID: N/A, SN: 

NAME: "fan2 0/FT0/SP", DESCR: "ASR9K Generic Fan"
PID: N/A, VID: N/A, SN: 

NAME: "fan3 0/FT0/SP", DESCR: "ASR9K Generic Fan"
PID: N/A, VID: N/A, SN: 

NAME: "fan4 0/FT0/SP", DESCR: "ASR9K Generic Fan"
PID: N/A, VID: N/A, SN: 

NAME: "fan5 0/FT0/SP", DESCR: "ASR9K Generic Fan"
PID: N/A, VID: N/A, SN: 

NAME: "fan6 0/FT0/SP", DESCR: "ASR9K Generic Fan"
PID: N/A, VID: N/A, SN: 

NAME: "fan7 0/FT0/SP", DESCR: "ASR9K Generic Fan"
PID: N/A, VID: N/A, SN: 

NAME: "fan8 0/FT0/SP", DESCR: "ASR9K Generic Fan"
PID: N/A, VID: N/A, SN: 

NAME: "fan9 0/FT0/SP", DESCR: "ASR9K Generic Fan"
PID: N/A, VID: N/A, SN: 

NAME: "fan10 0/FT0/SP", DESCR: "ASR9K Generic Fan"
PID: N/A, VID: N/A, SN: 

NAME: "fan11 0/FT0/SP", DESCR: "ASR9K Generic Fan"
PID: N/A, VID: N/A, SN: 

NAME: "fantray 0/FT1/SP", DESCR: "ASR 9010 Fan Tray Version 2"
PID: ASR-9010-FAN-V2, VID: V03 , SN: FOC2228NEU6

NAME: "fan0 0/FT1/SP", DESCR: "ASR9K Generic Fan"
PID: N/A, VID: N/A, SN: 

NAME: "fan1 0/FT1/SP", DESCR: "ASR9K Generic Fan"
PID: N/A, VID: N/A, SN: 

NAME: "fan2 0/FT1/SP", DESCR: "ASR9K Generic Fan"
PID: N/A, VID: N/A, SN: 

NAME: "fan3 0/FT1/SP", DESCR: "ASR9K Generic Fan"
PID: N/A, VID: N/A, SN: 

NAME: "fan4 0/FT1/SP", DESCR: "ASR9K Generic Fan"
PID: N/A, VID: N/A, SN: 

NAME: "fan5 0/FT1/SP", DESCR: "ASR9K Generic Fan"
PID: N/A, VID: N/A, SN: 

NAME: "fan6 0/FT1/SP", DESCR: "ASR9K Generic Fan"
PID: N/A, VID: N/A, SN: 

NAME: "fan7 0/FT1/SP", DESCR: "ASR9K Generic Fan"
PID: N/A, VID: N/A, SN: 

NAME: "fan8 0/FT1/SP", DESCR: "ASR9K Generic Fan"
PID: N/A, VID: N/A, SN: 

NAME: "fan9 0/FT1/SP", DESCR: "ASR9K Generic Fan"
PID: N/A, VID: N/A, SN: 

NAME: "fan10 0/FT1/SP", DESCR: "ASR9K Generic Fan"
PID: N/A, VID: N/A, SN: 

NAME: "fan11 0/FT1/SP", DESCR: "ASR9K Generic Fan"
PID: N/A, VID: N/A, SN: 

NAME: "module 0/0/CPU0", DESCR: "160G Modular Linecard, Packet Transport Optimized"
PID: A9K-MOD160-TR, VID: V11, SN: FOC2231NAXN

NAME: "module 0/0/0", DESCR: "ASR 9000 8-port 10GE Modular Port Adapter"
PID: A9K-MPA-8X10GE, VID: V04, SN: FOC2221N3KN

NAME: "module mau 0/0/0/0", DESCR: "10GBASE-LR SFP+ Module for SMF"
PID: SFP-10G-LR          , VID: V03 , SN: FC1808054127    

NAME: "module mau 0/0/0/1", DESCR: "10GBASE-LR SFP+ Module for SMF"
PID: SFP-10G-LR          , VID: V03 , SN: FC1808054133    

NAME: "module mau 0/0/0/2", DESCR: "10GBASE-ER 1550nm SMF 40KM"
PID: SFP-10G-ER          , VID: V01 , SN: FC1808055329    

NAME: "TenGigE0/0/0/3", DESCR: "Non-Cisco OEM SFP+ 10G Pluggable Optics Module"
PID: TSPLXG10D, VID: 1.0, SN: CI2107210055    

NAME: "module mau 0/0/0/4", DESCR: "10GBASE-LR SFP+ Module for SMF"
PID: SFP-10G-LR          , VID: V02 , SN: 10GLR20101610   

NAME: "TenGigE0/0/0/5", DESCR: "Non-Cisco OEM SFP+ 10G Pluggable Optics Module"
PID: TSPLXG10D, VID: 1.0, SN: CI2107210057    

NAME: "module 0/0/1", DESCR: "ASR 9000 8-port 10GE Modular Port Adapter"
PID: A9K-MPA-8X10GE, VID: V04, SN: FOC2223NW9W

NAME: "module mau 0/0/1/0", DESCR: "10GBASE-LR SFP+ Module for SMF"
PID: SFP-10G-LR          , VID: V03 , SN: FC1808054128    

NAME: "module mau 0/0/1/1", DESCR: "10GBASE-LR SFP+ Module for SMF"
PID: SFP-10G-LR          , VID: V03 , SN: FC1808054132    

NAME: "TenGigE0/0/1/3", DESCR: "Non-Cisco OEM SFP+ 10G Pluggable Optics Module"
PID: TSPLXG10D, VID: 1.0, SN: CI2107210038    

NAME: "module mau 0/0/1/5", DESCR: "10GBASE-LR SFP+ Module for SMF"
PID: SFP-10G-LR          , VID: V03 , SN: FC2202163667    

NAME: "module 0/1/CPU0", DESCR: "20-Port, 16x1GE_4xT Packet Transport Optimized LC"
PID: A9K-4T16GE-TR, VID: V04, SN: FOC2230NHQP

NAME: "module mau GigabitEthernet0/1/CPU0/0", DESCR: "1000BASE-LX/LH SFP transceiver module, MMF/SMF, 1310nm, DOM"
PID: GLC-LH-SMD         , VID: V01 , SN: FC1808044609    

NAME: "module mau TenGigE0/1/CPU0/16", DESCR: "10GBASE-LR SFP+ Module for SMF"
PID: SFP-10G-LR         , VID: V03 , SN: FC1808054130    

NAME: "module mau TenGigE0/1/CPU0/17", DESCR: "10GBASE-ER 1550nm SMF 40KM"
PID: SFP-10G-ER         , VID: V01 , SN: FC1808055327    

NAME: "module mau TenGigE0/1/CPU0/18", DESCR: "10GBASE-LR SFP+ Module for SMF"
PID: SFP-10G-LR         , VID: V02 , SN: 10GLR20101605   

NAME: "module 0/2/CPU0", DESCR: "20-Port, 16x1GE_4xT Packet Transport Optimized LC"
PID: A9K-4T16GE-TR, VID: V04, SN: FOC2230NHQK

NAME: "module mau GigabitEthernet0/2/CPU0/0", DESCR: "1000BASE-LX/LH SFP transceiver module, MMF/SMF, 1310nm, DOM"
PID: GLC-LH-SMD         , VID: V01 , SN: FC1808044610    

NAME: "TenGigE0/2/0/16", DESCR: "Non-Cisco HG GENUINE SFP+ 10G Pluggable Optics Module"
PID: MTRS-1E31-01, VID: 1., SN: MB17360030817   

NAME: "module mau TenGigE0/2/CPU0/17", DESCR: "10GBASE-ER 1550nm SMF 40KM"
PID: SFP-10G-ER         , VID: V01 , SN: FC1808055328    

NAME: "TenGigE0/2/0/18", DESCR: "Non-Cisco Handar SFP+ 10G Pluggable Optics Module"
PID: SFP-10G-2LC10KM, VID: A, SN: C202103141682   

NAME: "power-module 0/PS0/M0/SP", DESCR: "2kW DC V2 Power Module"
PID: PWR-2KW-DC-V2, VID: V03, SN: ART2226Y0DF

NAME: "power-module 0/PS0/M1/SP", DESCR: "2kW DC V2 Power Module"
PID: PWR-2KW-DC-V2, VID: V03, SN: ART2226Y0ED

NAME: "power-module 0/PS0/M2/SP", DESCR: "2kW DC V2 Power Module"
PID: PWR-2KW-DC-V2, VID: V03, SN: ART2226Y0CK

NAME: "power-module 0/PS1/M0/SP", DESCR: "2kW DC V2 Power Module"
PID: PWR-2KW-DC-V2, VID: V03, SN: ART2226Y0AW

NAME: "power-module 0/PS1/M1/SP", DESCR: "2kW DC V2 Power Module"
PID: PWR-2KW-DC-V2, VID: V03, SN: ART2226Y0C9

NAME: "power-module 0/PS1/M2/SP", DESCR: "2kW DC V2 Power Module"
PID: PWR-2KW-DC-V2, VID: V03, SN: ART2226Y0CY

NAME: "chassis ASR-9010", DESCR: "ASR 9010 8 Line Card Slot Chassis with V2 DC PEM"
PID: ASR-9010, VID: V01, SN: FOX2223P91D

RP/0/RSP1/CPU0:MTC-TGGMTO21#
RP/0/RSP1/CPU0:MTC-TGGMTO21#
