
RP/0/RSP0/CPU0:MTC-VTULDN11#admin show invent
Tue Sep 20 17:02:37.797 GMT
NAME: "module 0/RSP0/CPU0", DESCR: "ASR9K Route Switch Processor with 880G/slot Fabric and 16GB"
PID: A9K-RSP880-TR, VID: V05, SN: FOC2138NSMV

NAME: "module 0/RSP1/CPU0", DESCR: "ASR9K Route Switch Processor with 880G/slot Fabric and 16GB"
PID: A9K-RSP880-TR, VID: V05, SN: FOC2138NSHK

NAME: "fantray 0/FT0/SP", DESCR: "ASR-9006 Fan Tray V2"
PID: ASR-9006-FAN-V2, VID: V01, SN: FOC2141N9Z7

NAME: "fan0 0/FT0/SP", DESCR: "ASR9K Generic Fan"
PID:    , VID: N/A, SN: 

NAME: "fan1 0/FT0/SP", DESCR: "ASR9K Generic Fan"
PID:    , VID: N/A, SN: 

NAME: "fan2 0/FT0/SP", DESCR: "ASR9K Generic Fan"
PID:    , VID: N/A, SN: 

NAME: "fan3 0/FT0/SP", DESCR: "ASR9K Generic Fan"
PID:    , VID: N/A, SN: 

NAME: "fan4 0/FT0/SP", DESCR: "ASR9K Generic Fan"
PID:    , VID: N/A, SN: 

NAME: "fan5 0/FT0/SP", DESCR: "ASR9K Generic Fan"
PID:    , VID: N/A, SN: 

NAME: "fantray 0/FT1/SP", DESCR: "ASR-9006 Fan Tray V2"
PID: ASR-9006-FAN-V2, VID: V01, SN: FOC2141N9XF

NAME: "fan0 0/FT1/SP", DESCR: "ASR9K Generic Fan"
PID:    , VID: N/A, SN: 

NAME: "fan1 0/FT1/SP", DESCR: "ASR9K Generic Fan"
PID:    , VID: N/A, SN: 

NAME: "fan2 0/FT1/SP", DESCR: "ASR9K Generic Fan"
PID:    , VID: N/A, SN: 

NAME: "fan3 0/FT1/SP", DESCR: "ASR9K Generic Fan"
PID:    , VID: N/A, SN: 

NAME: "fan4 0/FT1/SP", DESCR: "ASR9K Generic Fan"
PID:    , VID: N/A, SN: 

NAME: "fan5 0/FT1/SP", DESCR: "ASR9K Generic Fan"
PID:    , VID: N/A, SN: 

NAME: "module 0/0/CPU0", DESCR: "20-Port, 16x1GE_4xT Packet Transport Optimized LC"
PID: A9K-4T16GE-TR, VID: V03, SN: FOC2140N09M

NAME: "module mau TenGigE0/0/CPU0/16", DESCR: "Unknown pluggable optics"
PID:    , VID: N/A, SN: STHW55874400009 

NAME: "module mau TenGigE0/0/CPU0/17", DESCR: "Unknown or Unsupported SFP Module"
PID: `  , VID: N/A, SN: AD1325LE0A1     

NAME: "module mau TenGigE0/0/CPU0/18", DESCR: "Unknown or Unsupported SFP Module"
PID: `  , VID: N/A, SN: AD1325LE0A1     

NAME: "module mau TenGigE0/0/CPU0/19", DESCR: "10GBASE-ZR SFP+, SMF 80km"
PID: SFP-10G-ZR         , VID: V02 , SN: CI2103310612    

NAME: "module 0/1/CPU0", DESCR: "20-Port, 16x1GE_4xT Packet Transport Optimized LC"
PID: A9K-4T16GE-TR, VID: V03, SN: FOC2140N09C

NAME: "module mau TenGigE0/1/CPU0/16", DESCR: "10GBASE-ER 1550nm SMF 40KM"
PID: SFP-10G-ER         , VID: V01 , SN: CI2103310552    

NAME: "module mau TenGigE0/1/CPU0/17", DESCR: "10GBASE-LR SFP+ Module for SMF"
PID: SFP-10G-LR         , VID: V02 , SN: CI2008251156    

NAME: "module mau TenGigE0/1/CPU0/18", DESCR: "10GBASE-ZR SFP+, SMF 80km"
PID: SFP-10G-ZR         , VID: V02 , SN: CI200219092     

NAME: "module mau TenGigE0/1/CPU0/19", DESCR: "10GBASE-ZR SFP+, SMF 80km"
PID: SFP-10G-ZR         , VID: V02 , SN: CI200219012     

NAME: "module 0/2/CPU0", DESCR: "160G Modular Linecard, Packet Transport Optimized"
PID: A9K-MOD160-TR, VID: V10, SN: FOC2137NPWN

NAME: "module 0/2/0", DESCR: "ASR 9000 8-port 10GE Modular Port Adapter"
PID: A9K-MPA-8X10GE, VID: V03, SN: FOC2135N1FJ

NAME: "module mau 0/2/0/0", DESCR: "10GBASE-LR SFP+ Module for SMF"
PID: SFP-10G-LR          , VID: V03 , SN: FC1711192818    

NAME: "module mau 0/2/0/1", DESCR: "10GBASE-ZR SFP+, SMF 80km"
PID: SFP-10G-ZR          , VID: V02 , SN: CI200321003     

NAME: "module mau 0/2/0/2", DESCR: "10GBASE-ER 1550nm SMF 40KM"
PID: SFP-10G-ER          , VID: V02 , SN: FC1711193150    

NAME: "module mau 0/2/0/3", DESCR: "10GBASE-ER 1550nm SMF 40KM"
PID: SFP-10G-ER          , VID: V01 , SN: CI2103310553    

NAME: "module mau 0/2/0/4", DESCR: "10GBASE-ZR SFP+, SMF 80km"
PID: SFP-10G-ZR          , VID: V02 , SN: CI2201180086    

NAME: "module mau 0/2/0/5", DESCR: "10GBASE-ER 1550nm SMF 40KM"
PID: SFP-10G-ER          , VID: V01 , SN: CI2103310542    

NAME: "module mau 0/2/0/6", DESCR: "10GBASE-ER 1550nm SMF 40KM"
PID: SFP-10G-ER          , VID: V01 , SN: CI2112290008    

NAME: "module mau 0/2/0/7", DESCR: "10GBASE-ZR SFP+, SMF 80km"
PID: SFP-10G-ZR          , VID: V02 , SN: CI200219013     

NAME: "module 0/2/1", DESCR: "ASR 9000 8-port 10GE Modular Port Adapter"
PID: A9K-MPA-8X10GE, VID: V03, SN: FOC2135N1JU

NAME: "module mau 0/2/1/0", DESCR: "10GBASE-LR SFP+ Module for SMF"
PID: SFP-10G-LR          , VID: V03 , SN: FC1808054956    

NAME: "module mau 0/2/1/1", DESCR: "10GBASE-ER 1550nm SMF 40KM"
PID: SFP-10G-ER          , VID: V02 , SN: FC1711193097    

NAME: "module mau 0/2/1/2", DESCR: "10GBASE-ER 1550nm SMF 40KM"
PID: SFP-10G-ER          , VID: V01 , SN: CI2103310560    

NAME: "module mau 0/2/1/3", DESCR: "10GBASE-LR SFP Module, Enterprise-Class"
PID: SFP-10G-LR-S        , VID: V01 , SN: CI2103310127    

NAME: "module mau 0/2/1/4", DESCR: "10GBASE-ZR SFP+, SMF 80km"
PID: SFP-10G-ZR          , VID: V02 , SN: CI2201180090    

NAME: "module mau 0/2/1/5", DESCR: "10GBASE-ZR SFP+, SMF 80km"
PID: SFP-10G-ZR          , VID: V02 , SN: CI2201180083    

NAME: "module mau 0/2/1/6", DESCR: "10GBASE-LR SFP+ Module for SMF"
PID: SFP-10G-LR          , VID: V03 , SN: FC2202163524    

NAME: "module mau 0/2/1/7", DESCR: "10GBASE-ER 1550nm SMF 40KM"
PID: SFP-10G-ER          , VID: V01 , SN: FC2202164264    

NAME: "power-module 0/PS0/M0/SP", DESCR: "2kW DC V2 Power Module"
PID: PWR-2KW-DC-V2, VID: V03, SN: ART2133Y031

NAME: "power-module 0/PS0/M1/SP", DESCR: "2kW DC V2 Power Module"
PID: PWR-2KW-DC-V2, VID: V03, SN: ART2133Y02Y

NAME: "power-module 0/PS0/M2/SP", DESCR: "2kW DC V2 Power Module"
PID: PWR-2KW-DC-V2, VID: V03, SN: ART2133Y00Q

NAME: "power-module 0/PS0/M3/SP", DESCR: "2kW DC V2 Power Module"
PID: PWR-2KW-DC-V2, VID: V03, SN: ART2133Y00Y

NAME: "chassis ASR-9006-DC-V2", DESCR: "ASR 9006 4 Line Card Slot Chassis with V2 DC PEM"
PID: ASR-9006-DC-V2, VID: V02, SN: FOX2142P8S7

RP/0/RSP0/CPU0:MTC-VTULDN11#
RP/0/RSP0/CPU0:MTC-VTULDN11#
