
RP/0/RSP0/CPU0:MTC-VLGVLG11#admin show invent
Tue Sep 20 17:02:37.838 GMT
NAME: "module 0/RSP0/CPU0", DESCR: "ASR 9K Route Switch Processor for Transport"
PID: A9K-RSP880-LT-TR, VID: V02, SN: FOC2416KJ8R

NAME: "module 0/RSP1/CPU0", DESCR: "ASR 9K Route Switch Processor for Transport"
PID: A9K-RSP880-LT-TR, VID: V01, SN: FOC2227P10L

NAME: "fantray 0/FT0/SP", DESCR: "ASR 9010 Fan Tray Version 2"
PID: ASR-9010-FAN-V2, VID: V03 , SN: FOC2228NETM

NAME: "fan0 0/FT0/SP", DESCR: "ASR9K Generic Fan"
PID: N/A, VID: N/A, SN: 

NAME: "fan1 0/FT0/SP", DESCR: "ASR9K Generic Fan"
PID: N/A, VID: N/A, SN: 

NAME: "fan2 0/FT0/SP", DESCR: "ASR9K Generic Fan"
PID: N/A, VID: N/A, SN: 

NAME: "fan3 0/FT0/SP", DESCR: "ASR9K Generic Fan"
PID: N/A, VID: N/A, SN: 

NAME: "fan4 0/FT0/SP", DESCR: "ASR9K Generic Fan"
PID: N/A, VID: N/A, SN: 

NAME: "fan5 0/FT0/SP", DESCR: "ASR9K Generic Fan"
PID: N/A, VID: N/A, SN: 

NAME: "fan6 0/FT0/SP", DESCR: "ASR9K Generic Fan"
PID: N/A, VID: N/A, SN: 

NAME: "fan7 0/FT0/SP", DESCR: "ASR9K Generic Fan"
PID: N/A, VID: N/A, SN: 

NAME: "fan8 0/FT0/SP", DESCR: "ASR9K Generic Fan"
PID: N/A, VID: N/A, SN: 

NAME: "fan9 0/FT0/SP", DESCR: "ASR9K Generic Fan"
PID: N/A, VID: N/A, SN: 

NAME: "fan10 0/FT0/SP", DESCR: "ASR9K Generic Fan"
PID: N/A, VID: N/A, SN: 

NAME: "fan11 0/FT0/SP", DESCR: "ASR9K Generic Fan"
PID: N/A, VID: N/A, SN: 

NAME: "fantray 0/FT1/SP", DESCR: "ASR 9010 Fan Tray Version 2"
PID: ASR-9010-FAN-V2, VID: V03 , SN: FOC2224NQ6R

NAME: "fan0 0/FT1/SP", DESCR: "ASR9K Generic Fan"
PID: N/A, VID: N/A, SN: 

NAME: "fan1 0/FT1/SP", DESCR: "ASR9K Generic Fan"
PID: N/A, VID: N/A, SN: 

NAME: "fan2 0/FT1/SP", DESCR: "ASR9K Generic Fan"
PID: N/A, VID: N/A, SN: 

NAME: "fan3 0/FT1/SP", DESCR: "ASR9K Generic Fan"
PID: N/A, VID: N/A, SN: 

NAME: "fan4 0/FT1/SP", DESCR: "ASR9K Generic Fan"
PID: N/A, VID: N/A, SN: 

NAME: "fan5 0/FT1/SP", DESCR: "ASR9K Generic Fan"
PID: N/A, VID: N/A, SN: 

NAME: "fan6 0/FT1/SP", DESCR: "ASR9K Generic Fan"
PID: N/A, VID: N/A, SN: 

NAME: "fan7 0/FT1/SP", DESCR: "ASR9K Generic Fan"
PID: N/A, VID: N/A, SN: 

NAME: "fan8 0/FT1/SP", DESCR: "ASR9K Generic Fan"
PID: N/A, VID: N/A, SN: 

NAME: "fan9 0/FT1/SP", DESCR: "ASR9K Generic Fan"
PID: N/A, VID: N/A, SN: 

NAME: "fan10 0/FT1/SP", DESCR: "ASR9K Generic Fan"
PID: N/A, VID: N/A, SN: 

NAME: "fan11 0/FT1/SP", DESCR: "ASR9K Generic Fan"
PID: N/A, VID: N/A, SN: 

NAME: "module 0/0/CPU0", DESCR: "160G Modular Linecard, Packet Transport Optimized"
PID: A9K-MOD160-TR, VID: V11, SN: FOC2231NAXA

NAME: "module 0/0/0", DESCR: "ASR 9000 8-port 10GE Modular Port Adapter"
PID: A9K-MPA-8X10GE, VID: V04, SN: FOC2223NW80

NAME: "module mau 0/0/0/0", DESCR: "10GBASE-LR SFP+ Module for SMF"
PID: SFP-10G-LR          , VID: V03 , SN: FC1808054987    

NAME: "module mau 0/0/0/1", DESCR: "10GBASE-LR SFP+ Module for SMF"
PID: SFP-10G-LR          , VID: V03 , SN: FC1808054988    

NAME: "module mau 0/0/0/2", DESCR: "10GBASE-LR SFP+ Module for SMF"
PID: SFP-10G-LR          , VID: V03 , SN: FC1808054989    

NAME: "module mau 0/0/0/3", DESCR: "10GBASE-LR SFP+ Module for SMF"
PID: SFP-10G-LR          , VID: V02 , SN: 10GLR20101612   

NAME: "module 0/0/1", DESCR: "ASR 9000 8-port 10GE Modular Port Adapter"
PID: A9K-MPA-8X10GE, VID: V04, SN: FOC2223NW9A

NAME: "TenGigE0/0/1/0", DESCR: "Non-Cisco ACT SFP+ 10G Pluggable Optics Module"
PID: SFP-10GB-LR, VID: 1.0, SN: ACXPL27988      

NAME: "module mau 0/0/1/1", DESCR: "10GBASE-LR SFP+ Module for SMF"
PID: SFP-10G-LR          , VID: V03 , SN: FC1808054984    

NAME: "module mau 0/0/1/2", DESCR: "10GBASE-LR SFP+ Module for SMF"
PID: SFP-10G-LR          , VID: V03 , SN: FC2105190031    

NAME: "module 0/1/CPU0", DESCR: "20-Port, 16x1GE_4xT Packet Transport Optimized LC"
PID: A9K-4T16GE-TR, VID: V04, SN: FOC2230NHRL

NAME: "module mau GigabitEthernet0/1/CPU0/0", DESCR: "1000BASE-LX/LH SFP (DOM), SMF 10Km, MMF 550m"
PID: SFP-GE-L           , VID: V01 , SN: FC1708065065    

NAME: "module mau GigabitEthernet0/1/CPU0/2", DESCR: "1000BASE-LX/LH SFP (DOM), SMF 10Km, MMF 550m"
PID: SFP-GE-L           , VID: V01 , SN: FC1708064860    

NAME: "module mau GigabitEthernet0/1/CPU0/3", DESCR: "1000BASE-LX/LH SFP transceiver module, MMF/SMF, 1310nm, DOM"
PID: GLC-LH-SMD         , VID: V01 , SN: FC1611120334    

NAME: "module mau GigabitEthernet0/1/CPU0/4", DESCR: "1000BASE-LX/LH SFP transceiver module, MMF/SMF, 1310nm, DOM"
PID: GLC-LH-SMD         , VID: V01 , SN: FC1611120333    

NAME: "module mau GigabitEthernet0/1/CPU0/5", DESCR: "1000BASE-LX/LH SFP (DOM), SMF 10Km, MMF 550m"
PID: SFP-GE-L           , VID: V01 , SN: FC1708064859    

NAME: "module 0/2/CPU0", DESCR: "20-Port, 16x1GE_4xT Packet Transport Optimized LC"
PID: A9K-4T16GE-TR, VID: V04, SN: FOC2230NHRQ

NAME: "module mau GigabitEthernet0/2/CPU0/0", DESCR: "1000BASE-LX/LH SFP (DOM), SMF 10Km, MMF 550m"
PID: SFP-GE-L           , VID: V01 , SN: FC1708065064    

NAME: "module mau GigabitEthernet0/2/CPU0/2", DESCR: "1000BASE-LX/LH SFP (DOM), SMF 10Km, MMF 550m"
PID: SFP-GE-L           , VID: V01 , SN: FC1711187300    

NAME: "module mau GigabitEthernet0/2/CPU0/3", DESCR: "1000BASE-LX/LH SFP transceiver module, MMF/SMF, 1310nm, DOM"
PID: GLC-LH-SMD         , VID: V01 , SN: FC1611121284    

NAME: "module mau GigabitEthernet0/2/CPU0/4", DESCR: "1000BASE-LX/LH SFP (DOM), SMF 10Km, MMF 550m"
PID: SFP-GE-L           , VID: V01 , SN: FC1711187297    

NAME: "module mau GigabitEthernet0/2/CPU0/5", DESCR: "1000BASE-LX/LH SFP (DOM), SMF 10Km, MMF 550m"
PID: SFP-GE-L           , VID: V01 , SN: FC1708064858    

NAME: "module mau TenGigE0/2/CPU0/17", DESCR: "10GBASE-ER 1550nm SMF 40KM"
PID: SFP-10G-ER         , VID: V01 , SN: FC1808055319    

NAME: "TenGigE0/2/0/18", DESCR: "Non-Cisco ATOP SFP+ 10G Pluggable Optics Module"
PID: APSP31B33CDL10, VID: A, SN: STHW31190100025 

NAME: "power-module 0/PS0/M0/SP", DESCR: "2kW DC V2 Power Module"
PID: PWR-2KW-DC-V2, VID: V03, SN: ART2226Y0BV

NAME: "power-module 0/PS0/M1/SP", DESCR: "2kW DC V2 Power Module"
PID: PWR-2KW-DC-V2, VID: V03, SN: ART2226Y0E9

NAME: "power-module 0/PS0/M2/SP", DESCR: "2kW DC V2 Power Module"
PID: PWR-2KW-DC-V2, VID: V03, SN: ART2226Y0E8

NAME: "power-module 0/PS1/M0/SP", DESCR: "2kW DC V2 Power Module"
PID: PWR-2KW-DC-V2, VID: V03, SN: ART2226Y0CJ

NAME: "power-module 0/PS1/M1/SP", DESCR: "2kW DC V2 Power Module"
PID: PWR-2KW-DC-V2, VID: V03, SN: ART2226Y0CH

NAME: "power-module 0/PS1/M2/SP", DESCR: "2kW DC V2 Power Module"
PID: PWR-2KW-DC-V2, VID: V03, SN: ART2226Y0EE

NAME: "chassis ASR-9010", DESCR: "ASR 9010 8 Line Card Slot Chassis with V2 DC PEM"
PID: ASR-9010, VID: V01, SN: FOX2229P2GZ

RP/0/RSP0/CPU0:MTC-VLGVLG11#
RP/0/RSP0/CPU0:MTC-VLGVLG11#
