
RP/0/RP0/CPU0:MTC-HCMQ0911#admin show invent
Tue Sep 20 17:02:37.142 GMT
NAME: "module 0/RP0/CPU0", DESCR: "ASR 9922 Route Processor for Packet Transport"
PID: ASR-9922-RP-TR, VID: V06, SN: FOC2028P9YG

NAME: "module 0/RP1/CPU0", DESCR: "ASR 9922 Route Processor for Packet Transport"
PID: ASR-9922-RP-TR, VID: V06, SN: FOC2028P9XK

NAME: "fantray 0/FT0/SP", DESCR: "ASR-9922 Fan Tray V2"
PID: ASR-9922-FAN-V2, VID: V01, SN: FOC2029NGJ7

NAME: "fan0 0/FT0/SP", DESCR: "ASR9K Generic Fan"
PID: N/A, VID: N/A, SN: 

NAME: "fan1 0/FT0/SP", DESCR: "ASR9K Generic Fan"
PID: N/A, VID: N/A, SN: 

NAME: "fan2 0/FT0/SP", DESCR: "ASR9K Generic Fan"
PID: N/A, VID: N/A, SN: 

NAME: "fan3 0/FT0/SP", DESCR: "ASR9K Generic Fan"
PID: N/A, VID: N/A, SN: 

NAME: "fan4 0/FT0/SP", DESCR: "ASR9K Generic Fan"
PID: N/A, VID: N/A, SN: 

NAME: "fan5 0/FT0/SP", DESCR: "ASR9K Generic Fan"
PID: N/A, VID: N/A, SN: 

NAME: "fan6 0/FT0/SP", DESCR: "ASR9K Generic Fan"
PID: N/A, VID: N/A, SN: 

NAME: "fan7 0/FT0/SP", DESCR: "ASR9K Generic Fan"
PID: N/A, VID: N/A, SN: 

NAME: "fan8 0/FT0/SP", DESCR: "ASR9K Generic Fan"
PID: N/A, VID: N/A, SN: 

NAME: "fan9 0/FT0/SP", DESCR: "ASR9K Generic Fan"
PID: N/A, VID: N/A, SN: 

NAME: "fan10 0/FT0/SP", DESCR: "ASR9K Generic Fan"
PID: N/A, VID: N/A, SN: 

NAME: "fan11 0/FT0/SP", DESCR: "ASR9K Generic Fan"
PID: N/A, VID: N/A, SN: 

NAME: "fantray 0/FT1/SP", DESCR: "ASR-9922 Fan Tray V2"
PID: ASR-9922-FAN-V2, VID: V01, SN: FOC2029NGJ6

NAME: "fan0 0/FT1/SP", DESCR: "ASR9K Generic Fan"
PID: N/A, VID: N/A, SN: 

NAME: "fan1 0/FT1/SP", DESCR: "ASR9K Generic Fan"
PID: N/A, VID: N/A, SN: 

NAME: "fan2 0/FT1/SP", DESCR: "ASR9K Generic Fan"
PID: N/A, VID: N/A, SN: 

NAME: "fan3 0/FT1/SP", DESCR: "ASR9K Generic Fan"
PID: N/A, VID: N/A, SN: 

NAME: "fan4 0/FT1/SP", DESCR: "ASR9K Generic Fan"
PID: N/A, VID: N/A, SN: 

NAME: "fan5 0/FT1/SP", DESCR: "ASR9K Generic Fan"
PID: N/A, VID: N/A, SN: 

NAME: "fan6 0/FT1/SP", DESCR: "ASR9K Generic Fan"
PID: N/A, VID: N/A, SN: 

NAME: "fan7 0/FT1/SP", DESCR: "ASR9K Generic Fan"
PID: N/A, VID: N/A, SN: 

NAME: "fan8 0/FT1/SP", DESCR: "ASR9K Generic Fan"
PID: N/A, VID: N/A, SN: 

NAME: "fan9 0/FT1/SP", DESCR: "ASR9K Generic Fan"
PID: N/A, VID: N/A, SN: 

NAME: "fan10 0/FT1/SP", DESCR: "ASR9K Generic Fan"
PID: N/A, VID: N/A, SN: 

NAME: "fan11 0/FT1/SP", DESCR: "ASR9K Generic Fan"
PID: N/A, VID: N/A, SN: 

NAME: "fantray 0/FT2/SP", DESCR: "ASR-9922 Fan Tray V2"
PID: ASR-9922-FAN-V2, VID: V01, SN: FOC2029NGJV

NAME: "fan0 0/FT2/SP", DESCR: "ASR9K Generic Fan"
PID: N/A, VID: N/A, SN: 

NAME: "fan1 0/FT2/SP", DESCR: "ASR9K Generic Fan"
PID: N/A, VID: N/A, SN: 

NAME: "fan2 0/FT2/SP", DESCR: "ASR9K Generic Fan"
PID: N/A, VID: N/A, SN: 

NAME: "fan3 0/FT2/SP", DESCR: "ASR9K Generic Fan"
PID: N/A, VID: N/A, SN: 

NAME: "fan4 0/FT2/SP", DESCR: "ASR9K Generic Fan"
PID: N/A, VID: N/A, SN: 

NAME: "fan5 0/FT2/SP", DESCR: "ASR9K Generic Fan"
PID: N/A, VID: N/A, SN: 

NAME: "fan6 0/FT2/SP", DESCR: "ASR9K Generic Fan"
PID: N/A, VID: N/A, SN: 

NAME: "fan7 0/FT2/SP", DESCR: "ASR9K Generic Fan"
PID: N/A, VID: N/A, SN: 

NAME: "fan8 0/FT2/SP", DESCR: "ASR9K Generic Fan"
PID: N/A, VID: N/A, SN: 

NAME: "fan9 0/FT2/SP", DESCR: "ASR9K Generic Fan"
PID: N/A, VID: N/A, SN: 

NAME: "fan10 0/FT2/SP", DESCR: "ASR9K Generic Fan"
PID: N/A, VID: N/A, SN: 

NAME: "fan11 0/FT2/SP", DESCR: "ASR9K Generic Fan"
PID: N/A, VID: N/A, SN: 

NAME: "fantray 0/FT3/SP", DESCR: "ASR-9922 Fan Tray V2"
PID: ASR-9922-FAN-V2, VID: V01, SN: FOC2029NGK4

NAME: "fan0 0/FT3/SP", DESCR: "ASR9K Generic Fan"
PID: N/A, VID: N/A, SN: 

NAME: "fan1 0/FT3/SP", DESCR: "ASR9K Generic Fan"
PID: N/A, VID: N/A, SN: 

NAME: "fan2 0/FT3/SP", DESCR: "ASR9K Generic Fan"
PID: N/A, VID: N/A, SN: 

NAME: "fan3 0/FT3/SP", DESCR: "ASR9K Generic Fan"
PID: N/A, VID: N/A, SN: 

NAME: "fan4 0/FT3/SP", DESCR: "ASR9K Generic Fan"
PID: N/A, VID: N/A, SN: 

NAME: "fan5 0/FT3/SP", DESCR: "ASR9K Generic Fan"
PID: N/A, VID: N/A, SN: 

NAME: "fan6 0/FT3/SP", DESCR: "ASR9K Generic Fan"
PID: N/A, VID: N/A, SN: 

NAME: "fan7 0/FT3/SP", DESCR: "ASR9K Generic Fan"
PID: N/A, VID: N/A, SN: 

NAME: "fan8 0/FT3/SP", DESCR: "ASR9K Generic Fan"
PID: N/A, VID: N/A, SN: 

NAME: "fan9 0/FT3/SP", DESCR: "ASR9K Generic Fan"
PID: N/A, VID: N/A, SN: 

NAME: "fan10 0/FT3/SP", DESCR: "ASR9K Generic Fan"
PID: N/A, VID: N/A, SN: 

NAME: "fan11 0/FT3/SP", DESCR: "ASR9K Generic Fan"
PID: N/A, VID: N/A, SN: 

NAME: "module 0/0/CPU0", DESCR: "160G Modular Linecard, Packet Transport Optimized"
PID: A9K-MOD160-TR, VID: V09, SN: FOC2037NEJM

NAME: "module 0/0/0", DESCR: "ASR 9000 8-port 10GE Modular Port Adapter"
PID: A9K-MPA-8X10GE, VID: V03, SN: FOC2038NC7W

NAME: "module mau 0/0/0/0", DESCR: "10GBASE-LR SFP+ Module for SMF"
PID: SFP-10G-LR          , VID: V02 , SN: 10GLR20102872   

NAME: "module mau 0/0/0/1", DESCR: "10GBASE-ER 1550nm SMF 40KM"
PID: SFP-10G-ER          , VID: V02 , SN: 10GER2010190008 

NAME: "module mau 0/0/0/2", DESCR: "10GBASE-ER 1550nm SMF 40KM"
PID: SFP-10G-ER          , VID: V02 , SN: 10GER2010190009 

NAME: "module mau 0/0/0/3", DESCR: "10GBASE-ER 1550nm SMF 40KM"
PID: SFP-10G-ER          , VID: V02 , SN: FC1611131010    

NAME: "module mau 0/0/0/4", DESCR: "10GBASE-ER 1550nm SMF 40KM"
PID: SFP-10G-ER          , VID: V02 , SN: FC1611131128    

NAME: "module mau 0/0/0/5", DESCR: "10GBASE-LR SFP+ Module for SMF"
PID: SFP-10G-LR          , VID: V02 , SN: FC1611130157    

NAME: "module mau 0/0/0/6", DESCR: "10GBASE-LR SFP+ Module for SMF"
PID: SFP-10G-LR          , VID: V02 , SN: FC1611130198    

NAME: "module mau 0/0/0/7", DESCR: "10GBASE-LR SFP+ Module for SMF"
PID: SFP-10G-LR          , VID: V02 , SN: FC1611130195    

NAME: "module 0/0/1", DESCR: "ASR 9000 8-port 10GE Modular Port Adapter"
PID: A9K-MPA-8X10GE, VID: V03, SN: FOC2038NCDX

NAME: "module mau 0/0/1/0", DESCR: "10GBASE-LR SFP+ Module for SMF"
PID: SFP-10G-LR          , VID: V03 , SN: FC1711192701    

NAME: "module mau 0/0/1/1", DESCR: "10GBASE-LR SFP+ Module for SMF"
PID: SFP-10G-LR          , VID: V02 , SN: FC1611130707    

NAME: "module mau 0/0/1/2", DESCR: "10GBASE-ER 1550nm SMF 40KM"
PID: SFP-10G-ER          , VID: V02 , SN: FC1611131127    

NAME: "module mau 0/0/1/3", DESCR: "10GBASE-ER 1550nm SMF 40KM"
PID: SFP-10G-ER          , VID: V02 , SN: FC1611131122    

NAME: "module mau 0/0/1/4", DESCR: "10GBASE-ER 1550nm SMF 40KM"
PID: SFP-10G-ER          , VID: V02 , SN: FC1611131125    

NAME: "module mau 0/0/1/5", DESCR: "10GBASE-LR SFP+ Module for SMF"
PID: SFP-10G-LR          , VID: V03 , SN: FC1711192710    

NAME: "module mau 0/0/1/6", DESCR: "10GBASE-LR SFP+ Module for SMF"
PID: SFP-10G-LR          , VID: V03 , SN: FC1711192709    

NAME: "module mau 0/0/1/7", DESCR: "10GBASE-LR SFP+ Module for SMF"
PID: SFP-10G-LR          , VID: V02 , SN: FC1611130793    

NAME: "module 0/1/CPU0", DESCR: "36-port 10GE, Packet Transport Optimized LC"
PID: A9K-36X10GE-TR, VID: V08, SN: FOC2125NHP1

NAME: "module mau TenGigE0/1/CPU0/0", DESCR: "10GBASE-LR SFP+ Module for SMF"
PID: SFP-10G-LR         , VID: V02 , SN: 10GLR201000225  

NAME: "module mau TenGigE0/1/CPU0/1", DESCR: "10GBASE-LR SFP+ Module for SMF"
PID: SFP-10G-LR         , VID: V02 , SN: FC1611130794    

NAME: "module mau TenGigE0/1/CPU0/2", DESCR: "10GBASE-LR SFP+ Module for SMF"
PID: SFP-10G-LR         , VID: V03 , SN: FC1708050327    

NAME: "module mau TenGigE0/1/CPU0/3", DESCR: "10GBASE-ER 1550nm SMF 40KM"
PID: SFP-10G-ER         , VID: V02 , SN: FC1708050508    

NAME: "module mau TenGigE0/1/CPU0/4", DESCR: "10GBASE-ER 1550nm SMF 40KM"
PID: SFP-10G-ER         , VID: V02 , SN: FC1708050505    

NAME: "module mau TenGigE0/1/CPU0/5", DESCR: "10GBASE-ER 1550nm SMF 40KM"
PID: SFP-10G-ER         , VID: V02 , SN: FC1708050523    

NAME: "module mau TenGigE0/1/CPU0/6", DESCR: "10GBASE-ER 1550nm SMF 40KM"
PID: SFP-10G-ER         , VID: V02 , SN: FC1708050577    

NAME: "module mau TenGigE0/1/CPU0/7", DESCR: "10GBASE-ER 1550nm SMF 40KM"
PID: SFP-10G-ER         , VID: V02 , SN: FC1708050592    

NAME: "module mau TenGigE0/1/CPU0/11", DESCR: "10GBASE-LR SFP+ Module for SMF"
PID: SFP-10G-LR         , VID: V02 , SN: 10GLR201000087  

NAME: "module mau TenGigE0/1/CPU0/12", DESCR: "10GBASE-LR SFP+ Module for SMF"
PID: SFP-10G-LR         , VID: V02 , SN: 10GLR201000227  

NAME: "module mau TenGigE0/1/CPU0/13", DESCR: "10GBASE-LR SFP+ Module for SMF"
PID: SFP-10G-LR         , VID: V02 , SN: 10GLR201000240  

NAME: "module mau TenGigE0/1/CPU0/14", DESCR: "10GBASE-LR SFP+ Module for SMF"
PID: SFP-10G-LR         , VID: V02 , SN: 10GLR201000207  

NAME: "module mau TenGigE0/1/CPU0/15", DESCR: "10GBASE-LR SFP+ Module for SMF"
PID: SFP-10G-LR         , VID: V02 , SN: 10GLR201000206  

NAME: "module mau TenGigE0/1/CPU0/16", DESCR: "10GBASE-LR SFP+ Module for SMF"
PID: SFP-10G-LR         , VID: V03 , SN: FC1708050328    

NAME: "module mau TenGigE0/1/CPU0/24", DESCR: "10GBASE-ZR SFP+, SMF 80km"
PID: SFP-10G-ZR         , VID: V02 , SN: CI2103310620    

NAME: "TenGigE0/1/0/25", DESCR: "Non-Cisco TIBTRONIX SFP+ 10G Pluggable Optics Module"
PID: TSPLXG40D, VID: B, SN: CI2008251249    

NAME: "module mau TenGigE0/1/CPU0/26", DESCR: "1000BASE-LX/LH SFP transceiver module, MMF/SMF, 1310nm, DOM"
PID: GLC-LH-SMD         , VID: V01 , SN: FC1611121882    

NAME: "TenGigE0/1/0/27", DESCR: "Non-Cisco OEM SFP+ 10G Pluggable Optics Module"
PID: TSPLXG40D, VID: B, SN: CI2106150759    

NAME: "module 0/9/CPU0", DESCR: "ASR 9000 4-port 100GE Line card"
PID: A9K-4X100GE, VID: V05, SN: FOC2448NZLG

NAME: "HundredGigE0/9/0/0", DESCR: "Non-Cisco MODULETEK Unknown or Unsupported QSFP28 Module"
PID: QSFP-100G-ER4L, VID: 1A, SN: MS1S201224028   

NAME: "HundredGigE0/9/0/1", DESCR: "Non-Cisco MODULETEK Unknown or Unsupported QSFP28 Module"
PID: QSFP-100G-ER4L, VID: 1A, SN: MS1S201224027   

NAME: "HundredGigE0/9/0/2", DESCR: "Non-Cisco ModuleTek QSFP28 100G LR4 Pluggable Optics Module"
PID: QSFP-100G-LR4, VID: 01, SN: MS1S201224009   

NAME: "HundredGigE0/9/0/3", DESCR: "Non-Cisco ModuleTek QSFP28 100G LR4 Pluggable Optics Module"
PID: QSFP-100G-LR4, VID: 01, SN: MS1S201224010   

NAME: "module 0/10/CPU0", DESCR: "160G Modular Linecard, Packet Transport Optimized"
PID: A9K-MOD160-TR, VID: V09, SN: FOC2034NN5G

NAME: "module 0/10/0", DESCR: "ASR 9000 8-port 10GE Modular Port Adapter"
PID: A9K-MPA-8X10GE, VID: V03, SN: FOC2038NC7Q

NAME: "module mau 0/10/0/0", DESCR: "10GBASE-LR SFP+ Module for SMF"
PID: SFP-10G-LR          , VID: V02 , SN: FC1611130399    

NAME: "module mau 0/10/0/1", DESCR: "10GBASE-LR SFP+ Module for SMF"
PID: SFP-10G-LR          , VID: V02 , SN: FC1611130153    

NAME: "module mau 0/10/0/2", DESCR: "10GBASE-LR SFP+ Module for SMF"
PID: SFP-10G-LR          , VID: V02 , SN: FC1611130792    

NAME: "module mau 0/10/0/3", DESCR: "10GBASE-ER 1550nm SMF 40KM"
PID: SFP-10G-ER          , VID: V02 , SN: FC1611131123    

NAME: "module mau 0/10/0/4", DESCR: "10GBASE-ER 1550nm SMF 40KM"
PID: SFP-10G-ER          , VID: V02 , SN: FC1611131023    

NAME: "module mau 0/10/0/5", DESCR: "10GBASE-ER 1550nm SMF 40KM"
PID: SFP-10G-ER          , VID: V02 , SN: FC1611131126    

NAME: "module mau 0/10/0/6", DESCR: "10GBASE-LR SFP+ Module for SMF"
PID: SFP-10G-LR          , VID: V02 , SN: FC1611130127    

NAME: "module mau 0/10/0/7", DESCR: "10GBASE-ER 1550nm SMF 40KM"
PID: SFP-10G-ER          , VID: V02 , SN: FC1611131121    

NAME: "module 0/10/1", DESCR: "ASR 9000 20-port 1GE Modular Port Adapter"
PID: A9K-MPA-20X1GE, VID: V04, SN: FOC2036NG43

NAME: "module mau 0/10/1/0", DESCR: "1000BASE-LX/LH SFP (DOM), SMF 10Km, MMF 550m"
PID: SFP-GE-L            , VID: V01 , SN: FC1711187807    

NAME: "module mau 0/10/1/1", DESCR: "1000BASE-LX/LH SFP (DOM), SMF 10Km, MMF 550m"
PID: SFP-GE-L            , VID: V01 , SN: FC1711187806    

NAME: "module mau 0/10/1/3", DESCR: "1000BASE-LX/LH SFP transceiver module, MMF/SMF, 1310nm, DOM"
PID: GLC-LH-SMD          , VID: V01 , SN: FC1611126744    

NAME: "module mau 0/10/1/4", DESCR: "1000BASE-LX/LH SFP transceiver module, MMF/SMF, 1310nm, DOM"
PID: GLC-LH-SMD          , VID: V01 , SN: FC1611126750    

NAME: "module mau 0/10/1/5", DESCR: "1000BASE-LX/LH SFP transceiver module, MMF/SMF, 1310nm, DOM"
PID: GLC-LH-SMD          , VID: V01 , SN: FC1611126743    

NAME: "module mau 0/10/1/6", DESCR: "1000BASE-LX/LH SFP (DOM), SMF 10Km, MMF 550m"
PID: SFP-GE-L            , VID: V01 , SN: FC1708064988    

NAME: "module mau 0/10/1/7", DESCR: "Unknown or Unsupported CPAK Module"
PID: SFP-GE-E            , VID: V01 , SN: FC1708051026    

NAME: "module mau 0/10/1/9", DESCR: "Unknown or Unsupported CPAK Module"
PID: SFP-GE-E            , VID: V01 , SN: FC1708051053    

NAME: "module mau 0/10/1/13", DESCR: "1000BASE-ZX Gigabit Ethernet SFP (DOM), SMF, 70Km"
PID: SFP-GE-Z            , VID: V01 , SN: ECL133409PV     

NAME: "module 0/11/CPU0", DESCR: "20-Port, 16x1GE_4xT Packet Transport Optimized LC"
PID: A9K-4T16GE-TR, VID: V02, SN: FOC2036NFVP

NAME: "module mau GigabitEthernet0/11/CPU0/0", DESCR: "1000BASE-LX/LH SFP transceiver module, MMF/SMF, 1310nm, DOM"
PID: GLC-LH-SMD         , VID: V01 , SN: FC1611126742    

NAME: "module mau GigabitEthernet0/11/CPU0/1", DESCR: "1000BASE-LX/LH SFP transceiver module, MMF/SMF, 1310nm, DOM"
PID: GLC-LH-SMD         , VID: V01 , SN: FC1611126745    

NAME: "module mau GigabitEthernet0/11/CPU0/2", DESCR: "1000BASE-LX/LH SFP transceiver module, MMF/SMF, 1310nm, DOM"
PID: GLC-LH-SMD         , VID: V01 , SN: FC1611126749    

NAME: "module mau GigabitEthernet0/11/CPU0/3", DESCR: "1000BASE-LX/LH SFP transceiver module, MMF/SMF, 1310nm, DOM"
PID: GLC-LH-SMD         , VID: V01 , SN: FC1611126746    

NAME: "module mau GigabitEthernet0/11/CPU0/4", DESCR: "1000BASE-LX/LH SFP transceiver module, MMF/SMF, 1310nm, DOM"
PID: GLC-LH-SMD         , VID: V01 , SN: FC1611126748    

NAME: "module mau GigabitEthernet0/11/CPU0/5", DESCR: "1000BASE-LX/LH SFP transceiver module, MMF/SMF, 1310nm, DOM"
PID: GLC-LH-SMD         , VID: V01 , SN: FC1611126747    

NAME: "module mau GigabitEthernet0/11/CPU0/8", DESCR: "Unknown or Unsupported SFP Module"
PID: SFP-GE-E           , VID: V01 , SN: FC1708051005    

NAME: "module mau GigabitEthernet0/11/CPU0/10", DESCR: "1000BASE-LX/LH SFP (DOM), SMF 10Km, MMF 550m"
PID: SFP-GE-L           , VID: V01 , SN: FC1711187809    

NAME: "module mau GigabitEthernet0/11/CPU0/11", DESCR: "1000BASE-LX/LH SFP transceiver module, MMF/SMF, 1310nm, DOM"
PID: GLC-LH-SMD         , VID: V01 , SN: FC1611121906    

NAME: "module mau GigabitEthernet0/11/CPU0/13", DESCR: "1000BASE-ZX Gigabit Ethernet SFP (DOM), SMF, 70Km"
PID: SFP-GE-Z           , VID: V01 , SN: ECL13340876     

NAME: "module mau TenGigE0/11/CPU0/16", DESCR: "10GBASE-ER 1550nm SMF 40KM"
PID: SFP-10G-ER         , VID: V02 , SN: FC1611131124    

NAME: "TenGigE0/11/0/17", DESCR: "Non-Cisco OEM SFP+ 10G Pluggable Optics Module"
PID: TSPLXG80D, VID: 00, SN: CI2201180014    

NAME: "module mau TenGigE0/11/CPU0/18", DESCR: "10GBASE-ER 1550nm SMF 40KM"
PID: SFP-10G-ER         , VID: V02 , SN: FC1708050507    

NAME: "module mau TenGigE0/11/CPU0/19", DESCR: "10GBASE-LR SFP+ Module for SMF"
PID: SFP-10G-LR         , VID: V02 , SN: FC1611130147    

NAME: "module 0/12/CPU0", DESCR: "36-port 10GE, Packet Transport Optimized LC"
PID: A9K-36X10GE-TR, VID: V08, SN: FOC2125NHQ6

NAME: "module mau TenGigE0/12/CPU0/0", DESCR: "10GBASE-ER 1550nm SMF 40KM"
PID: SFP-10G-ER         , VID: V02 , SN: MM1S201224499   

NAME: "module mau TenGigE0/12/CPU0/1", DESCR: "10GBASE-ER 1550nm SMF 40KM"
PID: SFP-10G-ER         , VID: V02 , SN: 10GER2010190044 

NAME: "module mau TenGigE0/12/CPU0/2", DESCR: "10GBASE-LR SFP+ Module for SMF"
PID: SFP-10G-LR         , VID: V02 , SN: 10GLR20102761   

NAME: "module mau TenGigE0/12/CPU0/3", DESCR: "10GBASE-LR SFP+ Module for SMF"
PID: SFP-10G-LR         , VID: V02 , SN: AVD2039K2D0     

NAME: "module mau TenGigE0/12/CPU0/4", DESCR: "10GBASE-ER 1550nm SMF 40KM"
PID: SFP-10G-ER         , VID: V02 , SN: 10GER2010190010 

NAME: "TenGigE0/12/0/5", DESCR: "Non-Cisco TIBTRONIX SFP+ 10G Pluggable Optics Module"
PID: TSPLXG40D, VID: B, SN: CI2008251243    

NAME: "module mau TenGigE0/12/CPU0/6", DESCR: "10GBASE-ER 1550nm SMF 40KM"
PID: SFP-10G-ER         , VID: V02 , SN: FC1708050593    

NAME: "module mau TenGigE0/12/CPU0/7", DESCR: "10GBASE-ER 1550nm SMF 40KM"
PID: SFP-10G-ER         , VID: V02 , SN: FC1708050578    

NAME: "module mau TenGigE0/12/CPU0/8", DESCR: "10GBASE-ER 1550nm SMF 40KM"
PID: SFP-10G-ER         , VID: V02 , SN: FC1708050576    

NAME: "module mau TenGigE0/12/CPU0/9", DESCR: "10GBASE-LR SFP+ Module for SMF"
PID: SFP-10G-LR         , VID: V03 , SN: FC1711192407    

NAME: "module mau TenGigE0/12/CPU0/10", DESCR: "10GBASE-ZR SFP+, SMF 80km"
PID: SFP-10G-ZR         , VID: V02 , SN: CI2103310627    

NAME: "module mau TenGigE0/12/CPU0/11", DESCR: "10GBASE-ZR SFP+, SMF 80km"
PID: SFP-10G-ZR         , VID: V02 , SN: CI2103310619    

NAME: "module mau TenGigE0/12/CPU0/12", DESCR: "10GBASE-ZR SFP+, SMF 80km"
PID: SFP-10G-ZR         , VID: V02 , SN: CI2103310618    

NAME: "module mau TenGigE0/12/CPU0/13", DESCR: "10GBASE-LR SFP+ Module for SMF"
PID: SFP-10G-LR         , VID: V02 , SN: 10GLR201000214  

NAME: "module mau TenGigE0/12/CPU0/14", DESCR: "10GBASE-LR SFP+ Module for SMF"
PID: SFP-10G-LR         , VID: V02 , SN: 10GLR201000184  

NAME: "module mau TenGigE0/12/CPU0/16", DESCR: "10GBASE-LR SFP+ Module for SMF"
PID: SFP-10G-LR         , VID: V03 , SN: FC1708050325    

NAME: "module mau TenGigE0/12/CPU0/19", DESCR: "10GBASE-LR SFP+ Module for SMF"
PID: SFP-10G-LR         , VID: V02 , SN: 10GLR20102758   

NAME: "module mau TenGigE0/12/CPU0/20", DESCR: "10GBASE-ER 1550nm SMF 40KM"
PID: SFP-10G-ER         , VID: V02 , SN: MM1S201224438   

NAME: "module mau TenGigE0/12/CPU0/24", DESCR: "10GBASE-LR SFP+ Module for SMF"
PID: SFP-10G-LR         , VID: V02 , SN: 10GLR20102800   

NAME: "module mau TenGigE0/12/CPU0/27", DESCR: "10GBASE-LR SFP+ Module for SMF"
PID: SFP-10G-LR         , VID: V02 , SN: FC1611130335    

NAME: "TenGigE0/12/0/29", DESCR: "Non-Cisco OEM SFP+ 10G Pluggable Optics Module"
PID: TSPLXG80D, VID: 00, SN: CI2201180013    

NAME: "module 0/19/CPU0", DESCR: "ASR 9000 4-port 100GE Line card"
PID: A9K-4X100GE, VID: V05, SN: FOC2448NZK6

NAME: "HundredGigE0/19/0/0", DESCR: "Non-Cisco ModuleTek Unknown or Unsupported QSFP28 Module"
PID: QSFP-100G-ER4L, VID: A1, SN: MS1S201224041   

NAME: "HundredGigE0/19/0/1", DESCR: "Non-Cisco MODULETEK Unknown or Unsupported QSFP28 Module"
PID: QSFP-100G-ER4L, VID: 1A, SN: MS1S201224026   

NAME: "HundredGigE0/19/0/2", DESCR: "Non-Cisco ModuleTek QSFP28 100G LR4 Pluggable Optics Module"
PID: QSFP-100G-LR4, VID: 01, SN: MS1S201224015   

NAME: "HundredGigE0/19/0/3", DESCR: "Non-Cisco ModuleTek QSFP28 100G LR4 Pluggable Optics Module"
PID: QSFP-100G-LR4, VID: 01, SN: MS1S201224016   

NAME: "power-module 0/PS0/M0/SP", DESCR: "2kW DC V2 Power Module"
PID: PWR-2KW-DC-V2, VID: V03, SN: DTM2036003A

NAME: "power-module 0/PS0/M1/SP", DESCR: "2kW DC V2 Power Module"
PID: PWR-2KW-DC-V2, VID: V03, SN: ART2038Y0EE

NAME: "power-module 0/PS0/M2/SP", DESCR: "2kW DC V2 Power Module"
PID: PWR-2KW-DC-V2, VID: V03, SN: ART2121Y089

NAME: "power-module 0/PS1/M0/SP", DESCR: "2kW DC V2 Power Module"
PID: PWR-2KW-DC-V2, VID: V03, SN: DTM2036006D

NAME: "power-module 0/PS1/M1/SP", DESCR: "2kW DC V2 Power Module"
PID: PWR-2KW-DC-V2, VID: V03, SN: ART2038Y0ED

NAME: "power-module 0/PS1/M2/SP", DESCR: "2kW DC V2 Power Module"
PID: PWR-2KW-DC-V2, VID: V03, SN: ART2436Y03N

NAME: "power-module 0/PS2/M0/SP", DESCR: "2kW DC V2 Power Module"
PID: PWR-2KW-DC-V2, VID: V03, SN: DTM2036003D

NAME: "power-module 0/PS2/M1/SP", DESCR: "2kW DC V2 Power Module"
PID: PWR-2KW-DC-V2, VID: V03, SN: DTM202501SL

NAME: "power-module 0/PS2/M2/SP", DESCR: "2kW DC V2 Power Module"
PID: PWR-2KW-DC-V2, VID: V03, SN: ART2436Y04X

NAME: "power-module 0/PS3/M0/SP", DESCR: "2kW DC V2 Power Module"
PID: PWR-2KW-DC-V2, VID: V03, SN: DTM203600FD

NAME: "power-module 0/PS3/M1/SP", DESCR: "2kW DC V2 Power Module"
PID: PWR-2KW-DC-V2, VID: V03, SN: ART2121Y068

NAME: "power-module 0/PS3/M2/SP", DESCR: "2kW DC V2 Power Module"
PID: PWR-2KW-DC-V2, VID: V03, SN: ART2436Y047

NAME: "module 0/FC0/SP", DESCR: "ASR 9922 Switch Fabric Card/110G"
PID: ASR-9922-SFC110, VID: V03, SN: FOC2020N1N6

NAME: "module 0/FC1/SP", DESCR: "ASR 9922 Switch Fabric Card/110G"
PID: ASR-9922-SFC110, VID: V03, SN: FOC2020N1MY

NAME: "module 0/FC2/SP", DESCR: "ASR 9922 Switch Fabric Card/110G"
PID: ASR-9922-SFC110, VID: V03, SN: FOC2020N1NY

NAME: "module 0/FC3/SP", DESCR: "ASR 9922 Switch Fabric Card/110G"
PID: ASR-9922-SFC110, VID: V03, SN: FOC2020N1P0

NAME: "module 0/FC4/SP", DESCR: "ASR 9922 Switch Fabric Card/110G"
PID: ASR-9922-SFC110, VID: V03, SN: FOC2020N1QT

NAME: "chassis ASR-9922-DC", DESCR: "ASR 9922 20 Line Card Slot Chassis with V2 DC PEM"
PID: ASR-9922-DC, VID: V01, SN: FOX2037GCFZ

RP/0/RP0/CPU0:MTC-HCMQ0911#
RP/0/RP0/CPU0:MTC-HCMQ0911#
