
RP/0/RSP0/CPU0:AGG-HCMQ1013#admin show invent
Tue Sep 20 17:02:39.399 GMT
NAME: "module 0/RSP0/CPU0", DESCR: "ASR9K Route Switch Processor with 880G/slot Fabric and 16GB"
PID: A9K-RSP880-TR, VID: V05, SN: FOC2138NSCR

NAME: "module 0/RSP1/CPU0", DESCR: "ASR9K Route Switch Processor with 880G/slot Fabric and 16GB"
PID: A9K-RSP880-TR, VID: V05, SN: FOC2138NSBP

NAME: "fantray 0/FT0/SP", DESCR: "ASR-9006 Fan Tray V2"
PID: ASR-9006-FAN-V2, VID: V01, SN: FOC2141N9XA

NAME: "fan0 0/FT0/SP", DESCR: "ASR9K Generic Fan"
PID: N/A, VID: N/A, SN: 

NAME: "fan1 0/FT0/SP", DESCR: "ASR9K Generic Fan"
PID: N/A, VID: N/A, SN: 

NAME: "fan2 0/FT0/SP", DESCR: "ASR9K Generic Fan"
PID: N/A, VID: N/A, SN: 

NAME: "fan3 0/FT0/SP", DESCR: "ASR9K Generic Fan"
PID: N/A, VID: N/A, SN: 

NAME: "fan4 0/FT0/SP", DESCR: "ASR9K Generic Fan"
PID: N/A, VID: N/A, SN: 

NAME: "fan5 0/FT0/SP", DESCR: "ASR9K Generic Fan"
PID: N/A, VID: N/A, SN: 

NAME: "fantray 0/FT1/SP", DESCR: "ASR-9006 Fan Tray V2"
PID: ASR-9006-FAN-V2, VID: V01, SN: FOC2141N9XJ

NAME: "fan0 0/FT1/SP", DESCR: "ASR9K Generic Fan"
PID: N/A, VID: N/A, SN: 

NAME: "fan1 0/FT1/SP", DESCR: "ASR9K Generic Fan"
PID: N/A, VID: N/A, SN: 

NAME: "fan2 0/FT1/SP", DESCR: "ASR9K Generic Fan"
PID: N/A, VID: N/A, SN: 

NAME: "fan3 0/FT1/SP", DESCR: "ASR9K Generic Fan"
PID: N/A, VID: N/A, SN: 

NAME: "fan4 0/FT1/SP", DESCR: "ASR9K Generic Fan"
PID: N/A, VID: N/A, SN: 

NAME: "fan5 0/FT1/SP", DESCR: "ASR9K Generic Fan"
PID: N/A, VID: N/A, SN: 

NAME: "module 0/0/CPU0", DESCR: "20-Port, 16x1GE_4xT Packet Transport Optimized LC"
PID: A9K-4T16GE-TR, VID: V02, SN: FOC2038NG43

NAME: "module mau TenGigE0/0/CPU0/16", DESCR: "10GBASE-LR SFP+ Module for SMF"
PID: SFP-10G-LR         , VID: V03 , SN: FC1711192379    

NAME: "module mau TenGigE0/0/CPU0/17", DESCR: "10GBASE-LR SFP+ Module for SMF"
PID: SFP-10G-LR         , VID: V03 , SN: FC1711192380    

NAME: "module mau TenGigE0/0/CPU0/18", DESCR: "10GBASE-LR SFP+ Module for SMF"
PID: SFP-10G-LR         , VID: V02 , SN: FC1611130120    

NAME: "module mau TenGigE0/0/CPU0/19", DESCR: "10GBASE-LR SFP+ Module for SMF"
PID: SFP-10G-LR         , VID: V03 , SN: FC1711192424    

NAME: "module 0/1/CPU0", DESCR: "160G Modular Linecard, Packet Transport Optimized"
PID: A9K-MOD160-TR, VID: V10, SN: FOC2137NPXL

NAME: "module 0/1/0", DESCR: "ASR 9000 8-port 10GE Modular Port Adapter"
PID: A9K-MPA-8X10GE, VID: V03, SN: FOC2135N1K6

NAME: "module mau 0/1/0/0", DESCR: "10GBASE-LR SFP+ Module for SMF"
PID: SFP-10G-LR          , VID: V03 , SN: FC1711192421    

NAME: "module mau 0/1/0/1", DESCR: "10GBASE-LR SFP+ Module for SMF"
PID: SFP-10G-LR          , VID: V02 , SN: FC1611130687    

NAME: "module mau 0/1/0/2", DESCR: "10GBASE-LR SFP+ Module for SMF"
PID: SFP-10G-LR          , VID: V02 , SN: FC1611130118    

NAME: "module mau 0/1/0/3", DESCR: "10GBASE-LR SFP+ Module for SMF"
PID: SFP-10G-LR          , VID: V03 , SN: FC1711192422    

NAME: "module mau 0/1/0/4", DESCR: "10GBASE-LR SFP+ Module for SMF"
PID: SFP-10G-LR          , VID: V03 , SN: FC1711192423    

NAME: "module mau 0/1/0/5", DESCR: "10GBASE-LR SFP+ Module for SMF"
PID: SFP-10G-LR          , VID: V02 , SN: FC1611130182    

NAME: "module mau 0/1/0/6", DESCR: "10GBASE-LR SFP+ Module for SMF"
PID: SFP-10G-LR          , VID: V03 , SN: FC1711192426    

NAME: "TenGigE0/1/0/7", DESCR: "Non-Cisco TIBTRONIX SFP+ 10G Pluggable Optics Module"
PID: TSPLXG10D, VID: A, SN: CI2008251001    

NAME: "power-module 0/PS0/M0/SP", DESCR: "2kW DC V2 Power Module"
PID: PWR-2KW-DC-V2, VID: V03, SN: ART2132Y041

NAME: "power-module 0/PS0/M1/SP", DESCR: "2kW DC V2 Power Module"
PID: PWR-2KW-DC-V2, VID: V03, SN: ART2132Y03X

NAME: "power-module 0/PS0/M2/SP", DESCR: "2kW DC V2 Power Module"
PID: PWR-2KW-DC-V2, VID: V03, SN: ART2132Y03K

NAME: "power-module 0/PS0/M3/SP", DESCR: "2kW DC V2 Power Module"
PID: PWR-2KW-DC-V2, VID: V03, SN: ART2436Y04W

NAME: "chassis ASR-9006-DC-V2", DESCR: "ASR 9006 4 Line Card Slot Chassis with V2 DC PEM"
PID: ASR-9006-DC-V2, VID: V02, SN: FOX2142P8SK

RP/0/RSP0/CPU0:AGG-HCMQ1013#
RP/0/RSP0/CPU0:AGG-HCMQ1013#
